<?xml version="1.0" encoding="UTF-8"?>
<coverage generated="1763156767387" clover="3.2.0">
  <project timestamp="1763156767387" name="All files">
    <metrics statements="941" coveredstatements="617" conditionals="453" coveredconditionals="200" methods="176" coveredmethods="114" elements="1570" coveredelements="931" complexity="0" loc="941" ncloc="941" packages="1" files="7" classes="7"/>
    <file name="app.ts" path="/home/rodrigodelbem/projects/chromnotes/src/app.ts">
      <metrics statements="430" coveredstatements="228" conditionals="154" coveredconditionals="47" methods="85" coveredmethods="45"/>
      <line num="1" count="4" type="stmt"/>
      <line num="33" count="4" type="stmt"/>
      <line num="34" count="4" type="stmt"/>
      <line num="42" count="4" type="stmt"/>
      <line num="52" count="4" type="stmt"/>
      <line num="53" count="4" type="stmt"/>
      <line num="55" count="4" type="stmt"/>
      <line num="56" count="4" type="stmt"/>
      <line num="57" count="4" type="stmt"/>
      <line num="58" count="4" type="stmt"/>
      <line num="59" count="4" type="stmt"/>
      <line num="60" count="4" type="stmt"/>
      <line num="61" count="4" type="stmt"/>
      <line num="62" count="4" type="stmt"/>
      <line num="63" count="4" type="cond" truecount="1" falsecount="1"/>
      <line num="64" count="4" type="stmt"/>
      <line num="65" count="4" type="stmt"/>
      <line num="68" count="22" type="stmt"/>
      <line num="72" count="0" type="stmt"/>
      <line num="73" count="0" type="stmt"/>
      <line num="74" count="0" type="stmt"/>
      <line num="75" count="0" type="cond" truecount="0" falsecount="1"/>
      <line num="76" count="0" type="stmt"/>
      <line num="79" count="0" type="stmt"/>
      <line num="80" count="0" type="stmt"/>
      <line num="84" count="6" type="stmt"/>
      <line num="88" count="0" type="stmt"/>
      <line num="89" count="0" type="stmt"/>
      <line num="90" count="0" type="stmt"/>
      <line num="94" count="22" type="stmt"/>
      <line num="95" count="22" type="stmt"/>
      <line num="96" count="22" type="stmt"/>
      <line num="97" count="198" type="stmt"/>
      <line num="99" count="22" type="stmt"/>
      <line num="100" count="22" type="cond" truecount="1" falsecount="1"/>
      <line num="101" count="22" type="stmt"/>
      <line num="102" count="22" type="stmt"/>
      <line num="103" count="44" type="stmt"/>
      <line num="108" count="6" type="cond" truecount="1" falsecount="0"/>
      <line num="109" count="6" type="cond" truecount="2" falsecount="1"/>
      <line num="110" count="0" type="stmt"/>
      <line num="113" count="18" type="stmt"/>
      <line num="114" count="6" type="cond" truecount="1" falsecount="1"/>
      <line num="115" count="6" type="cond" truecount="1" falsecount="1"/>
      <line num="117" count="6" type="stmt"/>
      <line num="118" count="18" type="stmt"/>
      <line num="119" count="18" type="stmt"/>
      <line num="120" count="18" type="stmt"/>
      <line num="121" count="18" type="stmt"/>
      <line num="122" count="18" type="cond" truecount="2" falsecount="0"/>
      <line num="123" count="18" type="cond" truecount="3" falsecount="0"/>
      <line num="124" count="2" type="stmt"/>
      <line num="128" count="6" type="stmt"/>
      <line num="129" count="18" type="stmt"/>
      <line num="130" count="18" type="stmt"/>
      <line num="131" count="18" type="stmt"/>
      <line num="132" count="18" type="cond" truecount="2" falsecount="0"/>
      <line num="133" count="6" type="stmt"/>
      <line num="135" count="12" type="stmt"/>
      <line num="140" count="4" type="stmt"/>
      <line num="143" count="5" type="stmt"/>
      <line num="144" count="5" type="stmt"/>
      <line num="145" count="10" type="cond" truecount="2" falsecount="0"/>
      <line num="146" count="6" type="stmt"/>
      <line num="147" count="6" type="stmt"/>
      <line num="148" count="6" type="stmt"/>
      <line num="150" count="4" type="stmt"/>
      <line num="151" count="4" type="stmt"/>
      <line num="152" count="4" type="stmt"/>
      <line num="156" count="5" type="stmt"/>
      <line num="157" count="5" type="stmt"/>
      <line num="161" count="4" type="stmt"/>
      <line num="162" count="4" type="stmt"/>
      <line num="163" count="4" type="stmt"/>
      <line num="164" count="4" type="stmt"/>
      <line num="171" count="5" type="cond" truecount="2" falsecount="0"/>
      <line num="172" count="5" type="cond" truecount="1" falsecount="0"/>
      <line num="173" count="1" type="stmt"/>
      <line num="175" count="5" type="stmt"/>
      <line num="176" count="5" type="stmt"/>
      <line num="177" count="5" type="cond" truecount="1" falsecount="0"/>
      <line num="178" count="1" type="stmt"/>
      <line num="186" count="4" type="cond" truecount="0" falsecount="1"/>
      <line num="187" count="4" type="cond" truecount="2" falsecount="1"/>
      <line num="188" count="0" type="stmt"/>
      <line num="189" count="0" type="stmt"/>
      <line num="190" count="0" type="stmt"/>
      <line num="193" count="4" type="cond" truecount="1" falsecount="1"/>
      <line num="194" count="4" type="stmt"/>
      <line num="196" count="4" type="cond" truecount="0" falsecount="1"/>
      <line num="197" count="0" type="stmt"/>
      <line num="205" count="5" type="cond" truecount="1" falsecount="0"/>
      <line num="206" count="5" type="stmt"/>
      <line num="207" count="5" type="stmt"/>
      <line num="208" count="5" type="stmt"/>
      <line num="209" count="5" type="stmt"/>
      <line num="210" count="5" type="cond" truecount="2" falsecount="0"/>
      <line num="211" count="3" type="stmt"/>
      <line num="212" count="3" type="stmt"/>
      <line num="213" count="3" type="stmt"/>
      <line num="214" count="3" type="cond" truecount="1" falsecount="1"/>
      <line num="215" count="3" type="stmt"/>
      <line num="217" count="2" type="cond" truecount="0" falsecount="1"/>
      <line num="218" count="0" type="stmt"/>
      <line num="220" count="2" type="stmt"/>
      <line num="222" count="5" type="stmt"/>
      <line num="223" count="5" type="stmt"/>
      <line num="224" count="5" type="stmt"/>
      <line num="225" count="5" type="cond" truecount="1" falsecount="0"/>
      <line num="226" count="1" type="stmt"/>
      <line num="231" count="0" type="stmt"/>
      <line num="232" count="0" type="cond" truecount="0" falsecount="1"/>
      <line num="233" count="0" type="stmt"/>
      <line num="235" count="0" type="stmt"/>
      <line num="239" count="1" type="cond" truecount="0" falsecount="1"/>
      <line num="240" count="1" type="stmt"/>
      <line num="241" count="1" type="stmt"/>
      <line num="242" count="1" type="stmt"/>
      <line num="243" count="1" type="stmt"/>
      <line num="244" count="1" type="stmt"/>
      <line num="245" count="1" type="stmt"/>
      <line num="246" count="1" type="stmt"/>
      <line num="247" count="1" type="stmt"/>
      <line num="251" count="4" type="cond" truecount="1" falsecount="0"/>
      <line num="252" count="0" type="stmt"/>
      <line num="253" count="0" type="stmt"/>
      <line num="254" count="0" type="stmt"/>
      <line num="255" count="0" type="stmt"/>
      <line num="256" count="0" type="stmt"/>
      <line num="257" count="0" type="stmt"/>
      <line num="258" count="0" type="stmt"/>
      <line num="259" count="0" type="stmt"/>
      <line num="263" count="1" type="cond" truecount="1" falsecount="1"/>
      <line num="264" count="0" type="stmt"/>
      <line num="266" count="1" type="stmt"/>
      <line num="271" count="0" type="stmt"/>
      <line num="272" count="0" type="stmt"/>
      <line num="278" count="5" type="cond" truecount="0" falsecount="1"/>
      <line num="279" count="0" type="stmt"/>
      <line num="280" count="0" type="stmt"/>
      <line num="285" count="0" type="cond" truecount="0" falsecount="1"/>
      <line num="286" count="0" type="stmt"/>
      <line num="287" count="0" type="stmt"/>
      <line num="289" count="0" type="stmt"/>
      <line num="291" count="0" type="stmt"/>
      <line num="292" count="0" type="stmt"/>
      <line num="293" count="0" type="stmt"/>
      <line num="294" count="0" type="stmt"/>
      <line num="295" count="0" type="stmt"/>
      <line num="306" count="0" type="stmt"/>
      <line num="316" count="0" type="cond" truecount="0" falsecount="2"/>
      <line num="320" count="0" type="stmt"/>
      <line num="321" count="0" type="cond" truecount="0" falsecount="1"/>
      <line num="322" count="0" type="stmt"/>
      <line num="324" count="0" type="stmt"/>
      <line num="325" count="0" type="cond" truecount="0" falsecount="1"/>
      <line num="326" count="0" type="stmt"/>
      <line num="328" count="0" type="stmt"/>
      <line num="337" count="0" type="stmt"/>
      <line num="338" count="0" type="stmt"/>
      <line num="339" count="0" type="stmt"/>
      <line num="344" count="0" type="stmt"/>
      <line num="345" count="0" type="cond" truecount="0" falsecount="1"/>
      <line num="346" count="0" type="stmt"/>
      <line num="348" count="0" type="cond" truecount="0" falsecount="1"/>
      <line num="349" count="0" type="stmt"/>
      <line num="351" count="0" type="stmt"/>
      <line num="355" count="0" type="stmt"/>
      <line num="356" count="0" type="stmt"/>
      <line num="357" count="0" type="cond" truecount="0" falsecount="3"/>
      <line num="358" count="0" type="stmt"/>
      <line num="361" count="0" type="cond" truecount="0" falsecount="3"/>
      <line num="362" count="0" type="cond" truecount="0" falsecount="1"/>
      <line num="363" count="0" type="stmt"/>
      <line num="365" count="0" type="stmt"/>
      <line num="366" count="0" type="stmt"/>
      <line num="369" count="0" type="stmt"/>
      <line num="370" count="0" type="stmt"/>
      <line num="373" count="0" type="cond" truecount="0" falsecount="2"/>
      <line num="374" count="0" type="stmt"/>
      <line num="375" count="0" type="cond" truecount="0" falsecount="2"/>
      <line num="387" count="0" type="stmt"/>
      <line num="401" count="0" type="cond" truecount="0" falsecount="2"/>
      <line num="402" count="0" type="cond" truecount="0" falsecount="2"/>
      <line num="405" count="0" type="stmt"/>
      <line num="411" count="0" type="stmt"/>
      <line num="412" count="0" type="cond" truecount="0" falsecount="2"/>
      <line num="413" count="0" type="stmt"/>
      <line num="414" count="0" type="stmt"/>
      <line num="416" count="0" type="stmt"/>
      <line num="417" count="0" type="stmt"/>
      <line num="420" count="0" type="stmt"/>
      <line num="421" count="0" type="cond" truecount="0" falsecount="2"/>
      <line num="422" count="0" type="stmt"/>
      <line num="423" count="0" type="cond" truecount="0" falsecount="1"/>
      <line num="424" count="0" type="stmt"/>
      <line num="425" count="0" type="stmt"/>
      <line num="426" count="0" type="stmt"/>
      <line num="428" count="0" type="stmt"/>
      <line num="432" count="0" type="cond" truecount="0" falsecount="1"/>
      <line num="433" count="0" type="stmt"/>
      <line num="434" count="0" type="stmt"/>
      <line num="436" count="0" type="cond" truecount="0" falsecount="1"/>
      <line num="437" count="0" type="stmt"/>
      <line num="438" count="0" type="stmt"/>
      <line num="440" count="0" type="stmt"/>
      <line num="444" count="0" type="stmt"/>
      <line num="445" count="0" type="stmt"/>
      <line num="446" count="0" type="stmt"/>
      <line num="447" count="0" type="stmt"/>
      <line num="448" count="0" type="stmt"/>
      <line num="452" count="0" type="stmt"/>
      <line num="453" count="0" type="cond" truecount="0" falsecount="1"/>
      <line num="455" count="0" type="stmt"/>
      <line num="456" count="0" type="stmt"/>
      <line num="457" count="0" type="stmt"/>
      <line num="458" count="0" type="stmt"/>
      <line num="459" count="0" type="stmt"/>
      <line num="464" count="0" type="stmt"/>
      <line num="465" count="0" type="stmt"/>
      <line num="466" count="0" type="cond" truecount="0" falsecount="1"/>
      <line num="467" count="0" type="stmt"/>
      <line num="469" count="0" type="stmt"/>
      <line num="473" count="5" type="stmt"/>
      <line num="477" count="1" type="stmt"/>
      <line num="478" count="1" type="stmt"/>
      <line num="479" count="1" type="stmt"/>
      <line num="480" count="1" type="stmt"/>
      <line num="484" count="1" type="stmt"/>
      <line num="485" count="1" type="cond" truecount="1" falsecount="1"/>
      <line num="489" count="1" type="stmt"/>
      <line num="490" count="1" type="cond" truecount="0" falsecount="1"/>
      <line num="491" count="0" type="stmt"/>
      <line num="493" count="1" type="stmt"/>
      <line num="497" count="1" type="stmt"/>
      <line num="498" count="1" type="stmt"/>
      <line num="500" count="1" type="stmt"/>
      <line num="501" count="1" type="stmt"/>
      <line num="504" count="1" type="stmt"/>
      <line num="505" count="1" type="stmt"/>
      <line num="506" count="1" type="cond" truecount="2" falsecount="1"/>
      <line num="507" count="1" type="stmt"/>
      <line num="511" count="1" type="stmt"/>
      <line num="513" count="1" type="stmt"/>
      <line num="519" count="1" type="stmt"/>
      <line num="520" count="1" type="stmt"/>
      <line num="521" count="1" type="cond" truecount="1" falsecount="1"/>
      <line num="522" count="2" type="stmt"/>
      <line num="523" count="1" type="cond" truecount="1" falsecount="1"/>
      <line num="525" count="0" type="stmt"/>
      <line num="530" count="1" type="cond" truecount="2" falsecount="1"/>
      <line num="531" count="0" type="stmt"/>
      <line num="532" count="0" type="stmt"/>
      <line num="533" count="0" type="stmt"/>
      <line num="536" count="0" type="stmt"/>
      <line num="541" count="1" type="stmt"/>
      <line num="542" count="1" type="stmt"/>
      <line num="551" count="1" type="stmt"/>
      <line num="552" count="1" type="stmt"/>
      <line num="553" count="1" type="stmt"/>
      <line num="554" count="1" type="stmt"/>
      <line num="556" count="1" type="stmt"/>
      <line num="557" count="1" type="stmt"/>
      <line num="558" count="1" type="stmt"/>
      <line num="559" count="1" type="stmt"/>
      <line num="560" count="1" type="stmt"/>
      <line num="561" count="1" type="stmt"/>
      <line num="563" count="1" type="stmt"/>
      <line num="564" count="1" type="stmt"/>
      <line num="566" count="1" type="stmt"/>
      <line num="567" count="1" type="stmt"/>
      <line num="568" count="1" type="stmt"/>
      <line num="571" count="1" type="cond" truecount="1" falsecount="1"/>
      <line num="572" count="0" type="stmt"/>
      <line num="574" count="1" type="stmt"/>
      <line num="579" count="1" type="stmt"/>
      <line num="580" count="1" type="cond" truecount="1" falsecount="1"/>
      <line num="581" count="1" type="cond" truecount="0" falsecount="1"/>
      <line num="582" count="0" type="stmt"/>
      <line num="585" count="1" type="cond" truecount="0" falsecount="1"/>
      <line num="586" count="0" type="stmt"/>
      <line num="587" count="0" type="stmt"/>
      <line num="590" count="1" type="stmt"/>
      <line num="591" count="1" type="stmt"/>
      <line num="592" count="1" type="stmt"/>
      <line num="593" count="1" type="stmt"/>
      <line num="594" count="1" type="stmt"/>
      <line num="595" count="1" type="cond" truecount="0" falsecount="1"/>
      <line num="596" count="0" type="stmt"/>
      <line num="598" count="1" type="stmt"/>
      <line num="599" count="1" type="cond" truecount="1" falsecount="1"/>
      <line num="601" count="0" type="stmt"/>
      <line num="602" count="0" type="stmt"/>
      <line num="604" count="1" type="stmt"/>
      <line num="605" count="1" type="stmt"/>
      <line num="606" count="1" type="stmt"/>
      <line num="607" count="1" type="stmt"/>
      <line num="613" count="4" type="stmt"/>
      <line num="614" count="0" type="stmt"/>
      <line num="617" count="4" type="stmt"/>
      <line num="618" count="4" type="stmt"/>
      <line num="619" count="4" type="stmt"/>
      <line num="621" count="4" type="stmt"/>
      <line num="622" count="0" type="stmt"/>
      <line num="625" count="4" type="stmt"/>
      <line num="626" count="0" type="stmt"/>
      <line num="629" count="4" type="stmt"/>
      <line num="631" count="4" type="stmt"/>
      <line num="632" count="0" type="cond" truecount="0" falsecount="3"/>
      <line num="633" count="0" type="stmt"/>
      <line num="637" count="4" type="stmt"/>
      <line num="638" count="0" type="cond" truecount="0" falsecount="1"/>
      <line num="639" count="0" type="stmt"/>
      <line num="641" count="0" type="stmt"/>
      <line num="644" count="4" type="stmt"/>
      <line num="645" count="0" type="stmt"/>
      <line num="646" count="0" type="stmt"/>
      <line num="647" count="0" type="stmt"/>
      <line num="650" count="4" type="stmt"/>
      <line num="651" count="0" type="stmt"/>
      <line num="652" count="0" type="stmt"/>
      <line num="653" count="0" type="stmt"/>
      <line num="655" count="0" type="cond" truecount="0" falsecount="2"/>
      <line num="656" count="0" type="cond" truecount="0" falsecount="1"/>
      <line num="657" count="0" type="stmt"/>
      <line num="659" count="0" type="cond" truecount="0" falsecount="1"/>
      <line num="660" count="0" type="stmt"/>
      <line num="663" count="0" type="cond" truecount="0" falsecount="2"/>
      <line num="664" count="0" type="stmt"/>
      <line num="665" count="0" type="stmt"/>
      <line num="667" count="0" type="stmt"/>
      <line num="671" count="4" type="stmt"/>
      <line num="672" count="36" type="stmt"/>
      <line num="673" count="0" type="cond" truecount="0" falsecount="1"/>
      <line num="674" count="0" type="stmt"/>
      <line num="675" count="0" type="stmt"/>
      <line num="676" count="0" type="stmt"/>
      <line num="680" count="4" type="stmt"/>
      <line num="681" count="1" type="stmt"/>
      <line num="682" count="1" type="stmt"/>
      <line num="683" count="1" type="stmt"/>
      <line num="686" count="4" type="stmt"/>
      <line num="687" count="8" type="stmt"/>
      <line num="688" count="1" type="cond" truecount="0" falsecount="1"/>
      <line num="689" count="1" type="cond" truecount="1" falsecount="1"/>
      <line num="690" count="1" type="stmt"/>
      <line num="694" count="4" type="stmt"/>
      <line num="695" count="0" type="stmt"/>
      <line num="696" count="0" type="cond" truecount="0" falsecount="2"/>
      <line num="697" count="0" type="stmt"/>
      <line num="698" count="0" type="stmt"/>
      <line num="701" count="4" type="stmt"/>
      <line num="702" count="0" type="cond" truecount="0" falsecount="1"/>
      <line num="703" count="0" type="stmt"/>
      <line num="704" count="0" type="stmt"/>
      <line num="706" count="0" type="stmt"/>
      <line num="707" count="0" type="stmt"/>
      <line num="710" count="4" type="stmt"/>
      <line num="711" count="1" type="stmt"/>
      <line num="712" count="1" type="stmt"/>
      <line num="715" count="4" type="stmt"/>
      <line num="716" count="2" type="stmt"/>
      <line num="719" count="4" type="stmt"/>
      <line num="720" count="12" type="stmt"/>
      <line num="721" count="1" type="stmt"/>
      <line num="722" count="1" type="cond" truecount="0" falsecount="1"/>
      <line num="723" count="1" type="stmt"/>
      <line num="726" count="12" type="stmt"/>
      <line num="727" count="0" type="cond" truecount="0" falsecount="1"/>
      <line num="728" count="0" type="stmt"/>
      <line num="730" count="0" type="stmt"/>
      <line num="731" count="0" type="stmt"/>
      <line num="732" count="0" type="cond" truecount="0" falsecount="1"/>
      <line num="733" count="0" type="stmt"/>
      <line num="735" count="0" type="cond" truecount="0" falsecount="2"/>
      <line num="737" count="0" type="stmt"/>
      <line num="738" count="0" type="stmt"/>
      <line num="739" count="0" type="stmt"/>
      <line num="740" count="0" type="cond" truecount="0" falsecount="1"/>
      <line num="741" count="0" type="stmt"/>
      <line num="743" count="0" type="stmt"/>
      <line num="747" count="4" type="stmt"/>
      <line num="748" count="0" type="stmt"/>
      <line num="751" count="4" type="stmt"/>
      <line num="752" count="0" type="stmt"/>
      <line num="755" count="4" type="stmt"/>
      <line num="756" count="4" type="stmt"/>
      <line num="757" count="1" type="stmt"/>
      <line num="760" count="4" type="stmt"/>
      <line num="761" count="0" type="stmt"/>
      <line num="764" count="4" type="stmt"/>
      <line num="765" count="0" type="stmt"/>
      <line num="768" count="4" type="stmt"/>
      <line num="769" count="0" type="cond" truecount="0" falsecount="1"/>
      <line num="770" count="0" type="cond" truecount="0" falsecount="3"/>
      <line num="771" count="0" type="stmt"/>
      <line num="772" count="0" type="stmt"/>
      <line num="774" count="0" type="cond" truecount="0" falsecount="1"/>
      <line num="775" count="0" type="stmt"/>
      <line num="781" count="4" type="stmt"/>
      <line num="782" count="4" type="stmt"/>
      <line num="783" count="4" type="stmt"/>
      <line num="784" count="4" type="stmt"/>
      <line num="785" count="4" type="stmt"/>
      <line num="787" count="4" type="stmt"/>
      <line num="788" count="4" type="stmt"/>
      <line num="789" count="4" type="cond" truecount="1" falsecount="1"/>
      <line num="792" count="4" type="stmt"/>
      <line num="793" count="4" type="stmt"/>
      <line num="794" count="4" type="stmt"/>
      <line num="796" count="4" type="cond" truecount="1" falsecount="1"/>
      <line num="797" count="0" type="stmt"/>
      <line num="798" count="0" type="cond" truecount="0" falsecount="2"/>
      <line num="799" count="0" type="stmt"/>
      <line num="801" count="0" type="stmt"/>
      <line num="802" count="0" type="stmt"/>
      <line num="805" count="4" type="stmt"/>
      <line num="808" count="4" type="stmt"/>
      <line num="809" count="4" type="stmt"/>
      <line num="811" count="4" type="stmt"/>
      <line num="812" count="0" type="cond" truecount="0" falsecount="1"/>
      <line num="813" count="0" type="stmt"/>
      <line num="814" count="0" type="stmt"/>
      <line num="815" count="0" type="stmt"/>
      <line num="816" count="0" type="stmt"/>
      <line num="817" count="0" type="stmt"/>
      <line num="818" count="0" type="stmt"/>
      <line num="819" count="0" type="stmt"/>
      <line num="820" count="0" type="stmt"/>
      <line num="823" count="4" type="stmt"/>
    </file>
    <file name="dom.ts" path="/home/rodrigodelbem/projects/chromnotes/src/dom.ts">
      <metrics statements="52" coveredstatements="47" conditionals="5" coveredconditionals="0" methods="1" coveredmethods="1"/>
      <line num="1" count="4" type="stmt"/>
      <line num="2" count="124" type="stmt"/>
      <line num="3" count="124" type="cond" truecount="0" falsecount="1"/>
      <line num="4" count="0" type="stmt"/>
      <line num="6" count="124" type="stmt"/>
      <line num="9" count="4" type="stmt"/>
      <line num="10" count="4" type="stmt"/>
      <line num="11" count="4" type="stmt"/>
      <line num="12" count="4" type="stmt"/>
      <line num="13" count="4" type="stmt"/>
      <line num="14" count="4" type="stmt"/>
      <line num="15" count="4" type="stmt"/>
      <line num="16" count="4" type="stmt"/>
      <line num="17" count="4" type="stmt"/>
      <line num="18" count="4" type="stmt"/>
      <line num="19" count="4" type="stmt"/>
      <line num="20" count="4" type="stmt"/>
      <line num="21" count="4" type="stmt"/>
      <line num="22" count="4" type="stmt"/>
      <line num="23" count="4" type="stmt"/>
      <line num="24" count="4" type="stmt"/>
      <line num="25" count="4" type="stmt"/>
      <line num="26" count="4" type="stmt"/>
      <line num="27" count="4" type="stmt"/>
      <line num="28" count="4" type="stmt"/>
      <line num="30" count="4" type="stmt"/>
      <line num="31" count="4" type="cond" truecount="0" falsecount="1"/>
      <line num="32" count="0" type="stmt"/>
      <line num="34" count="4" type="stmt"/>
      <line num="35" count="4" type="stmt"/>
      <line num="36" count="4" type="cond" truecount="0" falsecount="1"/>
      <line num="37" count="0" type="stmt"/>
      <line num="39" count="4" type="stmt"/>
      <line num="40" count="4" type="stmt"/>
      <line num="41" count="4" type="stmt"/>
      <line num="42" count="4" type="stmt"/>
      <line num="43" count="4" type="stmt"/>
      <line num="44" count="4" type="stmt"/>
      <line num="45" count="4" type="stmt"/>
      <line num="46" count="4" type="stmt"/>
      <line num="47" count="4" type="stmt"/>
      <line num="48" count="4" type="stmt"/>
      <line num="49" count="4" type="stmt"/>
      <line num="50" count="4" type="stmt"/>
      <line num="52" count="4" type="stmt"/>
      <line num="56" count="4" type="cond" truecount="0" falsecount="1"/>
      <line num="57" count="0" type="stmt"/>
      <line num="60" count="4" type="stmt"/>
      <line num="62" count="4" type="stmt"/>
      <line num="66" count="4" type="cond" truecount="0" falsecount="1"/>
      <line num="67" count="0" type="stmt"/>
      <line num="70" count="4" type="stmt"/>
    </file>
    <file name="editor.ts" path="/home/rodrigodelbem/projects/chromnotes/src/editor.ts">
      <metrics statements="127" coveredstatements="86" conditionals="68" coveredconditionals="21" methods="37" coveredmethods="27"/>
      <line num="1" count="8" type="stmt"/>
      <line num="8" count="8" type="stmt"/>
      <line num="9" count="8" type="stmt"/>
      <line num="10" count="8" type="stmt"/>
      <line num="11" count="8" type="stmt"/>
      <line num="12" count="8" type="stmt"/>
      <line num="13" count="8" type="stmt"/>
      <line num="14" count="8" type="stmt"/>
      <line num="15" count="8" type="stmt"/>
      <line num="17" count="8" type="stmt"/>
      <line num="18" count="8" type="stmt"/>
      <line num="19" count="8" type="stmt"/>
      <line num="20" count="8" type="stmt"/>
      <line num="21" count="8" type="stmt"/>
      <line num="22" count="8" type="stmt"/>
      <line num="24" count="8" type="cond" truecount="1" falsecount="1"/>
      <line num="34" count="8" type="stmt"/>
      <line num="43" count="5" type="stmt"/>
      <line num="47" count="13" type="stmt"/>
      <line num="48" count="13" type="stmt"/>
      <line num="58" count="4" type="stmt"/>
      <line num="59" count="4" type="stmt"/>
      <line num="60" count="4" type="stmt"/>
      <line num="61" count="5" type="stmt"/>
      <line num="62" count="5" type="cond" truecount="1" falsecount="2"/>
      <line num="63" count="5" type="stmt"/>
      <line num="68" count="4" type="cond" truecount="0" falsecount="1"/>
      <line num="69" count="0" type="stmt"/>
      <line num="72" count="4" type="stmt"/>
      <line num="76" count="9" type="cond" truecount="0" falsecount="1"/>
      <line num="77" count="0" type="stmt"/>
      <line num="79" count="9" type="stmt"/>
      <line num="81" count="11" type="cond" truecount="0" falsecount="1"/>
      <line num="82" count="11" type="stmt"/>
      <line num="83" count="11" type="cond" truecount="3" falsecount="6"/>
      <line num="85" count="9" type="cond" truecount="1" falsecount="1"/>
      <line num="86" count="9" type="stmt"/>
      <line num="89" count="0" type="cond" truecount="0" falsecount="2"/>
      <line num="90" count="0" type="cond" truecount="0" falsecount="2"/>
      <line num="91" count="0" type="stmt"/>
      <line num="94" count="1" type="cond" truecount="1" falsecount="1"/>
      <line num="97" count="1" type="stmt"/>
      <line num="98" count="2" type="cond" truecount="1" falsecount="1"/>
      <line num="100" count="1" type="stmt"/>
      <line num="103" count="1" type="cond" truecount="1" falsecount="1"/>
      <line num="106" count="1" type="stmt"/>
      <line num="107" count="2" type="cond" truecount="2" falsecount="1"/>
      <line num="108" count="2" type="stmt"/>
      <line num="109" count="2" type="cond" truecount="1" falsecount="1"/>
      <line num="110" count="2" type="cond" truecount="2" falsecount="0"/>
      <line num="111" count="2" type="cond" truecount="1" falsecount="1"/>
      <line num="113" count="1" type="stmt"/>
      <line num="116" count="0" type="cond" truecount="0" falsecount="2"/>
      <line num="117" count="0" type="stmt"/>
      <line num="121" count="0" type="cond" truecount="0" falsecount="2"/>
      <line num="122" count="0" type="cond" truecount="0" falsecount="1"/>
      <line num="123" count="0" type="stmt"/>
      <line num="125" count="0" type="stmt"/>
      <line num="128" count="0" type="cond" truecount="0" falsecount="2"/>
      <line num="129" count="0" type="cond" truecount="0" falsecount="2"/>
      <line num="130" count="0" type="stmt"/>
      <line num="133" count="0" type="stmt"/>
      <line num="136" count="11" type="stmt"/>
      <line num="142" count="17" type="stmt"/>
      <line num="144" count="19" type="cond" truecount="1" falsecount="1"/>
      <line num="155" count="5" type="cond" truecount="0" falsecount="1"/>
      <line num="156" count="0" type="stmt"/>
      <line num="158" count="5" type="cond" truecount="0" falsecount="1"/>
      <line num="159" count="0" type="stmt"/>
      <line num="160" count="0" type="stmt"/>
      <line num="163" count="5" type="stmt"/>
      <line num="167" count="8" type="cond" truecount="0" falsecount="1"/>
      <line num="168" count="0" type="stmt"/>
      <line num="170" count="8" type="cond" truecount="1" falsecount="0"/>
      <line num="171" count="4" type="stmt"/>
      <line num="173" count="4" type="stmt"/>
      <line num="177" count="9" type="stmt"/>
      <line num="178" count="9" type="stmt"/>
      <line num="181" count="8" type="stmt"/>
      <line num="182" count="2" type="stmt"/>
      <line num="185" count="8" type="stmt"/>
      <line num="186" count="0" type="stmt"/>
      <line num="189" count="8" type="stmt"/>
      <line num="190" count="0" type="cond" truecount="0" falsecount="1"/>
      <line num="191" count="0" type="stmt"/>
      <line num="193" count="0" type="stmt"/>
      <line num="194" count="0" type="stmt"/>
      <line num="195" count="0" type="stmt"/>
      <line num="196" count="0" type="stmt"/>
      <line num="197" count="0" type="stmt"/>
      <line num="199" count="0" type="stmt"/>
      <line num="203" count="8" type="cond" truecount="0" falsecount="1"/>
      <line num="204" count="8" type="stmt"/>
      <line num="205" count="8" type="stmt"/>
      <line num="207" count="8" type="cond" truecount="1" falsecount="0"/>
      <line num="208" count="2" type="stmt"/>
      <line num="211" count="6" type="stmt"/>
      <line num="212" count="6" type="stmt"/>
      <line num="216" count="5" type="stmt"/>
      <line num="218" count="1" type="cond" truecount="0" falsecount="1"/>
      <line num="219" count="0" type="stmt"/>
      <line num="221" count="1" type="stmt"/>
      <line num="224" count="0" type="stmt"/>
      <line num="228" count="8" type="stmt"/>
      <line num="229" count="3" type="stmt"/>
      <line num="232" count="8" type="stmt"/>
      <line num="233" count="7" type="cond" truecount="0" falsecount="1"/>
      <line num="234" count="0" type="stmt"/>
      <line num="237" count="7" type="stmt"/>
      <line num="238" count="7" type="stmt"/>
      <line num="241" count="7" type="stmt"/>
      <line num="249" count="3" type="stmt"/>
      <line num="250" count="3" type="stmt"/>
      <line num="253" count="1" type="stmt"/>
      <line num="254" count="1" type="stmt"/>
      <line num="261" count="7" type="stmt"/>
      <line num="262" count="0" type="stmt"/>
      <line num="263" count="0" type="stmt"/>
      <line num="264" count="0" type="stmt"/>
      <line num="265" count="0" type="stmt"/>
      <line num="266" count="0" type="cond" truecount="0" falsecount="2"/>
      <line num="267" count="0" type="cond" truecount="0" falsecount="2"/>
      <line num="268" count="0" type="stmt"/>
      <line num="271" count="0" type="cond" truecount="0" falsecount="1"/>
      <line num="272" count="0" type="stmt"/>
      <line num="275" count="0" type="stmt"/>
      <line num="284" count="7" type="stmt"/>
    </file>
    <file name="modal.ts" path="/home/rodrigodelbem/projects/chromnotes/src/modal.ts">
      <metrics statements="37" coveredstatements="36" conditionals="4" coveredconditionals="4" methods="8" coveredmethods="7"/>
      <line num="1" count="10" type="stmt"/>
      <line num="3" count="10" type="stmt"/>
      <line num="5" count="10" type="stmt"/>
      <line num="6" count="2" type="stmt"/>
      <line num="9" count="10" type="stmt"/>
      <line num="10" count="0" type="stmt"/>
      <line num="13" count="10" type="stmt"/>
      <line num="14" count="17" type="cond" truecount="2" falsecount="0"/>
      <line num="15" count="8" type="stmt"/>
      <line num="16" count="8" type="stmt"/>
      <line num="17" count="8" type="stmt"/>
      <line num="19" count="9" type="stmt"/>
      <line num="20" count="9" type="stmt"/>
      <line num="21" count="9" type="stmt"/>
      <line num="25" count="10" type="stmt"/>
      <line num="26" count="7" type="stmt"/>
      <line num="27" count="7" type="stmt"/>
      <line num="30" count="10" type="stmt"/>
      <line num="31" count="2" type="stmt"/>
      <line num="34" count="10" type="stmt"/>
      <line num="35" count="6" type="stmt"/>
      <line num="36" count="6" type="stmt"/>
      <line num="37" count="6" type="stmt"/>
      <line num="38" count="6" type="stmt"/>
      <line num="39" count="6" type="cond" truecount="1" falsecount="0"/>
      <line num="40" count="3" type="stmt"/>
      <line num="42" count="6" type="stmt"/>
      <line num="43" count="5" type="stmt"/>
      <line num="44" count="5" type="stmt"/>
      <line num="48" count="10" type="stmt"/>
      <line num="49" count="8" type="cond" truecount="1" falsecount="0"/>
      <line num="50" count="1" type="stmt"/>
      <line num="51" count="1" type="stmt"/>
      <line num="53" count="7" type="stmt"/>
      <line num="54" count="7" type="stmt"/>
      <line num="55" count="7" type="stmt"/>
      <line num="56" count="7" type="stmt"/>
    </file>
    <file name="state.ts" path="/home/rodrigodelbem/projects/chromnotes/src/state.ts">
      <metrics statements="176" coveredstatements="118" conditionals="176" coveredconditionals="101" methods="31" coveredmethods="24"/>
      <line num="1" count="5" type="stmt"/>
      <line num="11" count="5" type="stmt"/>
      <line num="14" count="5" type="cond" truecount="1" falsecount="2"/>
      <line num="19" count="5" type="cond" truecount="1" falsecount="2"/>
      <line num="23" count="5" type="cond" truecount="1" falsecount="1"/>
      <line num="25" count="5" type="stmt"/>
      <line num="28" count="13" type="cond" truecount="3" falsecount="0"/>
      <line num="29" count="4" type="stmt"/>
      <line num="31" count="9" type="stmt"/>
      <line num="32" count="9" type="cond" truecount="0" falsecount="1"/>
      <line num="33" count="0" type="stmt"/>
      <line num="35" count="9" type="stmt"/>
      <line num="36" count="9" type="cond" truecount="2" falsecount="1"/>
      <line num="37" count="0" type="stmt"/>
      <line num="39" count="9" type="stmt"/>
      <line num="40" count="9" type="cond" truecount="3" falsecount="0"/>
      <line num="43" count="9" type="cond" truecount="0" falsecount="1"/>
      <line num="44" count="0" type="stmt"/>
      <line num="47" count="9" type="stmt"/>
      <line num="53" count="9" type="stmt"/>
      <line num="57" count="18" type="cond" truecount="1" falsecount="0"/>
      <line num="58" count="8" type="stmt"/>
      <line num="60" count="10" type="stmt"/>
      <line num="62" count="13" type="cond" truecount="2" falsecount="1"/>
      <line num="63" count="13" type="stmt"/>
      <line num="64" count="13" type="cond" truecount="0" falsecount="1"/>
      <line num="69" count="0" type="stmt"/>
      <line num="71" count="13" type="stmt"/>
      <line num="84" count="13" type="stmt"/>
      <line num="87" count="5" type="stmt"/>
      <line num="88" count="1" type="stmt"/>
      <line num="92" count="49" type="stmt"/>
      <line num="93" count="15" type="stmt"/>
      <line num="94" count="15" type="cond" truecount="0" falsecount="1"/>
      <line num="95" count="0" type="stmt"/>
      <line num="97" count="15" type="cond" truecount="1" falsecount="0"/>
      <line num="98" count="9" type="stmt"/>
      <line num="100" count="15" type="stmt"/>
      <line num="101" count="15" type="stmt"/>
      <line num="106" count="60" type="cond" truecount="2" falsecount="0"/>
      <line num="110" count="11" type="cond" truecount="1" falsecount="0"/>
      <line num="111" count="3" type="stmt"/>
      <line num="113" count="8" type="stmt"/>
      <line num="117" count="54" type="cond" truecount="4" falsecount="1"/>
      <line num="118" count="16" type="stmt"/>
      <line num="120" count="38" type="stmt"/>
      <line num="124" count="46" type="cond" truecount="2" falsecount="1"/>
      <line num="125" count="0" type="stmt"/>
      <line num="127" count="46" type="stmt"/>
      <line num="131" count="46" type="cond" truecount="2" falsecount="1"/>
      <line num="132" count="0" type="stmt"/>
      <line num="134" count="46" type="stmt"/>
      <line num="138" count="7" type="cond" truecount="1" falsecount="2"/>
      <line num="139" count="0" type="stmt"/>
      <line num="141" count="7" type="cond" truecount="2" falsecount="1"/>
      <line num="142" count="0" type="stmt"/>
      <line num="144" count="7" type="stmt"/>
      <line num="148" count="11" type="stmt"/>
      <line num="149" count="11" type="stmt"/>
      <line num="150" count="11" type="stmt"/>
      <line num="152" count="11" type="cond" truecount="4" falsecount="0"/>
      <line num="156" count="11" type="stmt"/>
      <line num="179" count="0" type="stmt"/>
      <line num="180" count="0" type="cond" truecount="0" falsecount="1"/>
      <line num="181" count="0" type="stmt"/>
      <line num="184" count="0" type="stmt"/>
      <line num="185" count="0" type="stmt"/>
      <line num="186" count="0" type="stmt"/>
      <line num="200" count="0" type="cond" truecount="0" falsecount="1"/>
      <line num="201" count="0" type="stmt"/>
      <line num="205" count="0" type="stmt"/>
      <line num="206" count="0" type="stmt"/>
      <line num="208" count="0" type="stmt"/>
      <line num="212" count="0" type="stmt"/>
      <line num="213" count="0" type="stmt"/>
      <line num="222" count="7" type="stmt"/>
      <line num="223" count="7" type="cond" truecount="1" falsecount="0"/>
      <line num="224" count="7" type="stmt"/>
      <line num="227" count="0" type="stmt"/>
      <line num="228" count="0" type="stmt"/>
      <line num="229" count="0" type="stmt"/>
      <line num="230" count="0" type="cond" truecount="0" falsecount="1"/>
      <line num="231" count="0" type="stmt"/>
      <line num="232" count="0" type="stmt"/>
      <line num="233" count="0" type="stmt"/>
      <line num="235" count="0" type="stmt"/>
      <line num="238" count="0" type="stmt"/>
      <line num="239" count="0" type="stmt"/>
      <line num="244" count="5" type="stmt"/>
      <line num="245" count="67" type="stmt"/>
      <line num="248" count="5" type="stmt"/>
      <line num="249" count="27" type="stmt"/>
      <line num="254" count="27" type="cond" truecount="2" falsecount="0"/>
      <line num="255" count="5" type="stmt"/>
      <line num="256" count="22" type="cond" truecount="0" falsecount="1"/>
      <line num="257" count="0" type="stmt"/>
      <line num="260" count="27" type="cond" truecount="2" falsecount="0"/>
      <line num="261" count="27" type="cond" truecount="2" falsecount="0"/>
      <line num="262" count="27" type="stmt"/>
      <line num="264" count="27" type="stmt"/>
      <line num="265" count="27" type="cond" truecount="2" falsecount="1"/>
      <line num="266" count="27" type="stmt"/>
      <line num="268" count="27" type="cond" truecount="2" falsecount="0"/>
      <line num="269" count="27" type="stmt"/>
      <line num="271" count="27" type="cond" truecount="1" falsecount="1"/>
      <line num="277" count="27" type="cond" truecount="2" falsecount="2"/>
      <line num="278" count="27" type="cond" truecount="1" falsecount="0"/>
      <line num="279" count="27" type="stmt"/>
      <line num="282" count="27" type="stmt"/>
      <line num="287" count="27" type="stmt"/>
      <line num="292" count="27" type="stmt"/>
      <line num="293" count="27" type="stmt"/>
      <line num="296" count="5" type="stmt"/>
      <line num="297" count="8" type="stmt"/>
      <line num="298" count="8" type="stmt"/>
      <line num="322" count="8" type="cond" truecount="2" falsecount="2"/>
      <line num="324" count="8" type="stmt"/>
      <line num="327" count="5" type="stmt"/>
      <line num="328" count="5" type="stmt"/>
      <line num="329" count="5" type="stmt"/>
      <line num="331" count="5" type="cond" truecount="0" falsecount="1"/>
      <line num="332" count="0" type="stmt"/>
      <line num="333" count="0" type="cond" truecount="0" falsecount="3"/>
      <line num="334" count="0" type="stmt"/>
      <line num="335" count="0" type="stmt"/>
      <line num="339" count="5" type="cond" truecount="2" falsecount="1"/>
      <line num="340" count="0" type="stmt"/>
      <line num="341" count="0" type="cond" truecount="0" falsecount="3"/>
      <line num="342" count="0" type="stmt"/>
      <line num="343" count="0" type="stmt"/>
      <line num="347" count="5" type="cond" truecount="1" falsecount="2"/>
      <line num="348" count="0" type="stmt"/>
      <line num="352" count="0" type="stmt"/>
      <line num="353" count="0" type="cond" truecount="0" falsecount="3"/>
      <line num="354" count="0" type="stmt"/>
      <line num="360" count="0" type="cond" truecount="0" falsecount="4"/>
      <line num="361" count="0" type="stmt"/>
      <line num="364" count="5" type="stmt"/>
      <line num="365" count="5" type="stmt"/>
      <line num="366" count="5" type="cond" truecount="1" falsecount="0"/>
      <line num="367" count="2" type="stmt"/>
      <line num="369" count="3" type="stmt"/>
      <line num="370" count="3" type="stmt"/>
      <line num="371" count="3" type="cond" truecount="1" falsecount="1"/>
      <line num="372" count="3" type="stmt"/>
      <line num="378" count="3" type="cond" truecount="2" falsecount="2"/>
      <line num="379" count="3" type="stmt"/>
      <line num="381" count="0" type="stmt"/>
      <line num="382" count="0" type="stmt"/>
      <line num="386" count="5" type="stmt"/>
      <line num="387" count="7" type="stmt"/>
      <line num="388" count="7" type="stmt"/>
      <line num="390" count="7" type="cond" truecount="1" falsecount="2"/>
      <line num="391" count="0" type="stmt"/>
      <line num="392" count="0" type="cond" truecount="0" falsecount="2"/>
      <line num="393" count="0" type="stmt"/>
      <line num="394" count="0" type="cond" truecount="0" falsecount="1"/>
      <line num="395" count="0" type="stmt"/>
      <line num="398" count="0" type="stmt"/>
      <line num="399" count="0" type="stmt"/>
      <line num="403" count="7" type="cond" truecount="1" falsecount="0"/>
      <line num="404" count="7" type="stmt"/>
      <line num="405" count="7" type="stmt"/>
      <line num="408" count="7" type="stmt"/>
      <line num="409" count="7" type="stmt"/>
      <line num="412" count="5" type="stmt"/>
      <line num="413" count="16" type="stmt"/>
      <line num="416" count="5" type="stmt"/>
      <line num="417" count="3" type="stmt"/>
      <line num="418" count="3" type="stmt"/>
      <line num="426" count="5" type="stmt"/>
      <line num="427" count="0" type="stmt"/>
      <line num="430" count="5" type="stmt"/>
      <line num="431" count="0" type="stmt"/>
      <line num="434" count="5" type="stmt"/>
      <line num="435" count="4" type="stmt"/>
    </file>
    <file name="types.ts" path="/home/rodrigodelbem/projects/chromnotes/src/types.ts">
      <metrics statements="3" coveredstatements="3" conditionals="0" coveredconditionals="0" methods="0" coveredmethods="0"/>
      <line num="3" count="6" type="stmt"/>
      <line num="42" count="6" type="stmt"/>
      <line num="44" count="6" type="stmt"/>
    </file>
    <file name="view.ts" path="/home/rodrigodelbem/projects/chromnotes/src/view.ts">
      <metrics statements="116" coveredstatements="99" conditionals="46" coveredconditionals="27" methods="14" coveredmethods="10"/>
      <line num="1" count="4" type="stmt"/>
      <line num="15" count="4" type="stmt"/>
      <line num="16" count="4" type="stmt"/>
      <line num="20" count="1" type="cond" truecount="2" falsecount="1"/>
      <line num="21" count="1" type="stmt"/>
      <line num="24" count="4" type="stmt"/>
      <line num="25" count="5" type="stmt"/>
      <line num="26" count="5" type="cond" truecount="2" falsecount="0"/>
      <line num="27" count="5" type="stmt"/>
      <line num="29" count="5" type="stmt"/>
      <line num="30" count="2" type="stmt"/>
      <line num="34" count="4" type="stmt"/>
      <line num="35" count="5" type="cond" truecount="2" falsecount="0"/>
      <line num="36" count="1" type="stmt"/>
      <line num="37" count="1" type="stmt"/>
      <line num="38" count="1" type="stmt"/>
      <line num="39" count="1" type="stmt"/>
      <line num="40" count="1" type="stmt"/>
      <line num="42" count="4" type="stmt"/>
      <line num="43" count="4" type="stmt"/>
      <line num="44" count="4" type="stmt"/>
      <line num="45" count="4" type="stmt"/>
      <line num="46" count="4" type="stmt"/>
      <line num="50" count="4" type="cond" truecount="0" falsecount="1"/>
      <line num="51" count="6" type="stmt"/>
      <line num="52" count="6" type="stmt"/>
      <line num="53" count="6" type="stmt"/>
      <line num="54" count="6" type="stmt"/>
      <line num="56" count="6" type="cond" truecount="1" falsecount="2"/>
      <line num="57" count="0" type="stmt"/>
      <line num="60" count="6" type="stmt"/>
      <line num="61" count="6" type="stmt"/>
      <line num="62" count="6" type="stmt"/>
      <line num="63" count="6" type="cond" truecount="2" falsecount="0"/>
      <line num="64" count="6" type="stmt"/>
      <line num="66" count="6" type="stmt"/>
      <line num="67" count="1" type="stmt"/>
      <line num="68" count="1" type="stmt"/>
      <line num="69" count="1" type="stmt"/>
      <line num="70" count="1" type="stmt"/>
      <line num="73" count="6" type="cond" truecount="2" falsecount="0"/>
      <line num="74" count="6" type="cond" truecount="1" falsecount="1"/>
      <line num="75" count="6" type="stmt"/>
      <line num="77" count="6" type="cond" truecount="2" falsecount="0"/>
      <line num="78" count="6" type="cond" truecount="1" falsecount="1"/>
      <line num="82" count="6" type="stmt"/>
      <line num="84" count="1" type="stmt"/>
      <line num="86" count="2" type="cond" truecount="1" falsecount="0"/>
      <line num="87" count="0" type="stmt"/>
      <line num="88" count="0" type="stmt"/>
      <line num="89" count="0" type="cond" truecount="0" falsecount="2"/>
      <line num="92" count="2" type="cond" truecount="1" falsecount="0"/>
      <line num="93" count="0" type="stmt"/>
      <line num="96" count="6" type="stmt"/>
      <line num="98" count="6" type="cond" truecount="1" falsecount="0"/>
      <line num="99" count="5" type="stmt"/>
      <line num="100" count="5" type="cond" truecount="1" falsecount="1"/>
      <line num="103" count="5" type="stmt"/>
      <line num="104" count="5" type="stmt"/>
      <line num="105" count="5" type="stmt"/>
      <line num="108" count="1" type="stmt"/>
      <line num="109" count="1" type="stmt"/>
      <line num="111" count="1" type="stmt"/>
      <line num="112" count="1" type="stmt"/>
      <line num="114" count="1" type="cond" truecount="0" falsecount="1"/>
      <line num="115" count="0" type="stmt"/>
      <line num="118" count="1" type="stmt"/>
      <line num="119" count="1" type="stmt"/>
      <line num="121" count="1" type="stmt"/>
      <line num="123" count="1" type="stmt"/>
      <line num="124" count="2" type="stmt"/>
      <line num="125" count="2" type="stmt"/>
      <line num="126" count="2" type="stmt"/>
      <line num="128" count="2" type="stmt"/>
      <line num="129" count="2" type="stmt"/>
      <line num="130" count="2" type="cond" truecount="1" falsecount="1"/>
      <line num="132" count="2" type="cond" truecount="1" falsecount="1"/>
      <line num="134" count="2" type="stmt"/>
      <line num="135" count="2" type="stmt"/>
      <line num="136" count="2" type="stmt"/>
      <line num="137" count="2" type="stmt"/>
      <line num="141" count="2" type="stmt"/>
      <line num="142" count="2" type="stmt"/>
      <line num="143" count="2" type="stmt"/>
      <line num="145" count="2" type="stmt"/>
      <line num="146" count="2" type="cond" truecount="1" falsecount="0"/>
      <line num="147" count="2" type="stmt"/>
      <line num="149" count="2" type="stmt"/>
      <line num="151" count="2" type="cond" truecount="1" falsecount="0"/>
      <line num="152" count="2" type="stmt"/>
      <line num="153" count="2" type="stmt"/>
      <line num="154" count="2" type="stmt"/>
      <line num="155" count="2" type="cond" truecount="1" falsecount="1"/>
      <line num="158" count="2" type="stmt"/>
      <line num="160" count="2" type="stmt"/>
      <line num="161" count="0" type="stmt"/>
      <line num="162" count="0" type="stmt"/>
      <line num="165" count="2" type="cond" truecount="1" falsecount="0"/>
      <line num="166" count="1" type="stmt"/>
      <line num="169" count="2" type="stmt"/>
      <line num="172" count="1" type="stmt"/>
      <line num="173" count="1" type="stmt"/>
      <line num="174" count="1" type="stmt"/>
      <line num="175" count="1" type="cond" truecount="1" falsecount="1"/>
      <line num="176" count="1" type="stmt"/>
      <line num="177" count="1" type="stmt"/>
      <line num="179" count="0" type="stmt"/>
      <line num="180" count="0" type="stmt"/>
      <line num="184" count="4" type="stmt"/>
      <line num="185" count="0" type="stmt"/>
      <line num="186" count="0" type="cond" truecount="0" falsecount="1"/>
      <line num="187" count="0" type="stmt"/>
      <line num="188" count="0" type="cond" truecount="0" falsecount="1"/>
      <line num="189" count="0" type="stmt"/>
      <line num="190" count="0" type="stmt"/>
      <line num="193" count="0" type="stmt"/>
    </file>
  </project>
</coverage>
