{"/home/rodrigodelbem/projects/chromnotes/src/app.ts": {"path":"/home/rodrigodelbem/projects/chromnotes/src/app.ts","statementMap":{"0":{"start":{"line":1,"column":0},"end":{"line":1,"column":null}},"1":{"start":{"line":33,"column":0},"end":{"line":33,"column":89}},"2":{"start":{"line":34,"column":0},"end":{"line":34,"column":null}},"3":{"start":{"line":42,"column":0},"end":{"line":42,"column":null}},"4":{"start":{"line":52,"column":0},"end":{"line":52,"column":60}},"5":{"start":{"line":53,"column":0},"end":{"line":53,"column":75}},"6":{"start":{"line":55,"column":19},"end":{"line":55,"column":24}},"7":{"start":{"line":56,"column":28},"end":{"line":56,"column":51}},"8":{"start":{"line":57,"column":27},"end":{"line":57,"column":33}},"9":{"start":{"line":58,"column":35},"end":{"line":58,"column":39}},"10":{"start":{"line":59,"column":35},"end":{"line":59,"column":40}},"11":{"start":{"line":60,"column":39},"end":{"line":60,"column":43}},"12":{"start":{"line":61,"column":29},"end":{"line":61,"column":59}},"13":{"start":{"line":62,"column":24},"end":{"line":62,"column":80}},"14":{"start":{"line":63,"column":29},"end":{"line":63,"column":87}},"15":{"start":{"line":64,"column":24},"end":{"line":64,"column":44}},"16":{"start":{"line":65,"column":39},"end":{"line":65,"column":43}},"17":{"start":{"line":68,"column":2},"end":{"line":68,"column":36}},"18":{"start":{"line":72,"column":18},"end":{"line":72,"column":28}},"19":{"start":{"line":73,"column":21},"end":{"line":73,"column":36}},"20":{"start":{"line":74,"column":17},"end":{"line":74,"column":56}},"21":{"start":{"line":75,"column":2},"end":{"line":77,"column":3}},"22":{"start":{"line":76,"column":4},"end":{"line":76,"column":11}},"23":{"start":{"line":79,"column":2},"end":{"line":79,"column":46}},"24":{"start":{"line":80,"column":2},"end":{"line":80,"column":21}},"25":{"start":{"line":84,"column":2},"end":{"line":84,"column":58}},"26":{"start":{"line":88,"column":2},"end":{"line":88,"column":49}},"27":{"start":{"line":89,"column":2},"end":{"line":89,"column":20}},"28":{"start":{"line":90,"column":2},"end":{"line":90,"column":23}},"29":{"start":{"line":94,"column":16},"end":{"line":94,"column":26}},"30":{"start":{"line":95,"column":2},"end":{"line":95,"column":51}},"31":{"start":{"line":96,"column":2},"end":{"line":98,"column":5}},"32":{"start":{"line":97,"column":4},"end":{"line":97,"column":48}},"33":{"start":{"line":99,"column":2},"end":{"line":99,"column":44}},"34":{"start":{"line":100,"column":2},"end":{"line":100,"column":66}},"35":{"start":{"line":101,"column":2},"end":{"line":101,"column":45}},"36":{"start":{"line":102,"column":2},"end":{"line":104,"column":5}},"37":{"start":{"line":103,"column":4},"end":{"line":103,"column":51}},"38":{"start":{"line":108,"column":28},"end":{"line":108,"column":35}},"39":{"start":{"line":109,"column":2},"end":{"line":111,"column":3}},"40":{"start":{"line":110,"column":4},"end":{"line":110,"column":11}},"41":{"start":{"line":113,"column":24},"end":{"line":113,"column":95}},"42":{"start":{"line":113,"column":67},"end":{"line":113,"column":93}},"43":{"start":{"line":114,"column":21},"end":{"line":114,"column":76}},"44":{"start":{"line":115,"column":2},"end":{"line":115,"column":57}},"45":{"start":{"line":117,"column":2},"end":{"line":126,"column":5}},"46":{"start":{"line":118,"column":15},"end":{"line":118,"column":41}},"47":{"start":{"line":119,"column":21},"end":{"line":119,"column":45}},"48":{"start":{"line":120,"column":4},"end":{"line":120,"column":62}},"49":{"start":{"line":121,"column":4},"end":{"line":121,"column":59}},"50":{"start":{"line":122,"column":4},"end":{"line":122,"column":40}},"51":{"start":{"line":123,"column":4},"end":{"line":125,"column":5}},"52":{"start":{"line":124,"column":6},"end":{"line":124,"column":21}},"53":{"start":{"line":128,"column":2},"end":{"line":137,"column":5}},"54":{"start":{"line":129,"column":15},"end":{"line":129,"column":42}},"55":{"start":{"line":130,"column":21},"end":{"line":130,"column":45}},"56":{"start":{"line":131,"column":4},"end":{"line":131,"column":50}},"57":{"start":{"line":132,"column":4},"end":{"line":136,"column":5}},"58":{"start":{"line":133,"column":6},"end":{"line":133,"column":38}},"59":{"start":{"line":135,"column":6},"end":{"line":135,"column":39}},"60":{"start":{"line":140,"column":0},"end":{"line":140,"column":40}},"61":{"start":{"line":143,"column":24},"end":{"line":143,"column":46}},"62":{"start":{"line":144,"column":26},"end":{"line":154,"column":3}},"63":{"start":{"line":145,"column":4},"end":{"line":153,"column":5}},"64":{"start":{"line":146,"column":6},"end":{"line":146,"column":27}},"65":{"start":{"line":147,"column":6},"end":{"line":147,"column":49}},"66":{"start":{"line":148,"column":6},"end":{"line":148,"column":27}},"67":{"start":{"line":150,"column":6},"end":{"line":150,"column":28}},"68":{"start":{"line":151,"column":6},"end":{"line":151,"column":44}},"69":{"start":{"line":152,"column":6},"end":{"line":152,"column":26}},"70":{"start":{"line":156,"column":2},"end":{"line":156,"column":39}},"71":{"start":{"line":157,"column":2},"end":{"line":157,"column":37}},"72":{"start":{"line":161,"column":27},"end":{"line":161,"column":32}},"73":{"start":{"line":162,"column":2},"end":{"line":162,"column":36}},"74":{"start":{"line":163,"column":2},"end":{"line":163,"column":42}},"75":{"start":{"line":164,"column":2},"end":{"line":164,"column":28}},"76":{"start":{"line":171,"column":47},"end":{"line":171,"column":54}},"77":{"start":{"line":172,"column":2},"end":{"line":174,"column":3}},"78":{"start":{"line":173,"column":4},"end":{"line":173,"column":42}},"79":{"start":{"line":175,"column":2},"end":{"line":175,"column":58}},"80":{"start":{"line":176,"column":2},"end":{"line":176,"column":28}},"81":{"start":{"line":177,"column":2},"end":{"line":179,"column":3}},"82":{"start":{"line":178,"column":4},"end":{"line":178,"column":23}},"83":{"start":{"line":186,"column":29},"end":{"line":186,"column":36}},"84":{"start":{"line":187,"column":2},"end":{"line":191,"column":3}},"85":{"start":{"line":188,"column":4},"end":{"line":188,"column":79}},"86":{"start":{"line":189,"column":4},"end":{"line":189,"column":30}},"87":{"start":{"line":190,"column":4},"end":{"line":190,"column":11}},"88":{"start":{"line":193,"column":2},"end":{"line":193,"column":69}},"89":{"start":{"line":194,"column":2},"end":{"line":194,"column":28}},"90":{"start":{"line":196,"column":2},"end":{"line":198,"column":3}},"91":{"start":{"line":197,"column":4},"end":{"line":197,"column":68}},"92":{"start":{"line":205,"column":29},"end":{"line":205,"column":36}},"93":{"start":{"line":206,"column":27},"end":{"line":206,"column":46}},"94":{"start":{"line":207,"column":2},"end":{"line":207,"column":28}},"95":{"start":{"line":208,"column":2},"end":{"line":208,"column":42}},"96":{"start":{"line":209,"column":2},"end":{"line":209,"column":73}},"97":{"start":{"line":210,"column":2},"end":{"line":221,"column":3}},"98":{"start":{"line":211,"column":4},"end":{"line":211,"column":28}},"99":{"start":{"line":212,"column":4},"end":{"line":212,"column":45}},"100":{"start":{"line":213,"column":4},"end":{"line":213,"column":44}},"101":{"start":{"line":214,"column":17},"end":{"line":214,"column":62}},"102":{"start":{"line":215,"column":4},"end":{"line":215,"column":20}},"103":{"start":{"line":217,"column":4},"end":{"line":219,"column":5}},"104":{"start":{"line":218,"column":6},"end":{"line":218,"column":31}},"105":{"start":{"line":220,"column":4},"end":{"line":220,"column":17}},"106":{"start":{"line":222,"column":2},"end":{"line":222,"column":32}},"107":{"start":{"line":223,"column":2},"end":{"line":223,"column":23}},"108":{"start":{"line":224,"column":2},"end":{"line":224,"column":28}},"109":{"start":{"line":225,"column":2},"end":{"line":227,"column":3}},"110":{"start":{"line":226,"column":4},"end":{"line":226,"column":37}},"111":{"start":{"line":231,"column":2},"end":{"line":231,"column":23}},"112":{"start":{"line":232,"column":2},"end":{"line":234,"column":3}},"113":{"start":{"line":233,"column":4},"end":{"line":233,"column":17}},"114":{"start":{"line":235,"column":2},"end":{"line":235,"column":23}},"115":{"start":{"line":239,"column":2},"end":{"line":239,"column":27}},"116":{"start":{"line":239,"column":20},"end":{"line":239,"column":27}},"117":{"start":{"line":240,"column":2},"end":{"line":240,"column":22}},"118":{"start":{"line":241,"column":2},"end":{"line":241,"column":43}},"119":{"start":{"line":242,"column":2},"end":{"line":242,"column":42}},"120":{"start":{"line":243,"column":2},"end":{"line":243,"column":55}},"121":{"start":{"line":244,"column":2},"end":{"line":244,"column":45}},"122":{"start":{"line":245,"column":2},"end":{"line":245,"column":44}},"123":{"start":{"line":246,"column":2},"end":{"line":246,"column":53}},"124":{"start":{"line":247,"column":2},"end":{"line":247,"column":59}},"125":{"start":{"line":251,"column":2},"end":{"line":251,"column":28}},"126":{"start":{"line":251,"column":21},"end":{"line":251,"column":28}},"127":{"start":{"line":252,"column":2},"end":{"line":252,"column":23}},"128":{"start":{"line":253,"column":2},"end":{"line":253,"column":40}},"129":{"start":{"line":254,"column":2},"end":{"line":254,"column":43}},"130":{"start":{"line":255,"column":2},"end":{"line":255,"column":56}},"131":{"start":{"line":256,"column":2},"end":{"line":256,"column":42}},"132":{"start":{"line":257,"column":2},"end":{"line":257,"column":45}},"133":{"start":{"line":258,"column":2},"end":{"line":258,"column":56}},"134":{"start":{"line":259,"column":2},"end":{"line":259,"column":25}},"135":{"start":{"line":263,"column":2},"end":{"line":267,"column":3}},"136":{"start":{"line":264,"column":4},"end":{"line":264,"column":25}},"137":{"start":{"line":266,"column":4},"end":{"line":266,"column":24}},"138":{"start":{"line":271,"column":2},"end":{"line":271,"column":25}},"139":{"start":{"line":272,"column":2},"end":{"line":272,"column":34}},"140":{"start":{"line":278,"column":2},"end":{"line":281,"column":3}},"141":{"start":{"line":279,"column":4},"end":{"line":279,"column":39}},"142":{"start":{"line":280,"column":4},"end":{"line":280,"column":25}},"143":{"start":{"line":285,"column":2},"end":{"line":288,"column":3}},"144":{"start":{"line":286,"column":4},"end":{"line":286,"column":43}},"145":{"start":{"line":287,"column":4},"end":{"line":287,"column":29}},"146":{"start":{"line":289,"column":2},"end":{"line":289,"column":57}},"147":{"start":{"line":291,"column":2},"end":{"line":291,"column":35}},"148":{"start":{"line":292,"column":2},"end":{"line":292,"column":54}},"149":{"start":{"line":293,"column":2},"end":{"line":296,"column":33}},"150":{"start":{"line":294,"column":4},"end":{"line":294,"column":59}},"151":{"start":{"line":295,"column":4},"end":{"line":295,"column":29}},"152":{"start":{"line":306,"column":2},"end":{"line":312,"column":4}},"153":{"start":{"line":316,"column":2},"end":{"line":316,"column":69}},"154":{"start":{"line":320,"column":19},"end":{"line":320,"column":36}},"155":{"start":{"line":321,"column":2},"end":{"line":323,"column":3}},"156":{"start":{"line":322,"column":4},"end":{"line":322,"column":17}},"157":{"start":{"line":324,"column":19},"end":{"line":324,"column":75}},"158":{"start":{"line":324,"column":51},"end":{"line":324,"column":74}},"159":{"start":{"line":325,"column":2},"end":{"line":327,"column":3}},"160":{"start":{"line":326,"column":4},"end":{"line":326,"column":17}},"161":{"start":{"line":328,"column":2},"end":{"line":333,"column":4}},"162":{"start":{"line":337,"column":2},"end":{"line":337,"column":23}},"163":{"start":{"line":338,"column":2},"end":{"line":340,"column":25}},"164":{"start":{"line":339,"column":4},"end":{"line":339,"column":27}},"165":{"start":{"line":344,"column":2},"end":{"line":344,"column":23}},"166":{"start":{"line":345,"column":2},"end":{"line":347,"column":3}},"167":{"start":{"line":346,"column":4},"end":{"line":346,"column":11}},"168":{"start":{"line":348,"column":2},"end":{"line":350,"column":3}},"169":{"start":{"line":349,"column":4},"end":{"line":349,"column":11}},"170":{"start":{"line":351,"column":2},"end":{"line":351,"column":32}},"171":{"start":{"line":355,"column":2},"end":{"line":355,"column":29}},"172":{"start":{"line":356,"column":19},"end":{"line":356,"column":36}},"173":{"start":{"line":357,"column":2},"end":{"line":359,"column":3}},"174":{"start":{"line":358,"column":4},"end":{"line":358,"column":17}},"175":{"start":{"line":361,"column":2},"end":{"line":367,"column":3}},"176":{"start":{"line":362,"column":4},"end":{"line":364,"column":5}},"177":{"start":{"line":363,"column":6},"end":{"line":363,"column":25}},"178":{"start":{"line":365,"column":4},"end":{"line":365,"column":25}},"179":{"start":{"line":366,"column":4},"end":{"line":366,"column":17}},"180":{"start":{"line":369,"column":20},"end":{"line":369,"column":30}},"181":{"start":{"line":370,"column":23},"end":{"line":370,"column":33}},"182":{"start":{"line":373,"column":2},"end":{"line":399,"column":3}},"183":{"start":{"line":374,"column":4},"end":{"line":385,"column":6}},"184":{"start":{"line":375,"column":6},"end":{"line":384,"column":14}},"185":{"start":{"line":387,"column":4},"end":{"line":398,"column":6}},"186":{"start":{"line":401,"column":19},"end":{"line":403,"column":47}},"187":{"start":{"line":402,"column":32},"end":{"line":402,"column":55}},"188":{"start":{"line":405,"column":2},"end":{"line":409,"column":5}},"189":{"start":{"line":411,"column":2},"end":{"line":411,"column":21}},"190":{"start":{"line":412,"column":2},"end":{"line":418,"column":3}},"191":{"start":{"line":413,"column":4},"end":{"line":413,"column":27}},"192":{"start":{"line":414,"column":4},"end":{"line":414,"column":32}},"193":{"start":{"line":416,"column":4},"end":{"line":416,"column":23}},"194":{"start":{"line":417,"column":4},"end":{"line":417,"column":34}},"195":{"start":{"line":420,"column":2},"end":{"line":420,"column":23}},"196":{"start":{"line":421,"column":2},"end":{"line":427,"column":3}},"197":{"start":{"line":422,"column":4},"end":{"line":422,"column":26}},"198":{"start":{"line":423,"column":9},"end":{"line":427,"column":3}},"199":{"start":{"line":424,"column":4},"end":{"line":424,"column":43}},"200":{"start":{"line":425,"column":4},"end":{"line":425,"column":29}},"201":{"start":{"line":426,"column":4},"end":{"line":426,"column":59}},"202":{"start":{"line":428,"column":2},"end":{"line":428,"column":14}},"203":{"start":{"line":432,"column":2},"end":{"line":435,"column":3}},"204":{"start":{"line":433,"column":4},"end":{"line":433,"column":25}},"205":{"start":{"line":434,"column":4},"end":{"line":434,"column":11}},"206":{"start":{"line":436,"column":2},"end":{"line":439,"column":3}},"207":{"start":{"line":437,"column":4},"end":{"line":437,"column":25}},"208":{"start":{"line":438,"column":4},"end":{"line":438,"column":11}},"209":{"start":{"line":440,"column":2},"end":{"line":440,"column":21}},"210":{"start":{"line":444,"column":2},"end":{"line":444,"column":21}},"211":{"start":{"line":445,"column":2},"end":{"line":445,"column":63}},"212":{"start":{"line":446,"column":2},"end":{"line":446,"column":23}},"213":{"start":{"line":447,"column":2},"end":{"line":447,"column":22}},"214":{"start":{"line":448,"column":2},"end":{"line":448,"column":23}},"215":{"start":{"line":452,"column":13},"end":{"line":452,"column":30}},"216":{"start":{"line":453,"column":2},"end":{"line":453,"column":18}},"217":{"start":{"line":453,"column":11},"end":{"line":453,"column":18}},"218":{"start":{"line":455,"column":16},"end":{"line":455,"column":26}},"219":{"start":{"line":456,"column":20},"end":{"line":456,"column":64}},"220":{"start":{"line":456,"column":49},"end":{"line":456,"column":63}},"221":{"start":{"line":457,"column":21},"end":{"line":457,"column":82}},"222":{"start":{"line":458,"column":19},"end":{"line":458,"column":58}},"223":{"start":{"line":459,"column":2},"end":{"line":463,"column":5}},"224":{"start":{"line":464,"column":2},"end":{"line":464,"column":21}},"225":{"start":{"line":465,"column":2},"end":{"line":465,"column":21}},"226":{"start":{"line":466,"column":2},"end":{"line":468,"column":3}},"227":{"start":{"line":467,"column":4},"end":{"line":467,"column":17}},"228":{"start":{"line":469,"column":2},"end":{"line":469,"column":23}},"229":{"start":{"line":473,"column":2},"end":{"line":473,"column":43}},"230":{"start":{"line":477,"column":14},"end":{"line":477,"column":24}},"231":{"start":{"line":478,"column":15},"end":{"line":478,"column":84}},"232":{"start":{"line":479,"column":15},"end":{"line":479,"column":87}},"233":{"start":{"line":480,"column":2},"end":{"line":480,"column":48}},"234":{"start":{"line":484,"column":21},"end":{"line":484,"column":51}},"235":{"start":{"line":485,"column":2},"end":{"line":485,"column":68}},"236":{"start":{"line":489,"column":17},"end":{"line":489,"column":44}},"237":{"start":{"line":490,"column":2},"end":{"line":492,"column":3}},"238":{"start":{"line":491,"column":4},"end":{"line":491,"column":16}},"239":{"start":{"line":493,"column":2},"end":{"line":493,"column":16}},"240":{"start":{"line":497,"column":19},"end":{"line":497,"column":29}},"241":{"start":{"line":498,"column":20},"end":{"line":498,"column":43}},"242":{"start":{"line":500,"column":2},"end":{"line":502,"column":5}},"243":{"start":{"line":501,"column":4},"end":{"line":501,"column":33}},"244":{"start":{"line":504,"column":2},"end":{"line":509,"column":5}},"245":{"start":{"line":505,"column":20},"end":{"line":505,"column":42}},"246":{"start":{"line":506,"column":4},"end":{"line":508,"column":5}},"247":{"start":{"line":507,"column":6},"end":{"line":507,"column":35}},"248":{"start":{"line":511,"column":22},"end":{"line":511,"column":94}},"249":{"start":{"line":511,"column":68},"end":{"line":511,"column":93}},"250":{"start":{"line":513,"column":2},"end":{"line":517,"column":5}},"251":{"start":{"line":519,"column":2},"end":{"line":519,"column":21}},"252":{"start":{"line":520,"column":16},"end":{"line":520,"column":26}},"253":{"start":{"line":521,"column":2},"end":{"line":526,"column":3}},"254":{"start":{"line":522,"column":25},"end":{"line":522,"column":85}},"255":{"start":{"line":522,"column":52},"end":{"line":522,"column":84}},"256":{"start":{"line":523,"column":4},"end":{"line":523,"column":39}},"257":{"start":{"line":525,"column":4},"end":{"line":525,"column":23}},"258":{"start":{"line":530,"column":2},"end":{"line":539,"column":3}},"259":{"start":{"line":531,"column":17},"end":{"line":531,"column":74}},"260":{"start":{"line":532,"column":22},"end":{"line":532,"column":47}},"261":{"start":{"line":533,"column":4},"end":{"line":538,"column":6}},"262":{"start":{"line":536,"column":8},"end":{"line":536,"column":39}},"263":{"start":{"line":541,"column":18},"end":{"line":541,"column":80}},"264":{"start":{"line":542,"column":2},"end":{"line":547,"column":4}},"265":{"start":{"line":551,"column":16},"end":{"line":551,"column":32}},"266":{"start":{"line":552,"column":18},"end":{"line":552,"column":45}},"267":{"start":{"line":553,"column":19},"end":{"line":553,"column":40}},"268":{"start":{"line":554,"column":28},"end":{"line":554,"column":57}},"269":{"start":{"line":556,"column":17},"end":{"line":556,"column":44}},"270":{"start":{"line":557,"column":2},"end":{"line":557,"column":21}},"271":{"start":{"line":558,"column":2},"end":{"line":558,"column":29}},"272":{"start":{"line":559,"column":2},"end":{"line":559,"column":26}},"273":{"start":{"line":560,"column":2},"end":{"line":560,"column":37}},"274":{"start":{"line":561,"column":2},"end":{"line":561,"column":32}},"275":{"start":{"line":563,"column":2},"end":{"line":563,"column":36}},"276":{"start":{"line":564,"column":2},"end":{"line":564,"column":17}},"277":{"start":{"line":566,"column":19},"end":{"line":569,"column":3}},"278":{"start":{"line":567,"column":4},"end":{"line":567,"column":20}},"279":{"start":{"line":568,"column":4},"end":{"line":568,"column":14}},"280":{"start":{"line":571,"column":2},"end":{"line":575,"column":3}},"281":{"start":{"line":572,"column":4},"end":{"line":572,"column":36}},"282":{"start":{"line":574,"column":4},"end":{"line":574,"column":35}},"283":{"start":{"line":579,"column":16},"end":{"line":579,"column":48}},"284":{"start":{"line":580,"column":15},"end":{"line":580,"column":39}},"285":{"start":{"line":581,"column":2},"end":{"line":583,"column":3}},"286":{"start":{"line":582,"column":4},"end":{"line":582,"column":11}},"287":{"start":{"line":585,"column":2},"end":{"line":588,"column":3}},"288":{"start":{"line":586,"column":4},"end":{"line":586,"column":43}},"289":{"start":{"line":587,"column":4},"end":{"line":587,"column":29}},"290":{"start":{"line":590,"column":2},"end":{"line":590,"column":47}},"291":{"start":{"line":591,"column":2},"end":{"line":609,"column":3}},"292":{"start":{"line":592,"column":17},"end":{"line":592,"column":34}},"293":{"start":{"line":593,"column":19},"end":{"line":593,"column":46}},"294":{"start":{"line":594,"column":18},"end":{"line":594,"column":47}},"295":{"start":{"line":595,"column":4},"end":{"line":597,"column":5}},"296":{"start":{"line":596,"column":6},"end":{"line":596,"column":57}},"297":{"start":{"line":598,"column":4},"end":{"line":598,"column":38}},"298":{"start":{"line":599,"column":4},"end":{"line":599,"column":101}},"299":{"start":{"line":601,"column":4},"end":{"line":601,"column":64}},"300":{"start":{"line":602,"column":4},"end":{"line":602,"column":76}},"301":{"start":{"line":604,"column":4},"end":{"line":604,"column":21}},"302":{"start":{"line":605,"column":4},"end":{"line":608,"column":13}},"303":{"start":{"line":606,"column":6},"end":{"line":606,"column":41}},"304":{"start":{"line":607,"column":6},"end":{"line":607,"column":31}},"305":{"start":{"line":613,"column":2},"end":{"line":615,"column":5}},"306":{"start":{"line":614,"column":4},"end":{"line":614,"column":33}},"307":{"start":{"line":617,"column":2},"end":{"line":617,"column":62}},"308":{"start":{"line":618,"column":2},"end":{"line":618,"column":65}},"309":{"start":{"line":619,"column":2},"end":{"line":619,"column":65}},"310":{"start":{"line":621,"column":2},"end":{"line":623,"column":5}},"311":{"start":{"line":622,"column":4},"end":{"line":622,"column":25}},"312":{"start":{"line":625,"column":2},"end":{"line":627,"column":5}},"313":{"start":{"line":626,"column":4},"end":{"line":626,"column":28}},"314":{"start":{"line":629,"column":2},"end":{"line":629,"column":66}},"315":{"start":{"line":631,"column":2},"end":{"line":635,"column":5}},"316":{"start":{"line":632,"column":4},"end":{"line":634,"column":5}},"317":{"start":{"line":633,"column":6},"end":{"line":633,"column":27}},"318":{"start":{"line":637,"column":2},"end":{"line":642,"column":5}},"319":{"start":{"line":638,"column":4},"end":{"line":640,"column":5}},"320":{"start":{"line":639,"column":6},"end":{"line":639,"column":13}},"321":{"start":{"line":641,"column":4},"end":{"line":641,"column":22}},"322":{"start":{"line":644,"column":2},"end":{"line":648,"column":5}},"323":{"start":{"line":645,"column":19},"end":{"line":645,"column":51}},"324":{"start":{"line":646,"column":4},"end":{"line":646,"column":36}},"325":{"start":{"line":647,"column":4},"end":{"line":647,"column":55}},"326":{"start":{"line":650,"column":2},"end":{"line":669,"column":5}},"327":{"start":{"line":651,"column":19},"end":{"line":651,"column":51}},"328":{"start":{"line":652,"column":25},"end":{"line":652,"column":41}},"329":{"start":{"line":653,"column":27},"end":{"line":653,"column":39}},"330":{"start":{"line":655,"column":4},"end":{"line":661,"column":5}},"331":{"start":{"line":656,"column":6},"end":{"line":658,"column":7}},"332":{"start":{"line":657,"column":8},"end":{"line":657,"column":27}},"333":{"start":{"line":659,"column":11},"end":{"line":661,"column":5}},"334":{"start":{"line":660,"column":6},"end":{"line":660,"column":26}},"335":{"start":{"line":663,"column":4},"end":{"line":668,"column":5}},"336":{"start":{"line":664,"column":6},"end":{"line":664,"column":28}},"337":{"start":{"line":665,"column":6},"end":{"line":665,"column":46}},"338":{"start":{"line":667,"column":6},"end":{"line":667,"column":32}},"339":{"start":{"line":671,"column":2},"end":{"line":678,"column":5}},"340":{"start":{"line":672,"column":4},"end":{"line":677,"column":7}},"341":{"start":{"line":673,"column":6},"end":{"line":673,"column":33}},"342":{"start":{"line":673,"column":26},"end":{"line":673,"column":33}},"343":{"start":{"line":674,"column":28},"end":{"line":674,"column":48}},"344":{"start":{"line":675,"column":6},"end":{"line":675,"column":32}},"345":{"start":{"line":676,"column":6},"end":{"line":676,"column":50}},"346":{"start":{"line":680,"column":2},"end":{"line":684,"column":5}},"347":{"start":{"line":681,"column":20},"end":{"line":681,"column":41}},"348":{"start":{"line":682,"column":4},"end":{"line":682,"column":30}},"349":{"start":{"line":683,"column":4},"end":{"line":683,"column":48}},"350":{"start":{"line":686,"column":2},"end":{"line":692,"column":5}},"351":{"start":{"line":687,"column":4},"end":{"line":691,"column":7}},"352":{"start":{"line":688,"column":6},"end":{"line":688,"column":33}},"353":{"start":{"line":688,"column":26},"end":{"line":688,"column":33}},"354":{"start":{"line":689,"column":19},"end":{"line":689,"column":65}},"355":{"start":{"line":690,"column":6},"end":{"line":690,"column":31}},"356":{"start":{"line":694,"column":2},"end":{"line":699,"column":5}},"357":{"start":{"line":695,"column":18},"end":{"line":695,"column":45}},"358":{"start":{"line":696,"column":27},"end":{"line":696,"column":54}},"359":{"start":{"line":697,"column":4},"end":{"line":697,"column":58}},"360":{"start":{"line":698,"column":4},"end":{"line":698,"column":23}},"361":{"start":{"line":701,"column":2},"end":{"line":708,"column":5}},"362":{"start":{"line":702,"column":4},"end":{"line":705,"column":5}},"363":{"start":{"line":703,"column":6},"end":{"line":703,"column":33}},"364":{"start":{"line":704,"column":6},"end":{"line":704,"column":13}},"365":{"start":{"line":706,"column":20},"end":{"line":706,"column":38}},"366":{"start":{"line":707,"column":4},"end":{"line":707,"column":38}},"367":{"start":{"line":710,"column":2},"end":{"line":713,"column":5}},"368":{"start":{"line":711,"column":4},"end":{"line":711,"column":28}},"369":{"start":{"line":712,"column":4},"end":{"line":712,"column":26}},"370":{"start":{"line":715,"column":2},"end":{"line":717,"column":5}},"371":{"start":{"line":716,"column":4},"end":{"line":716,"column":28}},"372":{"start":{"line":719,"column":2},"end":{"line":745,"column":5}},"373":{"start":{"line":720,"column":4},"end":{"line":724,"column":7}},"374":{"start":{"line":721,"column":20},"end":{"line":721,"column":46}},"375":{"start":{"line":722,"column":6},"end":{"line":722,"column":25}},"376":{"start":{"line":722,"column":18},"end":{"line":722,"column":25}},"377":{"start":{"line":723,"column":6},"end":{"line":723,"column":51}},"378":{"start":{"line":726,"column":4},"end":{"line":744,"column":7}},"379":{"start":{"line":727,"column":6},"end":{"line":729,"column":7}},"380":{"start":{"line":728,"column":8},"end":{"line":728,"column":15}},"381":{"start":{"line":730,"column":6},"end":{"line":730,"column":29}},"382":{"start":{"line":731,"column":27},"end":{"line":731,"column":92}},"383":{"start":{"line":731,"column":71},"end":{"line":731,"column":91}},"384":{"start":{"line":732,"column":6},"end":{"line":734,"column":7}},"385":{"start":{"line":733,"column":8},"end":{"line":733,"column":15}},"386":{"start":{"line":735,"column":21},"end":{"line":735,"column":56}},"387":{"start":{"line":737,"column":8},"end":{"line":737,"column":87}},"388":{"start":{"line":738,"column":25},"end":{"line":738,"column":54}},"389":{"start":{"line":739,"column":20},"end":{"line":739,"column":51}},"390":{"start":{"line":740,"column":6},"end":{"line":742,"column":7}},"391":{"start":{"line":741,"column":8},"end":{"line":741,"column":15}},"392":{"start":{"line":743,"column":6},"end":{"line":743,"column":51}},"393":{"start":{"line":747,"column":2},"end":{"line":749,"column":5}},"394":{"start":{"line":748,"column":4},"end":{"line":748,"column":25}},"395":{"start":{"line":751,"column":2},"end":{"line":753,"column":5}},"396":{"start":{"line":752,"column":4},"end":{"line":752,"column":25}},"397":{"start":{"line":755,"column":2},"end":{"line":755,"column":65}},"398":{"start":{"line":756,"column":2},"end":{"line":758,"column":5}},"399":{"start":{"line":757,"column":4},"end":{"line":757,"column":34}},"400":{"start":{"line":760,"column":2},"end":{"line":762,"column":5}},"401":{"start":{"line":761,"column":4},"end":{"line":761,"column":46}},"402":{"start":{"line":764,"column":2},"end":{"line":766,"column":5}},"403":{"start":{"line":765,"column":4},"end":{"line":765,"column":46}},"404":{"start":{"line":768,"column":2},"end":{"line":778,"column":5}},"405":{"start":{"line":769,"column":4},"end":{"line":777,"column":5}},"406":{"start":{"line":770,"column":6},"end":{"line":773,"column":7}},"407":{"start":{"line":771,"column":8},"end":{"line":771,"column":29}},"408":{"start":{"line":772,"column":8},"end":{"line":772,"column":15}},"409":{"start":{"line":774,"column":6},"end":{"line":776,"column":7}},"410":{"start":{"line":775,"column":8},"end":{"line":775,"column":29}},"411":{"start":{"line":782,"column":2},"end":{"line":782,"column":15}},"412":{"start":{"line":783,"column":2},"end":{"line":783,"column":19}},"413":{"start":{"line":784,"column":2},"end":{"line":784,"column":23}},"414":{"start":{"line":785,"column":2},"end":{"line":785,"column":15}},"415":{"start":{"line":787,"column":23},"end":{"line":787,"column":40}},"416":{"start":{"line":788,"column":2},"end":{"line":788,"column":45}},"417":{"start":{"line":789,"column":2},"end":{"line":791,"column":5}},"418":{"start":{"line":792,"column":2},"end":{"line":792,"column":33}},"419":{"start":{"line":793,"column":2},"end":{"line":793,"column":83}},"420":{"start":{"line":794,"column":2},"end":{"line":794,"column":21}},"421":{"start":{"line":796,"column":2},"end":{"line":806,"column":3}},"422":{"start":{"line":797,"column":20},"end":{"line":797,"column":94}},"423":{"start":{"line":797,"column":54},"end":{"line":797,"column":93}},"424":{"start":{"line":798,"column":4},"end":{"line":803,"column":5}},"425":{"start":{"line":799,"column":6},"end":{"line":799,"column":28}},"426":{"start":{"line":801,"column":6},"end":{"line":801,"column":25}},"427":{"start":{"line":802,"column":6},"end":{"line":802,"column":51}},"428":{"start":{"line":805,"column":4},"end":{"line":805,"column":23}},"429":{"start":{"line":808,"column":2},"end":{"line":808,"column":65}},"430":{"start":{"line":809,"column":2},"end":{"line":809,"column":28}},"431":{"start":{"line":811,"column":2},"end":{"line":821,"column":5}},"432":{"start":{"line":812,"column":4},"end":{"line":812,"column":51}},"433":{"start":{"line":812,"column":44},"end":{"line":812,"column":51}},"434":{"start":{"line":813,"column":4},"end":{"line":813,"column":22}},"435":{"start":{"line":814,"column":4},"end":{"line":814,"column":33}},"436":{"start":{"line":815,"column":4},"end":{"line":815,"column":83}},"437":{"start":{"line":816,"column":4},"end":{"line":816,"column":65}},"438":{"start":{"line":817,"column":4},"end":{"line":817,"column":23}},"439":{"start":{"line":818,"column":4},"end":{"line":818,"column":25}},"440":{"start":{"line":819,"column":4},"end":{"line":819,"column":30}},"441":{"start":{"line":820,"column":4},"end":{"line":820,"column":25}},"442":{"start":{"line":823,"column":2},"end":{"line":823,"column":23}},"443":{"start":{"line":781,"column":0},"end":{"line":781,"column":7}}},"fnMap":{"0":{"name":"isLightTheme","decl":{"start":{"line":67,"column":9},"end":{"line":67,"column":21}},"loc":{"start":{"line":67,"column":34},"end":{"line":69,"column":1}}},"1":{"name":"goToPage","decl":{"start":{"line":71,"column":15},"end":{"line":71,"column":23}},"loc":{"start":{"line":71,"column":36},"end":{"line":81,"column":1}}},"2":{"name":"refreshNotesList","decl":{"start":{"line":83,"column":9},"end":{"line":83,"column":25}},"loc":{"start":{"line":83,"column":25},"end":{"line":85,"column":1}}},"3":{"name":"handleNoteSelection","decl":{"start":{"line":87,"column":9},"end":{"line":87,"column":28}},"loc":{"start":{"line":87,"column":39},"end":{"line":91,"column":1}}},"4":{"name":"refreshSettingsControls","decl":{"start":{"line":93,"column":9},"end":{"line":93,"column":32}},"loc":{"start":{"line":93,"column":32},"end":{"line":105,"column":1}}},"5":{"name":"(anonymous_5)","decl":{"start":{"line":96,"column":28},"end":{"line":96,"column":29}},"loc":{"start":{"line":96,"column":38},"end":{"line":98,"column":3}}},"6":{"name":"(anonymous_6)","decl":{"start":{"line":102,"column":29},"end":{"line":102,"column":30}},"loc":{"start":{"line":102,"column":39},"end":{"line":104,"column":3}}},"7":{"name":"setActiveSettingsTab","decl":{"start":{"line":107,"column":9},"end":{"line":107,"column":29}},"loc":{"start":{"line":107,"column":78},"end":{"line":138,"column":1}}},"8":{"name":"(anonymous_8)","decl":{"start":{"line":113,"column":55},"end":{"line":113,"column":56}},"loc":{"start":{"line":113,"column":67},"end":{"line":113,"column":93}}},"9":{"name":"(anonymous_9)","decl":{"start":{"line":117,"column":29},"end":{"line":117,"column":30}},"loc":{"start":{"line":117,"column":40},"end":{"line":126,"column":3}}},"10":{"name":"(anonymous_10)","decl":{"start":{"line":128,"column":28},"end":{"line":128,"column":29}},"loc":{"start":{"line":128,"column":38},"end":{"line":137,"column":3}}},"11":{"name":"updateModalControls","decl":{"start":{"line":142,"column":9},"end":{"line":142,"column":28}},"loc":{"start":{"line":142,"column":57},"end":{"line":158,"column":1}}},"12":{"name":"(anonymous_12)","decl":{"start":{"line":144,"column":26},"end":{"line":144,"column":27}},"loc":{"start":{"line":144,"column":62},"end":{"line":154,"column":3}}},"13":{"name":"applyTheme","decl":{"start":{"line":160,"column":9},"end":{"line":160,"column":19}},"loc":{"start":{"line":160,"column":32},"end":{"line":165,"column":1}}},"14":{"name":"applyCompactView","decl":{"start":{"line":167,"column":9},"end":{"line":167,"column":25}},"loc":{"start":{"line":169,"column":58},"end":{"line":180,"column":1}}},"15":{"name":"applySyncPreference","decl":{"start":{"line":182,"column":15},"end":{"line":182,"column":34}},"loc":{"start":{"line":184,"column":37},"end":{"line":199,"column":1}}},"16":{"name":"applyViewMode","decl":{"start":{"line":201,"column":15},"end":{"line":201,"column":28}},"loc":{"start":{"line":203,"column":37},"end":{"line":228,"column":1}}},"17":{"name":"handleModalDismiss","decl":{"start":{"line":230,"column":9},"end":{"line":230,"column":27}},"loc":{"start":{"line":230,"column":27},"end":{"line":236,"column":1}}},"18":{"name":"openSettingsPanel","decl":{"start":{"line":238,"column":9},"end":{"line":238,"column":26}},"loc":{"start":{"line":238,"column":26},"end":{"line":248,"column":1}}},"19":{"name":"closeSettingsPanel","decl":{"start":{"line":250,"column":9},"end":{"line":250,"column":27}},"loc":{"start":{"line":250,"column":27},"end":{"line":260,"column":1}}},"20":{"name":"toggleSettingsPanel","decl":{"start":{"line":262,"column":9},"end":{"line":262,"column":28}},"loc":{"start":{"line":262,"column":28},"end":{"line":268,"column":1}}},"21":{"name":"handleFormSubmit","decl":{"start":{"line":270,"column":15},"end":{"line":270,"column":31}},"loc":{"start":{"line":270,"column":50},"end":{"line":273,"column":1}}},"22":{"name":"resetAutoSaveState","decl":{"start":{"line":277,"column":9},"end":{"line":277,"column":27}},"loc":{"start":{"line":277,"column":27},"end":{"line":282,"column":1}}},"23":{"name":"triggerAutoSaveGlow","decl":{"start":{"line":284,"column":9},"end":{"line":284,"column":28}},"loc":{"start":{"line":284,"column":28},"end":{"line":297,"column":1}}},"24":{"name":"(anonymous_24)","decl":{"start":{"line":293,"column":40},"end":{"line":293,"column":43}},"loc":{"start":{"line":293,"column":45},"end":{"line":296,"column":3}}},"25":{"name":"getFormSnapshot","decl":{"start":{"line":299,"column":9},"end":{"line":299,"column":24}},"loc":{"start":{"line":299,"column":24},"end":{"line":313,"column":1}}},"26":{"name":"isEditingExistingNote","decl":{"start":{"line":315,"column":9},"end":{"line":315,"column":30}},"loc":{"start":{"line":315,"column":30},"end":{"line":317,"column":1}}},"27":{"name":"hasFormChanges","decl":{"start":{"line":319,"column":9},"end":{"line":319,"column":23}},"loc":{"start":{"line":319,"column":23},"end":{"line":334,"column":1}}},"28":{"name":"(anonymous_28)","decl":{"start":{"line":324,"column":41},"end":{"line":324,"column":42}},"loc":{"start":{"line":324,"column":51},"end":{"line":324,"column":74}}},"29":{"name":"scheduleAutoSave","decl":{"start":{"line":336,"column":9},"end":{"line":336,"column":25}},"loc":{"start":{"line":336,"column":25},"end":{"line":341,"column":1}}},"30":{"name":"(anonymous_30)","decl":{"start":{"line":338,"column":36},"end":{"line":338,"column":39}},"loc":{"start":{"line":338,"column":41},"end":{"line":340,"column":3}}},"31":{"name":"triggerAutoSave","decl":{"start":{"line":343,"column":15},"end":{"line":343,"column":30}},"loc":{"start":{"line":343,"column":30},"end":{"line":352,"column":1}}},"32":{"name":"saveCurrentNote","decl":{"start":{"line":354,"column":15},"end":{"line":354,"column":30}},"loc":{"start":{"line":354,"column":49},"end":{"line":429,"column":1}}},"33":{"name":"(anonymous_33)","decl":{"start":{"line":374,"column":39},"end":{"line":374,"column":40}},"loc":{"start":{"line":375,"column":6},"end":{"line":384,"column":14}}},"34":{"name":"(anonymous_34)","decl":{"start":{"line":402,"column":22},"end":{"line":402,"column":23}},"loc":{"start":{"line":402,"column":32},"end":{"line":402,"column":55}}},"35":{"name":"handleFormFieldChange","decl":{"start":{"line":431,"column":9},"end":{"line":431,"column":30}},"loc":{"start":{"line":431,"column":30},"end":{"line":441,"column":1}}},"36":{"name":"handleNewNote","decl":{"start":{"line":443,"column":15},"end":{"line":443,"column":28}},"loc":{"start":{"line":443,"column":28},"end":{"line":449,"column":1}}},"37":{"name":"handleDeleteNote","decl":{"start":{"line":451,"column":15},"end":{"line":451,"column":31}},"loc":{"start":{"line":451,"column":31},"end":{"line":470,"column":1}}},"38":{"name":"(anonymous_38)","decl":{"start":{"line":456,"column":39},"end":{"line":456,"column":40}},"loc":{"start":{"line":456,"column":49},"end":{"line":456,"column":63}}},"39":{"name":"pad","decl":{"start":{"line":472,"column":9},"end":{"line":472,"column":12}},"loc":{"start":{"line":472,"column":26},"end":{"line":474,"column":1}}},"40":{"name":"buildExportFileName","decl":{"start":{"line":476,"column":9},"end":{"line":476,"column":28}},"loc":{"start":{"line":476,"column":28},"end":{"line":481,"column":1}}},"41":{"name":"formatNotesForExport","decl":{"start":{"line":483,"column":9},"end":{"line":483,"column":29}},"loc":{"start":{"line":483,"column":43},"end":{"line":486,"column":1}}},"42":{"name":"validateImportedNotes","decl":{"start":{"line":488,"column":9},"end":{"line":488,"column":30}},"loc":{"start":{"line":488,"column":44},"end":{"line":494,"column":1}}},"43":{"name":"persistImportedNotes","decl":{"start":{"line":496,"column":15},"end":{"line":496,"column":35}},"loc":{"start":{"line":496,"column":49},"end":{"line":527,"column":1}}},"44":{"name":"(anonymous_44)","decl":{"start":{"line":500,"column":25},"end":{"line":500,"column":26}},"loc":{"start":{"line":500,"column":34},"end":{"line":502,"column":3}}},"45":{"name":"(anonymous_45)","decl":{"start":{"line":504,"column":16},"end":{"line":504,"column":17}},"loc":{"start":{"line":504,"column":25},"end":{"line":509,"column":3}}},"46":{"name":"(anonymous_46)","decl":{"start":{"line":511,"column":58},"end":{"line":511,"column":59}},"loc":{"start":{"line":511,"column":68},"end":{"line":511,"column":93}}},"47":{"name":"(anonymous_47)","decl":{"start":{"line":522,"column":42},"end":{"line":522,"column":43}},"loc":{"start":{"line":522,"column":52},"end":{"line":522,"column":84}}},"48":{"name":"createDownloadTarget","decl":{"start":{"line":529,"column":9},"end":{"line":529,"column":29}},"loc":{"start":{"line":529,"column":45},"end":{"line":548,"column":1}}},"49":{"name":"(anonymous_49)","decl":{"start":{"line":535,"column":15},"end":{"line":535,"column":18}},"loc":{"start":{"line":535,"column":20},"end":{"line":537,"column":7}}},"50":{"name":"(anonymous_50)","decl":{"start":{"line":544,"column":13},"end":{"line":544,"column":16}},"loc":{"start":{"line":544,"column":18},"end":{"line":546,"column":5}}},"51":{"name":"handleExportNotes","decl":{"start":{"line":550,"column":9},"end":{"line":550,"column":26}},"loc":{"start":{"line":550,"column":26},"end":{"line":576,"column":1}}},"52":{"name":"(anonymous_52)","decl":{"start":{"line":566,"column":19},"end":{"line":566,"column":28}},"loc":{"start":{"line":566,"column":30},"end":{"line":569,"column":3}}},"53":{"name":"handleImportNotes","decl":{"start":{"line":578,"column":15},"end":{"line":578,"column":32}},"loc":{"start":{"line":578,"column":45},"end":{"line":610,"column":1}}},"54":{"name":"(anonymous_54)","decl":{"start":{"line":605,"column":42},"end":{"line":605,"column":45}},"loc":{"start":{"line":605,"column":47},"end":{"line":608,"column":5}}},"55":{"name":"bindEventListeners","decl":{"start":{"line":612,"column":9},"end":{"line":612,"column":27}},"loc":{"start":{"line":612,"column":27},"end":{"line":779,"column":1}}},"56":{"name":"(anonymous_56)","decl":{"start":{"line":613,"column":34},"end":{"line":613,"column":35}},"loc":{"start":{"line":613,"column":44},"end":{"line":615,"column":3}}},"57":{"name":"(anonymous_57)","decl":{"start":{"line":621,"column":42},"end":{"line":621,"column":45}},"loc":{"start":{"line":621,"column":47},"end":{"line":623,"column":3}}},"58":{"name":"(anonymous_58)","decl":{"start":{"line":625,"column":41},"end":{"line":625,"column":44}},"loc":{"start":{"line":625,"column":46},"end":{"line":627,"column":3}}},"59":{"name":"(anonymous_59)","decl":{"start":{"line":631,"column":42},"end":{"line":631,"column":43}},"loc":{"start":{"line":631,"column":52},"end":{"line":635,"column":3}}},"60":{"name":"(anonymous_60)","decl":{"start":{"line":637,"column":48},"end":{"line":637,"column":51}},"loc":{"start":{"line":637,"column":53},"end":{"line":642,"column":3}}},"61":{"name":"(anonymous_61)","decl":{"start":{"line":644,"column":40},"end":{"line":644,"column":41}},"loc":{"start":{"line":644,"column":50},"end":{"line":648,"column":3}}},"62":{"name":"(anonymous_62)","decl":{"start":{"line":650,"column":41},"end":{"line":650,"column":42}},"loc":{"start":{"line":650,"column":51},"end":{"line":669,"column":3}}},"63":{"name":"(anonymous_63)","decl":{"start":{"line":671,"column":28},"end":{"line":671,"column":29}},"loc":{"start":{"line":671,"column":38},"end":{"line":678,"column":3}}},"64":{"name":"(anonymous_64)","decl":{"start":{"line":672,"column":37},"end":{"line":672,"column":40}},"loc":{"start":{"line":672,"column":42},"end":{"line":677,"column":5}}},"65":{"name":"(anonymous_65)","decl":{"start":{"line":680,"column":43},"end":{"line":680,"column":46}},"loc":{"start":{"line":680,"column":48},"end":{"line":684,"column":3}}},"66":{"name":"(anonymous_66)","decl":{"start":{"line":686,"column":29},"end":{"line":686,"column":30}},"loc":{"start":{"line":686,"column":39},"end":{"line":692,"column":3}}},"67":{"name":"(anonymous_67)","decl":{"start":{"line":687,"column":37},"end":{"line":687,"column":40}},"loc":{"start":{"line":687,"column":42},"end":{"line":691,"column":5}}},"68":{"name":"(anonymous_68)","decl":{"start":{"line":694,"column":44},"end":{"line":694,"column":47}},"loc":{"start":{"line":694,"column":49},"end":{"line":699,"column":3}}},"69":{"name":"(anonymous_69)","decl":{"start":{"line":701,"column":40},"end":{"line":701,"column":43}},"loc":{"start":{"line":701,"column":45},"end":{"line":708,"column":3}}},"70":{"name":"(anonymous_70)","decl":{"start":{"line":710,"column":43},"end":{"line":710,"column":44}},"loc":{"start":{"line":710,"column":53},"end":{"line":713,"column":3}}},"71":{"name":"(anonymous_71)","decl":{"start":{"line":715,"column":42},"end":{"line":715,"column":43}},"loc":{"start":{"line":715,"column":52},"end":{"line":717,"column":3}}},"72":{"name":"(anonymous_72)","decl":{"start":{"line":719,"column":29},"end":{"line":719,"column":30}},"loc":{"start":{"line":719,"column":40},"end":{"line":745,"column":3}}},"73":{"name":"(anonymous_73)","decl":{"start":{"line":720,"column":37},"end":{"line":720,"column":40}},"loc":{"start":{"line":720,"column":42},"end":{"line":724,"column":5}}},"74":{"name":"(anonymous_74)","decl":{"start":{"line":726,"column":39},"end":{"line":726,"column":40}},"loc":{"start":{"line":726,"column":49},"end":{"line":744,"column":5}}},"75":{"name":"(anonymous_75)","decl":{"start":{"line":731,"column":56},"end":{"line":731,"column":57}},"loc":{"start":{"line":731,"column":71},"end":{"line":731,"column":91}}},"76":{"name":"(anonymous_76)","decl":{"start":{"line":747,"column":48},"end":{"line":747,"column":51}},"loc":{"start":{"line":747,"column":53},"end":{"line":749,"column":3}}},"77":{"name":"(anonymous_77)","decl":{"start":{"line":751,"column":44},"end":{"line":751,"column":47}},"loc":{"start":{"line":751,"column":49},"end":{"line":753,"column":3}}},"78":{"name":"(anonymous_78)","decl":{"start":{"line":756,"column":46},"end":{"line":756,"column":47}},"loc":{"start":{"line":756,"column":56},"end":{"line":758,"column":3}}},"79":{"name":"(anonymous_79)","decl":{"start":{"line":760,"column":43},"end":{"line":760,"column":46}},"loc":{"start":{"line":760,"column":48},"end":{"line":762,"column":3}}},"80":{"name":"(anonymous_80)","decl":{"start":{"line":764,"column":43},"end":{"line":764,"column":46}},"loc":{"start":{"line":764,"column":48},"end":{"line":766,"column":3}}},"81":{"name":"(anonymous_81)","decl":{"start":{"line":768,"column":37},"end":{"line":768,"column":38}},"loc":{"start":{"line":768,"column":47},"end":{"line":778,"column":3}}},"82":{"name":"bootstrap","decl":{"start":{"line":781,"column":22},"end":{"line":781,"column":31}},"loc":{"start":{"line":781,"column":31},"end":{"line":824,"column":1}}},"83":{"name":"(anonymous_83)","decl":{"start":{"line":797,"column":44},"end":{"line":797,"column":45}},"loc":{"start":{"line":797,"column":54},"end":{"line":797,"column":93}}},"84":{"name":"(anonymous_84)","decl":{"start":{"line":811,"column":37},"end":{"line":811,"column":42}},"loc":{"start":{"line":811,"column":53},"end":{"line":821,"column":3}}}},"branchMap":{"0":{"loc":{"start":{"line":63,"column":29},"end":{"line":63,"column":87}},"type":"binary-expr","locations":[{"start":{"line":63,"column":29},"end":{"line":63,"column":71}},{"start":{"line":63,"column":75},"end":{"line":63,"column":87}}]},"1":{"loc":{"start":{"line":75,"column":2},"end":{"line":77,"column":3}},"type":"if","locations":[{"start":{"line":75,"column":2},"end":{"line":77,"column":3}}]},"2":{"loc":{"start":{"line":100,"column":23},"end":{"line":100,"column":65}},"type":"binary-expr","locations":[{"start":{"line":100,"column":23},"end":{"line":100,"column":42}},{"start":{"line":100,"column":46},"end":{"line":100,"column":65}}]},"3":{"loc":{"start":{"line":107,"column":45},"end":{"line":107,"column":78}},"type":"default-arg","locations":[{"start":{"line":107,"column":76},"end":{"line":107,"column":78}}]},"4":{"loc":{"start":{"line":108,"column":10},"end":{"line":108,"column":23}},"type":"default-arg","locations":[{"start":{"line":108,"column":18},"end":{"line":108,"column":23}}]},"5":{"loc":{"start":{"line":109,"column":2},"end":{"line":111,"column":3}},"type":"if","locations":[{"start":{"line":109,"column":2},"end":{"line":111,"column":3}}]},"6":{"loc":{"start":{"line":109,"column":6},"end":{"line":109,"column":61}},"type":"binary-expr","locations":[{"start":{"line":109,"column":6},"end":{"line":109,"column":32}},{"start":{"line":109,"column":36},"end":{"line":109,"column":61}}]},"7":{"loc":{"start":{"line":114,"column":21},"end":{"line":114,"column":76}},"type":"cond-expr","locations":[{"start":{"line":114,"column":48},"end":{"line":114,"column":53}},{"start":{"line":114,"column":56},"end":{"line":114,"column":76}}]},"8":{"loc":{"start":{"line":115,"column":22},"end":{"line":115,"column":56}},"type":"binary-expr","locations":[{"start":{"line":115,"column":22},"end":{"line":115,"column":32}},{"start":{"line":115,"column":36},"end":{"line":115,"column":56}}]},"9":{"loc":{"start":{"line":122,"column":22},"end":{"line":122,"column":39}},"type":"cond-expr","locations":[{"start":{"line":122,"column":33},"end":{"line":122,"column":34}},{"start":{"line":122,"column":37},"end":{"line":122,"column":39}}]},"10":{"loc":{"start":{"line":123,"column":4},"end":{"line":125,"column":5}},"type":"if","locations":[{"start":{"line":123,"column":4},"end":{"line":125,"column":5}}]},"11":{"loc":{"start":{"line":123,"column":8},"end":{"line":123,"column":25}},"type":"binary-expr","locations":[{"start":{"line":123,"column":8},"end":{"line":123,"column":16}},{"start":{"line":123,"column":20},"end":{"line":123,"column":25}}]},"12":{"loc":{"start":{"line":132,"column":4},"end":{"line":136,"column":5}},"type":"if","locations":[{"start":{"line":132,"column":4},"end":{"line":136,"column":5}},{"start":{"line":134,"column":11},"end":{"line":136,"column":5}}]},"13":{"loc":{"start":{"line":145,"column":4},"end":{"line":153,"column":5}},"type":"if","locations":[{"start":{"line":145,"column":4},"end":{"line":153,"column":5}},{"start":{"line":149,"column":11},"end":{"line":153,"column":5}}]},"14":{"loc":{"start":{"line":169,"column":2},"end":{"line":169,"column":58}},"type":"default-arg","locations":[{"start":{"line":169,"column":56},"end":{"line":169,"column":58}}]},"15":{"loc":{"start":{"line":171,"column":10},"end":{"line":171,"column":24}},"type":"default-arg","locations":[{"start":{"line":171,"column":20},"end":{"line":171,"column":24}}]},"16":{"loc":{"start":{"line":171,"column":26},"end":{"line":171,"column":42}},"type":"default-arg","locations":[{"start":{"line":171,"column":38},"end":{"line":171,"column":42}}]},"17":{"loc":{"start":{"line":172,"column":2},"end":{"line":174,"column":3}},"type":"if","locations":[{"start":{"line":172,"column":2},"end":{"line":174,"column":3}}]},"18":{"loc":{"start":{"line":177,"column":2},"end":{"line":179,"column":3}},"type":"if","locations":[{"start":{"line":177,"column":2},"end":{"line":179,"column":3}}]},"19":{"loc":{"start":{"line":184,"column":2},"end":{"line":184,"column":37}},"type":"default-arg","locations":[{"start":{"line":184,"column":35},"end":{"line":184,"column":37}}]},"20":{"loc":{"start":{"line":186,"column":10},"end":{"line":186,"column":24}},"type":"default-arg","locations":[{"start":{"line":186,"column":20},"end":{"line":186,"column":24}}]},"21":{"loc":{"start":{"line":187,"column":2},"end":{"line":191,"column":3}},"type":"if","locations":[{"start":{"line":187,"column":2},"end":{"line":191,"column":3}}]},"22":{"loc":{"start":{"line":187,"column":6},"end":{"line":187,"column":41}},"type":"binary-expr","locations":[{"start":{"line":187,"column":6},"end":{"line":187,"column":26}},{"start":{"line":187,"column":30},"end":{"line":187,"column":41}}]},"23":{"loc":{"start":{"line":193,"column":31},"end":{"line":193,"column":65}},"type":"binary-expr","locations":[{"start":{"line":193,"column":31},"end":{"line":193,"column":42}},{"start":{"line":193,"column":46},"end":{"line":193,"column":65}}]},"24":{"loc":{"start":{"line":196,"column":2},"end":{"line":198,"column":3}},"type":"if","locations":[{"start":{"line":196,"column":2},"end":{"line":198,"column":3}}]},"25":{"loc":{"start":{"line":203,"column":2},"end":{"line":203,"column":37}},"type":"default-arg","locations":[{"start":{"line":203,"column":35},"end":{"line":203,"column":37}}]},"26":{"loc":{"start":{"line":205,"column":10},"end":{"line":205,"column":24}},"type":"default-arg","locations":[{"start":{"line":205,"column":20},"end":{"line":205,"column":24}}]},"27":{"loc":{"start":{"line":210,"column":2},"end":{"line":221,"column":3}},"type":"if","locations":[{"start":{"line":210,"column":2},"end":{"line":221,"column":3}},{"start":{"line":216,"column":9},"end":{"line":221,"column":3}}]},"28":{"loc":{"start":{"line":214,"column":17},"end":{"line":214,"column":62}},"type":"cond-expr","locations":[{"start":{"line":214,"column":45},"end":{"line":214,"column":51}},{"start":{"line":214,"column":54},"end":{"line":214,"column":62}}]},"29":{"loc":{"start":{"line":217,"column":4},"end":{"line":219,"column":5}},"type":"if","locations":[{"start":{"line":217,"column":4},"end":{"line":219,"column":5}}]},"30":{"loc":{"start":{"line":225,"column":2},"end":{"line":227,"column":3}},"type":"if","locations":[{"start":{"line":225,"column":2},"end":{"line":227,"column":3}}]},"31":{"loc":{"start":{"line":232,"column":2},"end":{"line":234,"column":3}},"type":"if","locations":[{"start":{"line":232,"column":2},"end":{"line":234,"column":3}}]},"32":{"loc":{"start":{"line":239,"column":2},"end":{"line":239,"column":27}},"type":"if","locations":[{"start":{"line":239,"column":2},"end":{"line":239,"column":27}}]},"33":{"loc":{"start":{"line":251,"column":2},"end":{"line":251,"column":28}},"type":"if","locations":[{"start":{"line":251,"column":2},"end":{"line":251,"column":28}}]},"34":{"loc":{"start":{"line":263,"column":2},"end":{"line":267,"column":3}},"type":"if","locations":[{"start":{"line":263,"column":2},"end":{"line":267,"column":3}},{"start":{"line":265,"column":9},"end":{"line":267,"column":3}}]},"35":{"loc":{"start":{"line":278,"column":2},"end":{"line":281,"column":3}},"type":"if","locations":[{"start":{"line":278,"column":2},"end":{"line":281,"column":3}}]},"36":{"loc":{"start":{"line":285,"column":2},"end":{"line":288,"column":3}},"type":"if","locations":[{"start":{"line":285,"column":2},"end":{"line":288,"column":3}}]},"37":{"loc":{"start":{"line":307,"column":8},"end":{"line":307,"column":33}},"type":"binary-expr","locations":[{"start":{"line":307,"column":8},"end":{"line":307,"column":25}},{"start":{"line":307,"column":29},"end":{"line":307,"column":33}}]},"38":{"loc":{"start":{"line":316,"column":9},"end":{"line":316,"column":68}},"type":"binary-expr","locations":[{"start":{"line":316,"column":9},"end":{"line":316,"column":38}},{"start":{"line":316,"column":42},"end":{"line":316,"column":68}}]},"39":{"loc":{"start":{"line":321,"column":2},"end":{"line":323,"column":3}},"type":"if","locations":[{"start":{"line":321,"column":2},"end":{"line":323,"column":3}}]},"40":{"loc":{"start":{"line":325,"column":2},"end":{"line":327,"column":3}},"type":"if","locations":[{"start":{"line":325,"column":2},"end":{"line":327,"column":3}}]},"41":{"loc":{"start":{"line":329,"column":4},"end":{"line":332,"column":95}},"type":"binary-expr","locations":[{"start":{"line":329,"column":4},"end":{"line":329,"column":37}},{"start":{"line":330,"column":4},"end":{"line":330,"column":41}},{"start":{"line":331,"column":4},"end":{"line":331,"column":43}},{"start":{"line":332,"column":4},"end":{"line":332,"column":95}}]},"42":{"loc":{"start":{"line":332,"column":19},"end":{"line":332,"column":46}},"type":"binary-expr","locations":[{"start":{"line":332,"column":19},"end":{"line":332,"column":38}},{"start":{"line":332,"column":42},"end":{"line":332,"column":46}}]},"43":{"loc":{"start":{"line":332,"column":67},"end":{"line":332,"column":94}},"type":"binary-expr","locations":[{"start":{"line":332,"column":67},"end":{"line":332,"column":86}},{"start":{"line":332,"column":90},"end":{"line":332,"column":94}}]},"44":{"loc":{"start":{"line":345,"column":2},"end":{"line":347,"column":3}},"type":"if","locations":[{"start":{"line":345,"column":2},"end":{"line":347,"column":3}}]},"45":{"loc":{"start":{"line":348,"column":2},"end":{"line":350,"column":3}},"type":"if","locations":[{"start":{"line":348,"column":2},"end":{"line":350,"column":3}}]},"46":{"loc":{"start":{"line":357,"column":2},"end":{"line":359,"column":3}},"type":"if","locations":[{"start":{"line":357,"column":2},"end":{"line":359,"column":3}}]},"47":{"loc":{"start":{"line":357,"column":6},"end":{"line":357,"column":39}},"type":"binary-expr","locations":[{"start":{"line":357,"column":6},"end":{"line":357,"column":23}},{"start":{"line":357,"column":27},"end":{"line":357,"column":39}}]},"48":{"loc":{"start":{"line":361,"column":2},"end":{"line":367,"column":3}},"type":"if","locations":[{"start":{"line":361,"column":2},"end":{"line":367,"column":3}}]},"49":{"loc":{"start":{"line":361,"column":6},"end":{"line":361,"column":42}},"type":"binary-expr","locations":[{"start":{"line":361,"column":6},"end":{"line":361,"column":21}},{"start":{"line":361,"column":25},"end":{"line":361,"column":42}}]},"50":{"loc":{"start":{"line":362,"column":4},"end":{"line":364,"column":5}},"type":"if","locations":[{"start":{"line":362,"column":4},"end":{"line":364,"column":5}}]},"51":{"loc":{"start":{"line":373,"column":2},"end":{"line":399,"column":3}},"type":"if","locations":[{"start":{"line":373,"column":2},"end":{"line":399,"column":3}},{"start":{"line":386,"column":9},"end":{"line":399,"column":3}}]},"52":{"loc":{"start":{"line":375,"column":6},"end":{"line":384,"column":14}},"type":"cond-expr","locations":[{"start":{"line":376,"column":10},"end":{"line":383,"column":null}},{"start":{"line":384,"column":10},"end":{"line":384,"column":14}}]},"53":{"loc":{"start":{"line":401,"column":19},"end":{"line":403,"column":47}},"type":"cond-expr","locations":[{"start":{"line":402,"column":7},"end":{"line":402,"column":64}},{"start":{"line":403,"column":7},"end":{"line":403,"column":46}}]},"54":{"loc":{"start":{"line":402,"column":7},"end":{"line":402,"column":64}},"type":"binary-expr","locations":[{"start":{"line":402,"column":7},"end":{"line":402,"column":56}},{"start":{"line":402,"column":60},"end":{"line":402,"column":64}}]},"55":{"loc":{"start":{"line":403,"column":7},"end":{"line":403,"column":46}},"type":"binary-expr","locations":[{"start":{"line":403,"column":7},"end":{"line":403,"column":38}},{"start":{"line":403,"column":42},"end":{"line":403,"column":46}}]},"56":{"loc":{"start":{"line":407,"column":20},"end":{"line":407,"column":40}},"type":"binary-expr","locations":[{"start":{"line":407,"column":20},"end":{"line":407,"column":32}},{"start":{"line":407,"column":36},"end":{"line":407,"column":40}}]},"57":{"loc":{"start":{"line":412,"column":2},"end":{"line":418,"column":3}},"type":"if","locations":[{"start":{"line":412,"column":2},"end":{"line":418,"column":3}},{"start":{"line":415,"column":9},"end":{"line":418,"column":3}}]},"58":{"loc":{"start":{"line":421,"column":2},"end":{"line":427,"column":3}},"type":"if","locations":[{"start":{"line":421,"column":2},"end":{"line":427,"column":3}},{"start":{"line":423,"column":9},"end":{"line":427,"column":3}}]},"59":{"loc":{"start":{"line":423,"column":9},"end":{"line":427,"column":3}},"type":"if","locations":[{"start":{"line":423,"column":9},"end":{"line":427,"column":3}}]},"60":{"loc":{"start":{"line":432,"column":2},"end":{"line":435,"column":3}},"type":"if","locations":[{"start":{"line":432,"column":2},"end":{"line":435,"column":3}}]},"61":{"loc":{"start":{"line":436,"column":2},"end":{"line":439,"column":3}},"type":"if","locations":[{"start":{"line":436,"column":2},"end":{"line":439,"column":3}}]},"62":{"loc":{"start":{"line":453,"column":2},"end":{"line":453,"column":18}},"type":"if","locations":[{"start":{"line":453,"column":2},"end":{"line":453,"column":18}}]},"63":{"loc":{"start":{"line":466,"column":2},"end":{"line":468,"column":3}},"type":"if","locations":[{"start":{"line":466,"column":2},"end":{"line":468,"column":3}}]},"64":{"loc":{"start":{"line":485,"column":9},"end":{"line":485,"column":67}},"type":"cond-expr","locations":[{"start":{"line":485,"column":37},"end":{"line":485,"column":47}},{"start":{"line":485,"column":50},"end":{"line":485,"column":67}}]},"65":{"loc":{"start":{"line":490,"column":2},"end":{"line":492,"column":3}},"type":"if","locations":[{"start":{"line":490,"column":2},"end":{"line":492,"column":3}}]},"66":{"loc":{"start":{"line":506,"column":4},"end":{"line":508,"column":5}},"type":"if","locations":[{"start":{"line":506,"column":4},"end":{"line":508,"column":5}}]},"67":{"loc":{"start":{"line":506,"column":8},"end":{"line":506,"column":55}},"type":"binary-expr","locations":[{"start":{"line":506,"column":8},"end":{"line":506,"column":16}},{"start":{"line":506,"column":20},"end":{"line":506,"column":55}}]},"68":{"loc":{"start":{"line":515,"column":20},"end":{"line":515,"column":86}},"type":"cond-expr","locations":[{"start":{"line":515,"column":41},"end":{"line":515,"column":79}},{"start":{"line":515,"column":82},"end":{"line":515,"column":86}}]},"69":{"loc":{"start":{"line":521,"column":2},"end":{"line":526,"column":3}},"type":"if","locations":[{"start":{"line":521,"column":2},"end":{"line":526,"column":3}},{"start":{"line":524,"column":9},"end":{"line":526,"column":3}}]},"70":{"loc":{"start":{"line":523,"column":17},"end":{"line":523,"column":37}},"type":"binary-expr","locations":[{"start":{"line":523,"column":17},"end":{"line":523,"column":29}},{"start":{"line":523,"column":33},"end":{"line":523,"column":37}}]},"71":{"loc":{"start":{"line":530,"column":2},"end":{"line":539,"column":3}},"type":"if","locations":[{"start":{"line":530,"column":2},"end":{"line":539,"column":3}}]},"72":{"loc":{"start":{"line":530,"column":6},"end":{"line":530,"column":77}},"type":"binary-expr","locations":[{"start":{"line":530,"column":6},"end":{"line":530,"column":32}},{"start":{"line":530,"column":36},"end":{"line":530,"column":77}}]},"73":{"loc":{"start":{"line":571,"column":2},"end":{"line":575,"column":3}},"type":"if","locations":[{"start":{"line":571,"column":2},"end":{"line":575,"column":3}},{"start":{"line":573,"column":9},"end":{"line":575,"column":3}}]},"74":{"loc":{"start":{"line":580,"column":15},"end":{"line":580,"column":39}},"type":"binary-expr","locations":[{"start":{"line":580,"column":15},"end":{"line":580,"column":31}},{"start":{"line":580,"column":35},"end":{"line":580,"column":39}}]},"75":{"loc":{"start":{"line":581,"column":2},"end":{"line":583,"column":3}},"type":"if","locations":[{"start":{"line":581,"column":2},"end":{"line":583,"column":3}}]},"76":{"loc":{"start":{"line":585,"column":2},"end":{"line":588,"column":3}},"type":"if","locations":[{"start":{"line":585,"column":2},"end":{"line":588,"column":3}}]},"77":{"loc":{"start":{"line":595,"column":4},"end":{"line":597,"column":5}},"type":"if","locations":[{"start":{"line":595,"column":4},"end":{"line":597,"column":5}}]},"78":{"loc":{"start":{"line":599,"column":68},"end":{"line":599,"column":97}},"type":"cond-expr","locations":[{"start":{"line":599,"column":89},"end":{"line":599,"column":91}},{"start":{"line":599,"column":94},"end":{"line":599,"column":97}}]},"79":{"loc":{"start":{"line":632,"column":4},"end":{"line":634,"column":5}},"type":"if","locations":[{"start":{"line":632,"column":4},"end":{"line":634,"column":5}}]},"80":{"loc":{"start":{"line":632,"column":8},"end":{"line":632,"column":72}},"type":"binary-expr","locations":[{"start":{"line":632,"column":8},"end":{"line":632,"column":38}},{"start":{"line":632,"column":42},"end":{"line":632,"column":72}}]},"81":{"loc":{"start":{"line":638,"column":4},"end":{"line":640,"column":5}},"type":"if","locations":[{"start":{"line":638,"column":4},"end":{"line":640,"column":5}}]},"82":{"loc":{"start":{"line":655,"column":4},"end":{"line":661,"column":5}},"type":"if","locations":[{"start":{"line":655,"column":4},"end":{"line":661,"column":5}},{"start":{"line":659,"column":11},"end":{"line":661,"column":5}}]},"83":{"loc":{"start":{"line":656,"column":6},"end":{"line":658,"column":7}},"type":"if","locations":[{"start":{"line":656,"column":6},"end":{"line":658,"column":7}}]},"84":{"loc":{"start":{"line":659,"column":11},"end":{"line":661,"column":5}},"type":"if","locations":[{"start":{"line":659,"column":11},"end":{"line":661,"column":5}}]},"85":{"loc":{"start":{"line":663,"column":4},"end":{"line":668,"column":5}},"type":"if","locations":[{"start":{"line":663,"column":4},"end":{"line":668,"column":5}},{"start":{"line":666,"column":11},"end":{"line":668,"column":5}}]},"86":{"loc":{"start":{"line":673,"column":6},"end":{"line":673,"column":33}},"type":"if","locations":[{"start":{"line":673,"column":6},"end":{"line":673,"column":33}}]},"87":{"loc":{"start":{"line":688,"column":6},"end":{"line":688,"column":33}},"type":"if","locations":[{"start":{"line":688,"column":6},"end":{"line":688,"column":33}}]},"88":{"loc":{"start":{"line":689,"column":19},"end":{"line":689,"column":65}},"type":"cond-expr","locations":[{"start":{"line":689,"column":47},"end":{"line":689,"column":56}},{"start":{"line":689,"column":59},"end":{"line":689,"column":65}}]},"89":{"loc":{"start":{"line":696,"column":27},"end":{"line":696,"column":54}},"type":"cond-expr","locations":[{"start":{"line":696,"column":42},"end":{"line":696,"column":47}},{"start":{"line":696,"column":50},"end":{"line":696,"column":54}}]},"90":{"loc":{"start":{"line":702,"column":4},"end":{"line":705,"column":5}},"type":"if","locations":[{"start":{"line":702,"column":4},"end":{"line":705,"column":5}}]},"91":{"loc":{"start":{"line":722,"column":6},"end":{"line":722,"column":25}},"type":"if","locations":[{"start":{"line":722,"column":6},"end":{"line":722,"column":25}}]},"92":{"loc":{"start":{"line":727,"column":6},"end":{"line":729,"column":7}},"type":"if","locations":[{"start":{"line":727,"column":6},"end":{"line":729,"column":7}}]},"93":{"loc":{"start":{"line":732,"column":6},"end":{"line":734,"column":7}},"type":"if","locations":[{"start":{"line":732,"column":6},"end":{"line":734,"column":7}}]},"94":{"loc":{"start":{"line":735,"column":21},"end":{"line":735,"column":56}},"type":"cond-expr","locations":[{"start":{"line":735,"column":50},"end":{"line":735,"column":51}},{"start":{"line":735,"column":54},"end":{"line":735,"column":56}}]},"95":{"loc":{"start":{"line":740,"column":6},"end":{"line":742,"column":7}},"type":"if","locations":[{"start":{"line":740,"column":6},"end":{"line":742,"column":7}}]},"96":{"loc":{"start":{"line":769,"column":4},"end":{"line":777,"column":5}},"type":"if","locations":[{"start":{"line":769,"column":4},"end":{"line":777,"column":5}}]},"97":{"loc":{"start":{"line":770,"column":6},"end":{"line":773,"column":7}},"type":"if","locations":[{"start":{"line":770,"column":6},"end":{"line":773,"column":7}}]},"98":{"loc":{"start":{"line":770,"column":10},"end":{"line":770,"column":57}},"type":"binary-expr","locations":[{"start":{"line":770,"column":10},"end":{"line":770,"column":40}},{"start":{"line":770,"column":44},"end":{"line":770,"column":57}}]},"99":{"loc":{"start":{"line":774,"column":6},"end":{"line":776,"column":7}},"type":"if","locations":[{"start":{"line":774,"column":6},"end":{"line":776,"column":7}}]},"100":{"loc":{"start":{"line":789,"column":28},"end":{"line":789,"column":77}},"type":"binary-expr","locations":[{"start":{"line":789,"column":28},"end":{"line":789,"column":47}},{"start":{"line":789,"column":51},"end":{"line":789,"column":77}}]},"101":{"loc":{"start":{"line":796,"column":2},"end":{"line":806,"column":3}},"type":"if","locations":[{"start":{"line":796,"column":2},"end":{"line":806,"column":3}},{"start":{"line":804,"column":9},"end":{"line":806,"column":3}}]},"102":{"loc":{"start":{"line":798,"column":4},"end":{"line":803,"column":5}},"type":"if","locations":[{"start":{"line":798,"column":4},"end":{"line":803,"column":5}},{"start":{"line":800,"column":11},"end":{"line":803,"column":5}}]},"103":{"loc":{"start":{"line":812,"column":4},"end":{"line":812,"column":51}},"type":"if","locations":[{"start":{"line":812,"column":4},"end":{"line":812,"column":51}}]}},"s":{"0":4,"1":4,"2":4,"3":4,"4":4,"5":4,"6":4,"7":4,"8":4,"9":4,"10":4,"11":4,"12":4,"13":4,"14":4,"15":4,"16":4,"17":22,"18":0,"19":0,"20":0,"21":0,"22":0,"23":0,"24":0,"25":6,"26":0,"27":0,"28":0,"29":22,"30":22,"31":22,"32":198,"33":22,"34":22,"35":22,"36":22,"37":44,"38":6,"39":6,"40":0,"41":6,"42":18,"43":6,"44":6,"45":6,"46":18,"47":18,"48":18,"49":18,"50":18,"51":18,"52":2,"53":6,"54":18,"55":18,"56":18,"57":18,"58":6,"59":12,"60":4,"61":5,"62":5,"63":10,"64":6,"65":6,"66":6,"67":4,"68":4,"69":4,"70":5,"71":5,"72":4,"73":4,"74":4,"75":4,"76":5,"77":5,"78":1,"79":5,"80":5,"81":5,"82":1,"83":4,"84":4,"85":0,"86":0,"87":0,"88":4,"89":4,"90":4,"91":0,"92":5,"93":5,"94":5,"95":5,"96":5,"97":5,"98":3,"99":3,"100":3,"101":3,"102":3,"103":2,"104":0,"105":2,"106":5,"107":5,"108":5,"109":5,"110":1,"111":0,"112":0,"113":0,"114":0,"115":1,"116":0,"117":1,"118":1,"119":1,"120":1,"121":1,"122":1,"123":1,"124":1,"125":4,"126":4,"127":0,"128":0,"129":0,"130":0,"131":0,"132":0,"133":0,"134":0,"135":1,"136":0,"137":1,"138":0,"139":0,"140":5,"141":0,"142":0,"143":0,"144":0,"145":0,"146":0,"147":0,"148":0,"149":0,"150":0,"151":0,"152":0,"153":0,"154":0,"155":0,"156":0,"157":0,"158":0,"159":0,"160":0,"161":0,"162":0,"163":0,"164":0,"165":0,"166":0,"167":0,"168":0,"169":0,"170":0,"171":0,"172":0,"173":0,"174":0,"175":0,"176":0,"177":0,"178":0,"179":0,"180":0,"181":0,"182":0,"183":0,"184":0,"185":0,"186":0,"187":0,"188":0,"189":0,"190":0,"191":0,"192":0,"193":0,"194":0,"195":0,"196":0,"197":0,"198":0,"199":0,"200":0,"201":0,"202":0,"203":0,"204":0,"205":0,"206":0,"207":0,"208":0,"209":0,"210":0,"211":0,"212":0,"213":0,"214":0,"215":0,"216":0,"217":0,"218":0,"219":0,"220":0,"221":0,"222":0,"223":0,"224":0,"225":0,"226":0,"227":0,"228":0,"229":5,"230":1,"231":1,"232":1,"233":1,"234":1,"235":1,"236":1,"237":1,"238":0,"239":1,"240":1,"241":1,"242":1,"243":1,"244":1,"245":1,"246":1,"247":1,"248":1,"249":1,"250":1,"251":1,"252":1,"253":1,"254":1,"255":2,"256":1,"257":0,"258":1,"259":0,"260":0,"261":0,"262":0,"263":1,"264":1,"265":1,"266":1,"267":1,"268":1,"269":1,"270":1,"271":1,"272":1,"273":1,"274":1,"275":1,"276":1,"277":1,"278":1,"279":1,"280":1,"281":0,"282":1,"283":1,"284":1,"285":1,"286":0,"287":1,"288":0,"289":0,"290":1,"291":1,"292":1,"293":1,"294":1,"295":1,"296":0,"297":1,"298":1,"299":0,"300":0,"301":1,"302":1,"303":1,"304":1,"305":4,"306":0,"307":4,"308":4,"309":4,"310":4,"311":0,"312":4,"313":0,"314":4,"315":4,"316":0,"317":0,"318":4,"319":0,"320":0,"321":0,"322":4,"323":0,"324":0,"325":0,"326":4,"327":0,"328":0,"329":0,"330":0,"331":0,"332":0,"333":0,"334":0,"335":0,"336":0,"337":0,"338":0,"339":4,"340":36,"341":0,"342":0,"343":0,"344":0,"345":0,"346":4,"347":1,"348":1,"349":1,"350":4,"351":8,"352":1,"353":0,"354":1,"355":1,"356":4,"357":0,"358":0,"359":0,"360":0,"361":4,"362":0,"363":0,"364":0,"365":0,"366":0,"367":4,"368":1,"369":1,"370":4,"371":2,"372":4,"373":12,"374":1,"375":1,"376":0,"377":1,"378":12,"379":0,"380":0,"381":0,"382":0,"383":0,"384":0,"385":0,"386":0,"387":0,"388":0,"389":0,"390":0,"391":0,"392":0,"393":4,"394":0,"395":4,"396":0,"397":4,"398":4,"399":1,"400":4,"401":0,"402":4,"403":0,"404":4,"405":0,"406":0,"407":0,"408":0,"409":0,"410":0,"411":4,"412":4,"413":4,"414":4,"415":4,"416":4,"417":4,"418":4,"419":4,"420":4,"421":4,"422":0,"423":0,"424":0,"425":0,"426":0,"427":0,"428":4,"429":4,"430":4,"431":4,"432":0,"433":0,"434":0,"435":0,"436":0,"437":0,"438":0,"439":0,"440":0,"441":0,"442":4,"443":4},"f":{"0":22,"1":0,"2":6,"3":0,"4":22,"5":198,"6":44,"7":6,"8":18,"9":18,"10":18,"11":5,"12":10,"13":4,"14":5,"15":4,"16":5,"17":0,"18":1,"19":4,"20":1,"21":0,"22":5,"23":0,"24":0,"25":0,"26":0,"27":0,"28":0,"29":0,"30":0,"31":0,"32":0,"33":0,"34":0,"35":0,"36":0,"37":0,"38":0,"39":5,"40":1,"41":1,"42":1,"43":1,"44":1,"45":1,"46":1,"47":2,"48":1,"49":0,"50":1,"51":1,"52":1,"53":1,"54":1,"55":4,"56":0,"57":0,"58":0,"59":0,"60":0,"61":0,"62":0,"63":36,"64":0,"65":1,"66":8,"67":1,"68":0,"69":0,"70":1,"71":2,"72":12,"73":1,"74":0,"75":0,"76":0,"77":0,"78":1,"79":0,"80":0,"81":0,"82":4,"83":0,"84":0},"b":{"0":[4,0],"1":[0],"2":[22,0],"3":[4],"4":[4],"5":[0],"6":[6,6],"7":[6,0],"8":[6,0],"9":[6,12],"10":[2],"11":[18,6],"12":[6,12],"13":[6,4],"14":[1],"15":[1],"16":[1],"17":[1],"18":[1],"19":[0],"20":[0],"21":[0],"22":[4,4],"23":[4,0],"24":[0],"25":[1],"26":[1],"27":[3,2],"28":[0,3],"29":[0],"30":[1],"31":[0],"32":[0],"33":[4],"34":[0,1],"35":[0],"36":[0],"37":[0,0],"38":[0,0],"39":[0],"40":[0],"41":[0,0,0,0],"42":[0,0],"43":[0,0],"44":[0],"45":[0],"46":[0],"47":[0,0],"48":[0],"49":[0,0],"50":[0],"51":[0,0],"52":[0,0],"53":[0,0],"54":[0,0],"55":[0,0],"56":[0,0],"57":[0,0],"58":[0,0],"59":[0],"60":[0],"61":[0],"62":[0],"63":[0],"64":[0,1],"65":[0],"66":[1],"67":[1,0],"68":[1,0],"69":[1,0],"70":[1,0],"71":[0],"72":[1,1],"73":[0,1],"74":[1,0],"75":[0],"76":[0],"77":[0],"78":[1,0],"79":[0],"80":[0,0],"81":[0],"82":[0,0],"83":[0],"84":[0],"85":[0,0],"86":[0],"87":[0],"88":[1,0],"89":[0,0],"90":[0],"91":[0],"92":[0],"93":[0],"94":[0,0],"95":[0],"96":[0],"97":[0],"98":[0,0],"99":[0],"100":[4,0],"101":[0,4],"102":[0,0],"103":[0]}}
,"/home/rodrigodelbem/projects/chromnotes/src/dom.ts": {"path":"/home/rodrigodelbem/projects/chromnotes/src/dom.ts","statementMap":{"0":{"start":{"line":2,"column":18},"end":{"line":2,"column":45}},"1":{"start":{"line":3,"column":2},"end":{"line":5,"column":3}},"2":{"start":{"line":4,"column":4},"end":{"line":4,"column":77}},"3":{"start":{"line":6,"column":2},"end":{"line":6,"column":22}},"4":{"start":{"line":1,"column":0},"end":{"line":1,"column":16}},"5":{"start":{"line":9,"column":13},"end":{"line":9,"column":64}},"6":{"start":{"line":10,"column":13},"end":{"line":10,"column":72}},"7":{"start":{"line":11,"column":13},"end":{"line":11,"column":78}},"8":{"start":{"line":12,"column":13},"end":{"line":12,"column":75}},"9":{"start":{"line":13,"column":13},"end":{"line":13,"column":70}},"10":{"start":{"line":14,"column":13},"end":{"line":14,"column":81}},"11":{"start":{"line":15,"column":13},"end":{"line":15,"column":77}},"12":{"start":{"line":16,"column":13},"end":{"line":16,"column":75}},"13":{"start":{"line":17,"column":13},"end":{"line":17,"column":82}},"14":{"start":{"line":18,"column":13},"end":{"line":18,"column":75}},"15":{"start":{"line":19,"column":13},"end":{"line":19,"column":80}},"16":{"start":{"line":20,"column":13},"end":{"line":20,"column":83}},"17":{"start":{"line":21,"column":13},"end":{"line":21,"column":77}},"18":{"start":{"line":22,"column":13},"end":{"line":22,"column":65}},"19":{"start":{"line":23,"column":13},"end":{"line":23,"column":88}},"20":{"start":{"line":24,"column":13},"end":{"line":24,"column":92}},"21":{"start":{"line":25,"column":13},"end":{"line":25,"column":82}},"22":{"start":{"line":26,"column":13},"end":{"line":26,"column":77}},"23":{"start":{"line":27,"column":13},"end":{"line":27,"column":92}},"24":{"start":{"line":28,"column":13},"end":{"line":28,"column":81}},"25":{"start":{"line":30,"column":2},"end":{"line":30,"column":69}},"26":{"start":{"line":31,"column":0},"end":{"line":33,"column":1}},"27":{"start":{"line":32,"column":2},"end":{"line":32,"column":63}},"28":{"start":{"line":34,"column":13},"end":{"line":34,"column":72}},"29":{"start":{"line":35,"column":33},"end":{"line":35,"column":96}},"30":{"start":{"line":36,"column":0},"end":{"line":38,"column":1}},"31":{"start":{"line":37,"column":2},"end":{"line":37,"column":62}},"32":{"start":{"line":39,"column":13},"end":{"line":39,"column":70}},"33":{"start":{"line":40,"column":13},"end":{"line":40,"column":84}},"34":{"start":{"line":41,"column":13},"end":{"line":41,"column":84}},"35":{"start":{"line":42,"column":13},"end":{"line":42,"column":82}},"36":{"start":{"line":43,"column":13},"end":{"line":43,"column":82}},"37":{"start":{"line":44,"column":13},"end":{"line":44,"column":79}},"38":{"start":{"line":45,"column":13},"end":{"line":45,"column":73}},"39":{"start":{"line":46,"column":13},"end":{"line":46,"column":88}},"40":{"start":{"line":47,"column":13},"end":{"line":47,"column":85}},"41":{"start":{"line":48,"column":13},"end":{"line":48,"column":91}},"42":{"start":{"line":49,"column":13},"end":{"line":49,"column":88}},"43":{"start":{"line":50,"column":13},"end":{"line":50,"column":84}},"44":{"start":{"line":52,"column":28},"end":{"line":53,"column":null}},"45":{"start":{"line":56,"column":0},"end":{"line":58,"column":1}},"46":{"start":{"line":57,"column":2},"end":{"line":57,"column":62}},"47":{"start":{"line":60,"column":13},"end":{"line":60,"column":65}},"48":{"start":{"line":62,"column":29},"end":{"line":63,"column":null}},"49":{"start":{"line":66,"column":0},"end":{"line":68,"column":1}},"50":{"start":{"line":67,"column":2},"end":{"line":67,"column":63}},"51":{"start":{"line":70,"column":13},"end":{"line":70,"column":67}}},"fnMap":{"0":{"name":"requireElement","decl":{"start":{"line":1,"column":16},"end":{"line":1,"column":30}},"loc":{"start":{"line":1,"column":64},"end":{"line":7,"column":1}}}},"branchMap":{"0":{"loc":{"start":{"line":3,"column":2},"end":{"line":5,"column":3}},"type":"if","locations":[{"start":{"line":3,"column":2},"end":{"line":5,"column":3}}]},"1":{"loc":{"start":{"line":31,"column":0},"end":{"line":33,"column":1}},"type":"if","locations":[{"start":{"line":31,"column":0},"end":{"line":33,"column":1}}]},"2":{"loc":{"start":{"line":36,"column":0},"end":{"line":38,"column":1}},"type":"if","locations":[{"start":{"line":36,"column":0},"end":{"line":38,"column":1}}]},"3":{"loc":{"start":{"line":56,"column":0},"end":{"line":58,"column":1}},"type":"if","locations":[{"start":{"line":56,"column":0},"end":{"line":58,"column":1}}]},"4":{"loc":{"start":{"line":66,"column":0},"end":{"line":68,"column":1}},"type":"if","locations":[{"start":{"line":66,"column":0},"end":{"line":68,"column":1}}]}},"s":{"0":124,"1":124,"2":0,"3":124,"4":4,"5":4,"6":4,"7":4,"8":4,"9":4,"10":4,"11":4,"12":4,"13":4,"14":4,"15":4,"16":4,"17":4,"18":4,"19":4,"20":4,"21":4,"22":4,"23":4,"24":4,"25":4,"26":4,"27":0,"28":4,"29":4,"30":4,"31":0,"32":4,"33":4,"34":4,"35":4,"36":4,"37":4,"38":4,"39":4,"40":4,"41":4,"42":4,"43":4,"44":4,"45":4,"46":0,"47":4,"48":4,"49":4,"50":0,"51":4},"f":{"0":124},"b":{"0":[0],"1":[0],"2":[0],"3":[0],"4":[0]}}
,"/home/rodrigodelbem/projects/chromnotes/src/editor.ts": {"path":"/home/rodrigodelbem/projects/chromnotes/src/editor.ts","statementMap":{"0":{"start":{"line":1,"column":0},"end":{"line":1,"column":null}},"1":{"start":{"line":8,"column":0},"end":{"line":8,"column":44}},"2":{"start":{"line":9,"column":0},"end":{"line":9,"column":36}},"3":{"start":{"line":10,"column":0},"end":{"line":10,"column":40}},"4":{"start":{"line":11,"column":0},"end":{"line":11,"column":34}},"5":{"start":{"line":12,"column":0},"end":{"line":12,"column":36}},"6":{"start":{"line":13,"column":0},"end":{"line":13,"column":36}},"7":{"start":{"line":14,"column":0},"end":{"line":14,"column":49}},"8":{"start":{"line":15,"column":0},"end":{"line":15,"column":38}},"9":{"start":{"line":17,"column":38},"end":{"line":17,"column":42}},"10":{"start":{"line":18,"column":47},"end":{"line":18,"column":51}},"11":{"start":{"line":19,"column":46},"end":{"line":19,"column":50}},"12":{"start":{"line":20,"column":33},"end":{"line":20,"column":50}},"13":{"start":{"line":21,"column":22},"end":{"line":21,"column":24}},"14":{"start":{"line":22,"column":31},"end":{"line":22,"column":86}},"15":{"start":{"line":24,"column":20},"end":{"line":24,"column":86}},"16":{"start":{"line":34,"column":48},"end":{"line":40,"column":2}},"17":{"start":{"line":43,"column":2},"end":{"line":43,"column":91}},"18":{"start":{"line":43,"column":45},"end":{"line":43,"column":66}},"19":{"start":{"line":47,"column":22},"end":{"line":47,"column":81}},"20":{"start":{"line":48,"column":2},"end":{"line":54,"column":28}},"21":{"start":{"line":58,"column":21},"end":{"line":58,"column":50}},"22":{"start":{"line":59,"column":16},"end":{"line":59,"column":38}},"23":{"start":{"line":60,"column":17},"end":{"line":66,"column":7}},"24":{"start":{"line":61,"column":19},"end":{"line":61,"column":30}},"25":{"start":{"line":62,"column":29},"end":{"line":62,"column":83}},"26":{"start":{"line":63,"column":20},"end":{"line":66,"column":6}},"27":{"start":{"line":68,"column":2},"end":{"line":70,"column":3}},"28":{"start":{"line":69,"column":4},"end":{"line":69,"column":59}},"29":{"start":{"line":72,"column":2},"end":{"line":72,"column":20}},"30":{"start":{
[...]
,"/home/rodrigodelbem/projects/chromnotes/src/types.ts": {"path":"/home/rodrigodelbem/projects/chromnotes/src/types.ts","statementMap":{"0":{"start":{"line":3,"column":13},"end":{"line":13,"column":11}},"1":{"start":{"line":42,"column":13},"end":{"line":42,"column":55}},"2":{"start":{"line":44,"column":13},"end":{"line":55,"column":2}}},"fnMap":{},"branchMap":{},"s":{"0":6,"1":6,"2":6},"f":{},"b":{}}
,"/home/rodrigodelbem/projects/chromnotes/src/view.ts": {"path":"/home/rodrigodelbem/projects/chromnotes/src/view.ts","statementMap":{"0":{"start":{"line":1,"column":0},"end":{"line":1,"column":null}},"1":{"start":{"line":15,"column":0},"end":{"line":15,"column":44}},"2":{"start":{"line":16,"column":0},"end":{"line":16,"column":60}},"3":{"start":{"line":20,"column":2},"end":{"line":20,"column":51}},"4":{"start":{"line":20,"column":42},"end":{"line":20,"column":51}},"5":{"start":{"line":21,"column":2},"end":{"line":21,"column":48}},"6":{"start":{"line":25,"column":2},"end":{"line":25,"column":38}},"7":{"start":{"line":26,"column":2},"end":{"line":26,"column":31}},"8":{"start":{"line":27,"column":2},"end":{"line":27,"column":30}},"9":{"start":{"line":29,"column":2},"end":{"line":31,"column":5}},"10":{"start":{"line":30,"column":4},"end":{"line":30,"column":60}},"11":{"start":{"line":24,"column":0},"end":{"line":24,"column":16}},"12":{"start":{"line":35,"column":2},"end":{"line":47,"column":3}},"13":{"start":{"line":36,"column":4},"end":{"line":36,"column":32}},"14":{"start":{"line":37,"column":4},"end":{"line":37,"column":34}},"15":{"start":{"line":38,"column":4},"end":{"line":38,"column":40}},"16":{"start":{"line":39,"column":4},"end":{"line":39,"column":52}},"17":{"start":{"line":40,"column":4},"end":{"line":40,"column":27}},"18":{"start":{"line":42,"column":4},"end":{"line":42,"column":17}},"19":{"start":{"line":43,"column":4},"end":{"line":43,"column":27}},"20":{"start":{"line":44,"column":4},"end":{"line":44,"column":29}},"21":{"start":{"line":45,"column":4},"end":{"line":45,"column":31}},"22":{"start":{"line":46,"column":4},"end":{"line":46,"column":24}},"23":{"start":{"line":34,"column":0},"end":{"line":34,"column":16}},"24":{"start":{"line":51,"column":16},"end":{"line":51,"column":26}},"25":{"start":{"line":52,"column":2},"end":{"line":52,"column":64}},"26":{"start":{"line":53,"column":16},"end":{"line":53,"column":43}},"27":{"start":{"line":54,"column":21},"end":{"line":54,"column":88}},"28":{"start":{"line":54,"column":69},"end":{"line":54,"column":87}},"29":{"start":{"line":56,"column":2},"end":{"line":58,"column":3}},"30":{"start":{"line":57,"column":4},"end":{"line":57,"column":42}},"31":{"start":{"line":60,"column":2},"end":{"line":60,"column":32}},"32":{"start":{"line":61,"column":20},"end":{"line":61,"column":52}},"33":{"start":{"line":62,"column":2},"end":{"line":62,"column":23}},"34":{"start":{"line":63,"column":2},"end":{"line":63,"column":82}},"35":{"start":{"line":64,"column":2},"end":{"line":64,"column":40}},"36":{"start":{"line":66,"column":2},"end":{"line":71,"column":3}},"37":{"start":{"line":67,"column":19},"end":{"line":67,"column":51}},"38":{"start":{"line":68,"column":4},"end":{"line":68,"column":28}},"39":{"start":{"line":69,"column":4},"end":{"line":69,"column":34}},"40":{"start":{"line":70,"column":4},"end":{"line":70,"column":39}},"41":{"start":{"line":73,"column":30},"end":{"line":73,"column":56}},"42":{"start":{"line":74,"column":2},"end":{"line":74,"column":93}},"43":{"start":{"line":75,"column":2},"end":{"line":75,"column":52}},"44":{"start":{"line":77,"column":25},"end":{"line":77,"column":53}},"45":{"start":{"line":78,"column":28},"end":{"line":80,"column":10}},"46":{"start":{"line":82,"column":16},"end":{"line":94,"column":6}},"47":{"start":{"line":84,"column":20},"end":{"line":84,"column":45}},"48":{"start":{"line":86,"column":6},"end":{"line":86,"column":30}},"49":{"start":{"line":86,"column":18},"end":{"line":86,"column":30}},"50":{"start":{"line":87,"column":24},"end":{"line":87,"column":48}},"51":{"start":{"line":88,"column":26},"end":{"line":88,"column":52}},"52":{"start":{"line":89,"column":6},"end":{"line":89,"column":70}},"53":{"start":{"line":92,"column":6},"end":{"line":92,"column":42}},"54":{"start":{"line":92,"column":30},"end":{"line":92,"column":42}},"55":{"start":{"line":93,"column":6},"end":{"line":93,"column":44}},"56":{"start":{"line":96,"column":2},"end":{"line":96,"column":32}},"57":{"start":{"line":98,"column":2},"end":{"line":106,"column":3}},"58":{"start":{"line":99,"column":4},"end":{"line":99,"column":30}},"59":{"start":{"line":100,"column":4},"end":{"line":102,"column":65}},"60":{"start":{"line":103,"column":4},"end":{"line":103,"column":47}},"61":{"start":{"line":104,"column":4},"end":{"line":104,"column":50}},"62":{"start":{"line":105,"column":4},"end":{"line":105,"column":11}},"63":{"start":{"line":108,"column":2},"end":{"line":108,"column":27}},"64":{"start":{"line":109,"column":2},"end":{"line":109,"column":84}},"65":{"start":{"line":111,"column":21},"end":{"line":111,"column":78}},"66":{"start":{"line":112,"column":22},"end":{"line":112,"column":62}},"67":{"start":{"line":114,"column":2},"end":{"line":116,"column":3}},"68":{"start":{"line":115,"column":4},"end":{"line":115,"column":33}},"69":{"start":{"line":118,"column":21},"end":{"line":118,"column":59}},"70":{"start":{"line":119,"column":20},"end":{"line":119,"column":76}},"71":{"start":{"line":121,"column":22},"end":{"line":121,"column":50}},"72":{"start":{"line":123,"column":2},"end":{"line":170,"column":5}},"73":{"start":{"line":124,"column":21},"end":{"line":124,"column":49}},"74":{"start":{"line":125,"column":4},"end":{"line":125,"column":37}},"75":{"start":{"line":126,"column":4},"end":{"line":126,"column":34}},"76":{"start":{"line":128,"column":18},"end":{"line":128,"column":46}},"77":{"start":{"line":129,"column":4},"end":{"line":129,"column":35}},"78":{"start":{"line":130,"column":4},"end":{"line":130,"column":54}},"79":{"start":{"line":132,"column":26},"end":{"line":139,"column":12}},"80":{"start":{"line":134,"column":24},"end":{"line":134,"column":54}},"81":{"start":{"line":135,"column":10},"end":{"line":135,"column":44}},"82":{"start":{"line":136,"column":10},"end":{"line":136,"column":44}},"83":{"start":{"line":137,"column":10},"end":{"line":137,"column":23}},"84":{"start":{"line":141,"column":17},"end":{"line":141,"column":47}},"85":{"start":{"line":142,"column":4},"end":{"line":142,"column":33}},"86":{"start":{"line":143,"column":4},"end":{"line":143,"column":63}},"87":{"start":{"line":145,"column":4},"end":{"line":145,"column":27}},"88":{"start":{"line":146,"column":4},"end":{"line":148,"column":5}},"89":{"start":{"line":147,"column":6},"end":{"line":147,"column":37}},"90":{"start":{"line":149,"column":4},"end":{"line":149,"column":26}},"91":{"start":{"line":151,"column":4},"end":{"line":159,"column":5}},"92":{"start":{"line":152,"column":22},"end":{"line":152,"column":49}},"93":{"start":{"line":153,"column":6},"end":{"line":153,"column":41}},"94":{"start":{"line":154,"column":26},"end":{"line":154,"column":38}},"95":{"start":{"line":155,"column":6},"end":{"line":157,"column":23}},"96":{"start":{"line":158,"column":6},"end":{"line":158,"column":31}},"97":{"start":{"line":160,"column":4},"end":{"line":163,"column":7}},"98":{"start":{"line":161,"column":6},"end":{"line":161,"column":25}},"99":{"start":{"line":162,"column":6},"end":{"line":162,"column":23}},"100":{"start":{"line":165,"column":4},"end":{"line":167,"column":5}},"101":{"start":{"line":166,"column":6},"end":{"line":166,"column":39}},"102":{"start":{"line":169,"column":4},"end":{"line":169,"column":41}},"103":{"start":{"line":172,"column":2},"end":{"line":172,"column":72}},"104":{"start":{"line":173,"column":2},"end":{"line":173,"column":45}},"105":{"start":{"line":174,"column":2},"end":{"line":174,"column":54}},"106":{"start":{"line":175,"column":2},"end":{"line":181,"column":3}},"107":{"start":{"line":176,"column":4},"end":{"line":176,"column":47}},"108":{"start":{"line":177,"column":4},"end":{"line":177,"column":50}},"109":{"start":{"line":179,"column":4},"end":{"line":179,"column":50}},"110":{"start":{"line":180,"column":4},"end":{"line":180,"column":49}},"111":{"start":{"line":50,"column":0},"end":{"line":50,"column":16}},"112":{"start":{"line":185,"column":16},"end":{"line":185,"column":26}},"113":{"start":{"line":186,"column":2},"end":{"line":192,"column":3}},"114":{"start":{"line":187,"column":17},"end":{"line":187,"column":79}},"115":{"start":{"line":187,"column":45},"end":{"line":187,"column":78}},"116":{"start":{"line":188,"column":4},"end":{"line":191,"column":5}},"117":{"start":{"line":189,"column":6},"end":{"line":189,"column":25}},"118":{"start":{"line":190,"column":6},"end":{"line":190,"column":13}},"119":{"start":{"line":193,"column":2},"end":{"line":193,"column":21}},"120":{"start":{"line":184,"column":0},"end":{"line":184,"column":16}}},"fnMap":{"0":{"name":"clampPage","decl":{"start":{"line":19,"column":9},"end":{"line":19,"column":18}},"loc":{"start":{"line":19,"column":51},"end":{"line":22,"column":1}}},"1":{"name":"setActiveNote","decl":{"start":{"line":24,"column":16},"end":{"line":24,"column":29}},"loc":{"start":{"line":24,"column":47},"end":{"line":32,"column":1}}},"2":{"name":"(anonymous_2)","decl":{"start":{"line":29,"column":71},"end":{"line":29,"column":72}},"loc":{"start":{"line":29,"column":80},"end":{"line":31,"column":3}}},"3":{"name":"populateForm","decl":{"start":{"line":34,"column":16},"end":{"line":34,"column":28}},"loc":{"start":{"line":34,"column":46},"end":{"line":48,"column":1}}},"4":{"name":"renderNotesList","decl":{"start":{"line":50,"column":16},"end":{"line":50,"column":31}},"loc":{"start":{"line":50,"column":76},"end":{"line":182,"column":1}}},"5":{"name":"(anonymous_5)","decl":{"start":{"line":54,"column":59},"end":{"line":54,"column":60}},"loc":{"start":{"line":54,"column":69},"end":{"line":54,"column":87}}},"6":{"name":"(anonymous_6)","decl":{"start":{"line":84,"column":10},"end":{"line":84,"column":11}},"loc":{"start":{"line":84,"column":20},"end":{"line":84,"column":45}}},"7":{"name":"(anonymous_7)","decl":{"start":{"line":85,"column":12},"end":{"line":85,"column":13}},"loc":{"start":{"line":85,"column":21},"end":{"line":90,"column":5}}},"8":{"name":"(anonymous_8)","decl":{"start":{"line":91,"column":12},"end":{"line":91,"column":13}},"loc":{"start":{"line":91,"column":21},"end":{"line":94,"column":5}}},"9":{"name":"(anonymous_9)","decl":{"start":{"line":123,"column":20},"end":{"line":123,"column":21}},"loc":{"start":{"line":123,"column":29},"end":{"line":170,"column":3}}},"10":{"name":"(anonymous_10)","decl":{"start":{"line":133,"column":9},"end":{"line":133,"column":12}},"loc":{"start":{"line":133,"column":14},"end":{"line":138,"column":9}}},"11":{"name":"(anonymous_11)","decl":{"start":{"line":160,"column":39},"end":{"line":160,"column":42}},"loc":{"start":{"line":160,"column":44},"end":{"line":163,"column":5}}},"12":{"name":"restoreFormToState","decl":{"start":{"line":184,"column":16},"end":{"line":184,"column":34}},"loc":{"start":{"line":184,"column":34},"end":{"line":194,"column":1}}},"13":{"name":"(anonymous_13)","decl":{"start":{"line":187,"column":34},"end":{"line":187,"column":35}},"loc":{"start":{"line":187,"column":45},"end":{"line":187,"column":78}}}},"branchMap":{"0":{"loc":{"start":{"line":20,"column":2},"end":{"line":20,"column":51}},"type":"if","locations":[{"start":{"line":20,"column":2},"end":{"line":20,"column":51}}]},"1":{"loc":{"start":{"line":20,"column":6},"end":{"line":20,"column":40}},"type":"binary-expr","locations":[{"start":{"line":20,"column":6},"end":{"line":20,"column":28}},{"start":{"line":20,"column":32},"end":{"line":20,"column":40}}]},"2":{"loc":{"start":{"line":26,"column":22},"end":{"line":26,"column":30}},"type":"binary-expr","locations":[{"start":{"line":26,"column":22},"end":{"line":26,"column":24}},{"start":{"line":26,"column":28},"end":{"line":26,"column":30}}]},"3":{"loc":{"start":{"line":35,"column":2},"end":{"line":47,"column":3}},"type":"if","locations":[{"start":{"line":35,"column":2},"end":{"line":47,"column":3}},{"start":{"line":41,"column":9},"end":{"line":47,"column":3}}]},"4":{"loc":{"start":{"line":50,"column":32},"end":{"line":50,"column":43}},"type":"default-arg","locations":[{"start":{"line":50,"column":41},"end":{"line":50,"column":43}}]},"5":{"loc":{"start":{"line":56,"column":2},"end":{"line":58,"column":3}},"type":"if","locations":[{"start":{"line":56,"column":2},"end":{"line":58,"column":3}}]},"6":{"loc":{"start":{"line":56,"column":6},"end":{"line":56,"column":72}},"type":"binary-expr","locations":[{"start":{"line":56,"column":6},"end":{"line":56,"column":26}},{"start":{"line":56,"column":30},"end":{"line":56,"column":72}}]},"7":{"loc":{"start":{"line":63,"column":26},"end":{"line":63,"column":81}},"type":"cond-expr","locations":[{"start":{"line":63,"column":46},"end":{"line":63,"column":62}},{"start":{"line":63,"column":65},"end":{"line":63,"column":81}}]},"8":{"loc":{"start":{"line":73,"column":30},"end":{"line":73,"column":56}},"type":"binary-expr","locations":[{"start":{"line":73,"column":30},"end":{"line":73,"column":50}},{"start":{"line":73,"column":54},"end":{"line":73,"column":56}}]},"9":{"loc":{"start":{"line":74,"column":25},"end":{"line":74,"column":92}},"type":"cond-expr","locations":[{"start":{"line":74,"column":68},"end":{"line":74,"column":87}},{"start":{"line":74,"column":90},"end":{"line":74,"column":92}}]},"10":{"loc":{"start":{"line":77,"column":25},"end":{"line":77,"column":53}},"type":"binary-expr","locations":[{"start":{"line":77,"column":25},"end":{"line":77,"column":45}},{"start":{"line":77,"column":49},"end":{"line":77,"column":53}}]},"11":{"loc":{"start":{"line":78,"column":28},"end":{"line":80,"column":10}},"type":"cond-expr","locations":[{"start":{"line":79,"column":6},"end":{"line":79,"column":56}},{"start":{"line":80,"column":6},"end":{"line":80,"column":10}}]},"12":{"loc":{"start":{"line":79,"column":14},"end":{"line":79,"column":55}},"type":"binary-expr","locations":[{"start":{"line":79,"column":14},"end":{"line":79,"column":49}},{"start":{"line":79,"column":53},"end":{"line":79,"column":55}}]},"13":{"loc":{"start":{"line":86,"column":6},"end":{"line":86,"column":30}},"type":"if","locations":[{"start":{"line":86,"column":6},"end":{"line":86,"column":30}}]},"14":{"loc":{"start":{"line":89,"column":13},"end":{"line":89,"column":69}},"type":"binary-expr","locations":[{"start":{"line":89,"column":13},"end":{"line":89,"column":38}},{"start":{"line":89,"column":42},"end":{"line":89,"column":69}}]},"15":{"loc":{"start":{"line":92,"column":6},"end":{"line":92,"column":42}},"type":"if","locations":[{"start":{"line":92,"column":6},"end":{"line":92,"column":42}}]},"16":{"loc":{"start":{"line":98,"column":2},"end":{"line":106,"column":3}},"type":"if","locations":[{"start":{"line":98,"column":2},"end":{"line":106,"column":3}}]},"17":{"loc":{"start":{"line":100,"column":29},"end":{"line":102,"column":64}},"type":"cond-expr","locations":[{"start":{"line":101,"column":8},"end":{"line":101,"column":34}},{"start":{"line":102,"column":8},"end":{"line":102,"column":64}}]},"18":{"loc":{"start":{"line":114,"column":2},"end":{"line":116,"column":3}},"type":"if","locations":[{"start":{"line":114,"column":2},"end":{"line":116,"column":3}}]},"19":{"loc":{"start":{"line":130,"column":24},"end":{"line":130,"column":53}},"type":"binary-expr","locations":[{"start":{"line":130,"column":24},"end":{"line":130,"column":34}},{"start":{"line":130,"column":38},"end":{"line":130,"column":53}}]},"20":{"loc":{"start":{"line":132,"column":26},"end":{"line":139,"column":12}},"type":"cond-expr","locations":[{"start":{"line":133,"column":8},"end":{"line":138,"column":12}},{"start":{"line":139,"column":8},"end":{"line":139,"column":12}}]},"21":{"loc":{"start":{"line":146,"column":4},"end":{"line":148,"column":5}},"type":"if","locations":[{"start":{"line":146,"column":4},"end":{"line":148,"column":5}}]},"22":{"loc":{"start":{"line":151,"column":4},"end":{"line":159,"column":5}},"type":"if","locations":[{"start":{"line":151,"column":4},"end":{"line":159,"column":5}}]},"23":{"loc":{"start":{"line":155,"column":28},"end":{"line":157,"column":22}},"type":"cond-expr","locations":[{"start":{"line":156,"column":10},"end":{"line":156,"column":85}},{"start":{"line":157,"column":10},"end":{"line":157,"column":22}}]},"24":{"loc":{"start":{"line":156,"column":48},"end":{"line":156,"column":83}},"type":"cond-expr","locations":[{"start":{"line":156,"column":75},"end":{"line":156,"column":78}},{"start":{"line":156,"column":81},"end":{"line":156,"column":83}}]},"25":{"loc":{"start":{"line":165,"column":4},"end":{"line":167,"column":5}},"type":"if","locations":[{"start":{"line":165,"column":4},"end":{"line":167,"column":5}}]},"26":{"loc":{"start":{"line":175,"column":2},"end":{"line":181,"column":3}},"type":"if","locations":[{"start":{"line":175,"column":2},"end":{"line":181,"column":3}},{"start":{"line":178,"column":9},"end":{"line":181,"column":3}}]},"27":{"loc":{"start":{"line":186,"column":2},"end":{"line":192,"column":3}},"type":"if","locations":[{"start":{"line":186,"column":2},"end":{"line":192,"column":3}}]},"28":{"loc":{"start":{"line":188,"column":4},"end":{"line":191,"column":5}},"type":"if","locations":[{"start":{"line":188,"column":4},"end":{"line":191,"column":5}}]}},"s":{"0":4,"1":4,"2":4,"3":1,"4":0,"5":1,"6":5,"7":5,"8":5,"9":5,"10":2,"11":4,"12":5,"13":1,"14":1,"15":1,"16":1,"17":1,"18":4,"19":4,"20":4,"21":4,"22":4,"23":4,"24":6,"25":6,"26":6,"27":6,"28":0,"29":6,"30":0,"31":6,"32":6,"33":6,"34":6,"35":6,"36":6,"37":1,"38":1,"39":1,"40":1,"41":6,"42":6,"43":6,"44":6,"45":6,"46":6,"47":1,"48":2,"49":2,"50":0,"51":0,"52":0,"53":2,"54":2,"55":0,"56":6,"57":6,"58":5,"59":5,"60":5,"61":5,"62":5,"63":1,"64":1,"65":1,"66":1,"67":1,"68":0,"69":1,"70":1,"71":1,"72":1,"73":2,"74":2,"75":2,"76":2,"77":2,"78":2,"79":2,"80":2,"81":2,"82":2,"83":2,"84":2,"85":2,"86":2,"87":2,"88":2,"89":2,"90":2,"91":2,"92":2,"93":2,"94":2,"95":2,"96":2,"97":2,"98":0,"99":0,"100":2,"101":1,"102":2,"103":1,"104":1,"105":1,"106":1,"107":1,"108":1,"109":0,"110":0,"111":4,"112":0,"113":0,"114":0,"115":0,"116":0,"117":0,"118":0,"119":0,"120":4},"f":{"0":1,"1":5,"2":2,"3":5,"4":6,"5":0,"6":1,"7":2,"8":2,"9":2,"10":2,"11":0,"12":0,"13":0},"b":{"0":[0],"1":[1,1],"2":[5,4],"3":[1,4],"4":[0],"5":[0],"6":[6,0],"7":[1,5],"8":[6,6],"9":[0,6],"10":[6,6],"11":[0,6],"12":[0,0],"13":[2],"14":[0,0],"15":[2],"16":[5],"17":[0,5],"18":[0],"19":[2,0],"20":[2,0],"21":[2],"22":[2],"23":[2,0],"24":[0,2],"25":[1],"26":[1,0],"27":[0],"28":[0]}}
}
