TN:
SF:src/app.ts
FN:67,isLightTheme
FN:71,goToPage
FN:83,refreshNotesList
FN:87,handleNoteSelection
FN:93,refreshSettingsControls
FN:96,(anonymous_5)
FN:102,(anonymous_6)
FN:107,setActiveSettingsTab
FN:113,(anonymous_8)
FN:117,(anonymous_9)
FN:128,(anonymous_10)
FN:142,updateModalControls
FN:144,(anonymous_12)
FN:160,applyTheme
FN:167,applyCompactView
FN:182,applySyncPreference
FN:201,applyViewMode
FN:230,handleModalDismiss
FN:238,openSettingsPanel
FN:250,closeSettingsPanel
FN:262,toggleSettingsPanel
FN:270,handleFormSubmit
FN:277,resetAutoSaveState
FN:284,triggerAutoSaveGlow
FN:293,(anonymous_24)
FN:299,getFormSnapshot
FN:315,isEditingExistingNote
FN:319,hasFormChanges
FN:324,(anonymous_28)
FN:336,scheduleAutoSave
FN:338,(anonymous_30)
FN:343,triggerAutoSave
FN:354,saveCurrentNote
FN:374,(anonymous_33)
FN:402,(anonymous_34)
FN:431,handleFormFieldChange
FN:443,handleNewNote
FN:451,handleDeleteNote
FN:456,(anonymous_38)
FN:472,pad
FN:476,buildExportFileName
FN:483,formatNotesForExport
FN:488,validateImportedNotes
FN:496,persistImportedNotes
FN:500,(anonymous_44)
FN:504,(anonymous_45)
FN:511,(anonymous_46)
FN:522,(anonymous_47)
FN:529,createDownloadTarget
FN:535,(anonymous_49)
FN:544,(anonymous_50)
FN:550,handleExportNotes
FN:566,(anonymous_52)
FN:578,handleImportNotes
FN:605,(anonymous_54)
FN:612,bindEventListeners
FN:613,(anonymous_56)
FN:621,(anonymous_57)
FN:625,(anonymous_58)
FN:631,(anonymous_59)
FN:637,(anonymous_60)
FN:644,(anonymous_61)
FN:650,(anonymous_62)
FN:671,(anonymous_63)
FN:672,(anonymous_64)
FN:680,(anonymous_65)
FN:686,(anonymous_66)
FN:687,(anonymous_67)
FN:694,(anonymous_68)
FN:701,(anonymous_69)
FN:710,(anonymous_70)
FN:715,(anonymous_71)
FN:719,(anonymous_72)
FN:720,(anonymous_73)
FN:726,(anonymous_74)
FN:731,(anonymous_75)
FN:747,(anonymous_76)
FN:751,(anonymous_77)
FN:756,(anonymous_78)
FN:760,(anonymous_79)
FN:764,(anonymous_80)
FN:768,(anonymous_81)
FN:781,bootstrap
FN:797,(anonymous_83)
FN:811,(anonymous_84)
FNF:85
FNH:45
FNDA:22,isLightTheme
FNDA:0,goToPage
FNDA:6,refreshNotesList
FNDA:0,handleNoteSelection
FNDA:22,refreshSettingsControls
FNDA:198,(anonymous_5)
FNDA:44,(anonymous_6)
FNDA:6,setActiveSettingsTab
FNDA:18,(anonymous_8)
FNDA:18,(anonymous_9)
FNDA:18,(anonymous_10)
FNDA:5,updateModalControls
FNDA:10,(anonymous_12)
FNDA:4,applyTheme
FNDA:5,applyCompactView
FNDA:4,applySyncPreference
FNDA:5,applyViewMode
FNDA:0,handleModalDismiss
FNDA:1,openSettingsPanel
FNDA:4,closeSettingsPanel
FNDA:1,toggleSettingsPanel
FNDA:0,handleFormSubmit
FNDA:5,resetAutoSaveState
FNDA:0,triggerAutoSaveGlow
FNDA:0,(anonymous_24)
FNDA:0,getFormSnapshot
FNDA:0,isEditingExistingNote
FNDA:0,hasFormChanges
FNDA:0,(anonymous_28)
FNDA:0,scheduleAutoSave
FNDA:0,(anonymous_30)
FNDA:0,triggerAutoSave
FNDA:0,saveCurrentNote
FNDA:0,(anonymous_33)
FNDA:0,(anonymous_34)
FNDA:0,handleFormFieldChange
FNDA:0,handleNewNote
FNDA:0,handleDeleteNote
FNDA:0,(anonymous_38)
FNDA:5,pad
FNDA:1,buildExportFileName
FNDA:1,formatNotesForExport
FNDA:1,validateImportedNotes
FNDA:1,persistImportedNotes
FNDA:1,(anonymous_44)
FNDA:1,(anonymous_45)
FNDA:1,(anonymous_46)
FNDA:2,(anonymous_47)
FNDA:1,createDownloadTarget
FNDA:0,(anonymous_49)
FNDA:1,(anonymous_50)
FNDA:1,handleExportNotes
FNDA:1,(anonymous_52)
FNDA:1,handleImportNotes
FNDA:1,(anonymous_54)
FNDA:4,bindEventListeners
FNDA:0,(anonymous_56)
FNDA:0,(anonymous_57)
FNDA:0,(anonymous_58)
FNDA:0,(anonymous_59)
FNDA:0,(anonymous_60)
FNDA:0,(anonymous_61)
FNDA:0,(anonymous_62)
FNDA:36,(anonymous_63)
FNDA:0,(anonymous_64)
FNDA:1,(anonymous_65)
FNDA:8,(anonymous_66)
FNDA:1,(anonymous_67)
FNDA:0,(anonymous_68)
FNDA:0,(anonymous_69)
FNDA:1,(anonymous_70)
FNDA:2,(anonymous_71)
FNDA:12,(anonymous_72)
FNDA:1,(anonymous_73)
FNDA:0,(anonymous_74)
FNDA:0,(anonymous_75)
FNDA:0,(anonymous_76)
FNDA:0,(anonymous_77)
FNDA:1,(anonymous_78)
FNDA:0,(anonymous_79)
FNDA:0,(anonymous_80)
FNDA:0,(anonymous_81)
FNDA:4,bootstrap
FNDA:0,(anonymous_83)
FNDA:0,(anonymous_84)
DA:1,4
DA:33,4
DA:34,4
DA:42,4
DA:52,4
DA:53,4
DA:55,4
DA:56,4
DA:57,4
DA:58,4
DA:59,4
DA:60,4
DA:61,4
DA:62,4
DA:63,4
DA:64,4
DA:65,4
DA:68,22
DA:72,0
DA:73,0
DA:74,0
DA:75,0
DA:76,0
DA:79,0
DA:80,0
DA:84,6
DA:88,0
DA:89,0
DA:90,0
DA:94,22
DA:95,22
DA:96,22
DA:97,198
DA:99,22
DA:100,22
DA:101,22
DA:102,22
DA:103,44
DA:108,6
DA:109,6
DA:110,0
DA:113,18
DA:114,6
DA:115,6
DA:117,6
DA:118,18
DA:119,18
DA:120,18
DA:121,18
DA:122,18
DA:123,18
DA:124,2
DA:128,6
DA:129,18
DA:130,18
DA:131,18
DA:132,18
DA:133,6
DA:135,12
DA:140,4
DA:143,5
DA:144,5
DA:145,10
DA:146,6
DA:147,6
DA:148,6
DA:150,4
DA:151,4
DA:152,4
DA:156,5
DA:157,5
DA:161,4
DA:162,4
DA:163,4
DA:164,4
DA:171,5
DA:172,5
DA:173,1
DA:175,5
DA:176,5
DA:177,5
DA:178,1
DA:186,4
DA:187,4
DA:188,0
DA:189,0
DA:190,0
DA:193,4
DA:194,4
DA:196,4
DA:197,0
DA:205,5
DA:206,5
DA:207,5
DA:208,5
DA:209,5
DA:210,5
DA:211,3
DA:212,3
DA:213,3
DA:214,3
DA:215,3
DA:217,2
DA:218,0
DA:220,2
DA:222,5
DA:223,5
DA:224,5
DA:225,5
DA:226,1
DA:231,0
DA:232,0
DA:233,0
DA:235,0
DA:239,1
DA:240,1
DA:241,1
DA:242,1
DA:243,1
DA:244,1
DA:245,1
DA:246,1
DA:247,1
DA:251,4
DA:252,0
DA:253,0
DA:254,0
DA:255,0
DA:256,0
DA:257,0
DA:258,0
DA:259,0
DA:263,1
DA:264,0
DA:266,1
DA:271,0
DA:272,0
DA:278,5
DA:279,0
DA:280,0
DA:285,0
DA:286,0
DA:287,0
DA:289,0
DA:291,0
DA:292,0
DA:293,0
DA:294,0
DA:295,0
DA:306,0
DA:316,0
DA:320,0
DA:321,0
DA:322,0
DA:324,0
DA:325,0
DA:326,0
DA:328,0
DA:337,0
DA:338,0
DA:339,0
DA:344,0
DA:345,0
DA:346,0
DA:348,0
DA:349,0
DA:351,0
DA:355,0
DA:356,0
DA:357,0
DA:358,0
DA:361,0
DA:362,0
DA:363,0
DA:365,0
DA:366,0
DA:369,0
DA:370,0
DA:373,0
DA:374,0
DA:375,0
DA:387,0
DA:401,0
DA:402,0
DA:405,0
DA:411,0
DA:412,0
DA:413,0
DA:414,0
DA:416,0
DA:417,0
DA:420,0
DA:421,0
DA:422,0
DA:423,0
DA:424,0
DA:425,0
DA:426,0
DA:428,0
DA:432,0
DA:433,0
DA:434,0
DA:436,0
DA:437,0
DA:438,0
DA:440,0
DA:444,0
DA:445,0
DA:446,0
DA:447,0
DA:448,0
DA:452,0
DA:453,0
DA:455,0
DA:456,0
DA:457,0
DA:458,0
DA:459,0
DA:464,0
DA:465,0
DA:466,0
DA:467,0
DA:469,0
DA:473,5
DA:477,1
DA:478,1
DA:479,1
DA:480,1
DA:484,1
DA:485,1
DA:489,1
DA:490,1
DA:491,0
DA:493,1
DA:497,1
DA:498,1
DA:500,1
DA:501,1
DA:504,1
DA:505,1
DA:506,1
DA:507,1
DA:511,1
DA:513,1
DA:519,1
DA:520,1
DA:521,1
DA:522,2
DA:523,1
DA:525,0
DA:530,1
DA:531,0
DA:532,0
DA:533,0
DA:536,0
DA:541,1
DA:542,1
DA:551,1
DA:552,1
DA:553,1
DA:554,1
DA:556,1
DA:557,1
DA:558,1
DA:559,1
DA:560,1
DA:561,1
DA:563,1
DA:564,1
DA:566,1
DA:567,1
DA:568,1
DA:571,1
DA:572,0
DA:574,1
DA:579,1
DA:580,1
DA:581,1
DA:582,0
DA:585,1
DA:586,0
DA:587,0
DA:590,1
DA:591,1
DA:592,1
DA:593,1
DA:594,1
DA:595,1
DA:596,0
DA:598,1
DA:599,1
DA:601,0
DA:602,0
DA:604,1
DA:605,1
DA:606,1
DA:607,1
DA:613,4
DA:614,0
DA:617,4
DA:618,4
DA:619,4
DA:621,4
DA:622,0
DA:625,4
DA:626,0
DA:629,4
DA:631,4
DA:632,0
DA:633,0
DA:637,4
DA:638,0
DA:639,0
DA:641,0
DA:644,4
DA:645,0
DA:646,0
DA:647,0
DA:650,4
DA:651,0
DA:652,0
DA:653,0
DA:655,0
DA:656,0
DA:657,0
DA:659,0
DA:660,0
DA:663,0
DA:664,0
DA:665,0
DA:667,0
DA:671,4
DA:672,36
DA:673,0
DA:674,0
DA:675,0
DA:676,0
DA:680,4
DA:681,1
DA:682,1
DA:683,1
DA:686,4
DA:687,8
DA:688,1
DA:689,1
DA:690,1
DA:694,4
DA:695,0
DA:696,0
DA:697,0
DA:698,0
DA:701,4
DA:702,0
DA:703,0
DA:704,0
DA:706,0
DA:707,0
DA:710,4
DA:711,1
DA:712,1
DA:715,4
DA:716,2
DA:719,4
DA:720,12
DA:721,1
DA:722,1
DA:723,1
DA:726,12
DA:727,0
DA:728,0
DA:730,0
DA:731,0
DA:732,0
DA:733,0
DA:735,0
DA:737,0
DA:738,0
DA:739,0
DA:740,0
DA:741,0
DA:743,0
DA:747,4
DA:748,0
DA:751,4
DA:752,0
DA:755,4
DA:756,4
DA:757,1
DA:760,4
DA:761,0
DA:764,4
DA:765,0
DA:768,4
DA:769,0
DA:770,0
DA:771,0
DA:772,0
DA:774,0
DA:775,0
DA:781,4
DA:782,4
DA:783,4
DA:784,4
DA:785,4
DA:787,4
DA:788,4
DA:789,4
DA:792,4
DA:793,4
DA:794,4
DA:796,4
DA:797,0
DA:798,0
DA:799,0
DA:801,0
DA:802,0
DA:805,4
DA:808,4
DA:809,4
DA:811,4
DA:812,0
DA:813,0
DA:814,0
DA:815,0
DA:816,0
DA:817,0
DA:818,0
DA:819,0
DA:820,0
DA:823,4
LF:430
LH:228
BRDA:63,0,0,4
BRDA:63,0,1,0
BRDA:75,1,0,0
BRDA:100,2,0,22
BRDA:100,2,1,0
BRDA:107,3,0,4
BRDA:108,4,0,4
BRDA:109,5,0,0
BRDA:109,6,0,6
BRDA:109,6,1,6
BRDA:114,7,0,6
BRDA:114,7,1,0
BRDA:115,8,0,6
BRDA:115,8,1,0
BRDA:122,9,0,6
BRDA:122,9,1,12
BRDA:123,10,0,2
BRDA:123,11,0,18
BRDA:123,11,1,6
BRDA:132,12,0,6
BRDA:132,12,1,12
BRDA:145,13,0,6
BRDA:145,13,1,4
BRDA:169,14,0,1
BRDA:171,15,0,1
BRDA:171,16,0,1
BRDA:172,17,0,1
BRDA:177,18,0,1
BRDA:184,19,0,0
BRDA:186,20,0,0
BRDA:187,21,0,0
BRDA:187,22,0,4
BRDA:187,22,1,4
BRDA:193,23,0,4
BRDA:193,23,1,0
BRDA:196,24,0,0
BRDA:203,25,0,1
BRDA:205,26,0,1
BRDA:210,27,0,3
BRDA:210,27,1,2
BRDA:214,28,0,0
BRDA:214,28,1,3
BRDA:217,29,0,0
BRDA:225,30,0,1
BRDA:232,31,0,0
BRDA:239,32,0,0
BRDA:251,33,0,4
BRDA:263,34,0,0
BRDA:263,34,1,1
BRDA:278,35,0,0
BRDA:285,36,0,0
BRDA:307,37,0,0
BRDA:307,37,1,0
BRDA:316,38,0,0
BRDA:316,38,1,0
BRDA:321,39,0,0
BRDA:325,40,0,0
BRDA:329,41,0,0
BRDA:329,41,1,0
BRDA:329,41,2,0
BRDA:329,41,3,0
BRDA:332,42,0,0
BRDA:332,42,1,0
BRDA:332,43,0,0
BRDA:332,43,1,0
BRDA:345,44,0,0
BRDA:348,45,0,0
BRDA:357,46,0,0
BRDA:357,47,0,0
BRDA:357,47,1,0
BRDA:361,48,0,0
BRDA:361,49,0,0
BRDA:361,49,1,0
BRDA:362,50,0,0
BRDA:373,51,0,0
BRDA:373,51,1,0
BRDA:375,52,0,0
BRDA:375,52,1,0
BRDA:401,53,0,0
BRDA:401,53,1,0
BRDA:402,54,0,0
BRDA:402,54,1,0
BRDA:403,55,0,0
BRDA:403,55,1,0
BRDA:407,56,0,0
BRDA:407,56,1,0
BRDA:412,57,0,0
BRDA:412,57,1,0
BRDA:421,58,0,0
BRDA:421,58,1,0
BRDA:423,59,0,0
BRDA:432,60,0,0
BRDA:436,61,0,0
BRDA:453,62,0,0
BRDA:466,63,0,0
BRDA:485,64,0,0
BRDA:485,64,1,1
BRDA:490,65,0,0
BRDA:506,66,0,1
BRDA:506,67,0,1
BRDA:506,67,1,0
BRDA:515,68,0,1
BRDA:515,68,1,0
BRDA:521,69,0,1
BRDA:521,69,1,0
BRDA:523,70,0,1
BRDA:523,70,1,0
BRDA:530,71,0,0
BRDA:530,72,0,1
BRDA:530,72,1,1
BRDA:571,73,0,0
BRDA:571,73,1,1
BRDA:580,74,0,1
BRDA:580,74,1,0
BRDA:581,75,0,0
BRDA:585,76,0,0
BRDA:595,77,0,0
BRDA:599,78,0,1
BRDA:599,78,1,0
BRDA:632,79,0,0
BRDA:632,80,0,0
BRDA:632,80,1,0
BRDA:638,81,0,0
BRDA:655,82,0,0
BRDA:655,82,1,0
BRDA:656,83,0,0
BRDA:659,84,0,0
BRDA:663,85,0,0
BRDA:663,85,1,0
BRDA:673,86,0,0
BRDA:688,87,0,0
BRDA:689,88,0,1
BRDA:689,88,1,0
BRDA:696,89,0,0
BRDA:696,89,1,0
BRDA:702,90,0,0
BRDA:722,91,0,0
BRDA:727,92,0,0
BRDA:732,93,0,0
BRDA:735,94,0,0
BRDA:735,94,1,0
BRDA:740,95,0,0
BRDA:769,96,0,0
BRDA:770,97,0,0
BRDA:770,98,0,0
BRDA:770,98,1,0
BRDA:774,99,0,0
BRDA:789,100,0,4
BRDA:789,100,1,0
BRDA:796,101,0,0
BRDA:796,101,1,4
BRDA:798,102,0,0
BRDA:798,102,1,0
BRDA:812,103,0,0
BRF:154
BRH:47
end_of_record
TN:
SF:src/dom.ts
FN:1,requireElement
FNF:1
FNH:1
FNDA:124,requireElement
DA:1,4
DA:2,124
DA:3,124
DA:4,0
DA:6,124
DA:9,4
DA:10,4
DA:11,4
DA:12,4
DA:13,4
DA:14,4
DA:15,4
DA:16,4
DA:17,4
DA:18,4
DA:19,4
DA:20,4
DA:21,4
DA:22,4
DA:23,4
DA:24,4
DA:25,4
DA:26,4
DA:27,4
DA:28,4
DA:30,4
DA:31,4
DA:32,0
DA:34,4
DA:35,4
DA:36,4
DA:37,0
DA:39,4
DA:40,4
DA:41,4
DA:42,4
DA:43,4
DA:44,4
DA:45,4
DA:46,4
DA:47,4
DA:48,4
DA:49,4
DA:50,4
DA:52,4
DA:56,4
DA:57,0
DA:60,4
DA:62,4
DA:66,4
DA:67,0
DA:70,4
LF:52
LH:47
BRDA:3,0,0,0
BRDA:31,1,0,0
BRDA:36,2,0,0
BRDA:56,3,0,0
BRDA:66,4,0,0
BRF:5
BRH:0
end_of_record
TN:
SF:src/editor.ts
FN:42,escapeHtml
FN:43,(anonymous_2)
FN:46,stripHtml
FN:57,textToBlocks
FN:61,(anonymous_5)
FN:62,(anonymous_6)
FN:63,(anonymous_7)
FN:75,blocksToText
FN:80,(anonymous_9)
FN:98,(anonymous_10)
FN:106,(anonymous_11)
FN:136,(anonymous_12)
FN:141,cloneOutputData
FN:144,(anonymous_14)
FN:154,ensureEditorReady
FN:159,(anonymous_16)
FN:166,normalizeOutputData
FN:176,updateCachedContent
FN:181,getEditorValue
FN:185,getEditorData
FN:189,refreshEditorCache
FN:203,setEditorContent
FN:213,(anonymous_23)
FN:216,(anonymous_24)
FN:217,(anonymous_25)
FN:223,(anonymous_26)
FN:228,setEditorValue
FN:232,initEditor
FN:237,(anonymous_29)
FN:248,(anonymous_30)
FN:252,(anonymous_31)
FN:253,(anonymous_32)
FN:260,buildToolsConfig
FN:261,(anonymous_34)
FN:265,(anonymous_35)
FN:266,(anonymous_36)
FN:267,(anonymous_37)
FNF:37
FNH:27
FNDA:5,escapeHtml
FNDA:0,(anonymous_2)
FNDA:13,stripHtml
FNDA:4,textToBlocks
FNDA:5,(anonymous_5)
FNDA:5,(anonymous_6)
FNDA:5,(anonymous_7)
FNDA:9,blocksToText
FNDA:11,(anonymous_9)
FNDA:2,(anonymous_10)
FNDA:2,(anonymous_11)
FNDA:11,(anonymous_12)
FNDA:17,cloneOutputData
FNDA:19,(anonymous_14)
FNDA:5,ensureEditorReady
FNDA:0,(anonymous_16)
FNDA:8,normalizeOutputData
FNDA:9,updateCachedContent
FNDA:2,getEditorValue
FNDA:0,getEditorData
FNDA:0,refreshEditorCache
FNDA:8,setEditorContent
FNDA:0,(anonymous_23)
FNDA:5,(anonymous_24)
FNDA:1,(anonymous_25)
FNDA:0,(anonymous_26)
FNDA:3,setEditorValue
FNDA:7,initEditor
FNDA:7,(anonymous_29)
FNDA:3,(anonymous_30)
FNDA:1,(anonymous_31)
FNDA:1,(anonymous_32)
FNDA:7,buildToolsConfig
FNDA:0,(anonymous_34)
FNDA:0,(anonymous_35)
FNDA:0,(anonymous_36)
FNDA:0,(anonymous_37)
DA:1,8
DA:8,8
DA:9,8
DA:10,8
DA:11,8
DA:12,8
DA:13,8
DA:14,8
DA:15,8
DA:17,8
DA:18,8
DA:19,8
DA:20,8
DA:21,8
DA:22,8
DA:24,8
DA:34,8
DA:43,5
DA:47,13
DA:48,13
DA:58,4
DA:59,4
DA:60,4
DA:61,5
DA:62,5
DA:63,5
DA:68,4
DA:69,0
DA:72,4
DA:76,9
DA:77,0
DA:79,9
DA:81,11
DA:82,11
DA:83,11
DA:85,9
DA:86,9
DA:89,0
DA:90,0
DA:91,0
DA:94,1
DA:97,1
DA:98,2
DA:100,1
DA:103,1
DA:106,1
DA:107,2
DA:108,2
DA:109,2
DA:110,2
DA:111,2
DA:113,1
DA:116,0
DA:117,0
DA:121,0
DA:122,0
DA:123,0
DA:125,0
DA:128,0
DA:129,0
DA:130,0
DA:133,0
DA:136,11
DA:142,17
DA:144,19
DA:155,5
DA:156,0
DA:158,5
DA:159,0
DA:160,0
DA:163,5
DA:167,8
DA:168,0
DA:170,8
DA:171,4
DA:173,4
DA:177,9
DA:178,9
DA:181,8
DA:182,2
DA:185,8
DA:186,0
DA:189,8
DA:190,0
DA:191,0
DA:193,0
DA:194,0
DA:195,0
DA:196,0
DA:197,0
DA:199,0
DA:203,8
DA:204,8
DA:205,8
DA:207,8
DA:208,2
DA:211,6
DA:212,6
DA:216,5
DA:218,1
DA:219,0
DA:221,1
DA:224,0
DA:228,8
DA:229,3
DA:232,8
DA:233,7
DA:234,0
DA:237,7
DA:238,7
DA:241,7
DA:249,3
DA:250,3
DA:253,1
DA:254,1
DA:261,7
DA:262,0
DA:263,0
DA:264,0
DA:265,0
DA:266,0
DA:267,0
DA:268,0
DA:271,0
DA:272,0
DA:275,0
DA:284,7
LF:127
LH:86
BRDA:24,0,0,8
BRDA:24,0,1,0
BRDA:62,1,0,5
BRDA:62,1,1,0
BRDA:62,1,2,0
BRDA:68,2,0,0
BRDA:76,3,0,0
BRDA:81,4,0,0
BRDA:83,5,0,9
BRDA:83,5,1,0
BRDA:83,5,2,1
BRDA:83,5,3,1
BRDA:83,5,4,0
BRDA:83,5,5,0
BRDA:83,5,6,0
BRDA:83,5,7,0
BRDA:83,5,8,0
BRDA:85,6,0,9
BRDA:85,6,1,0
BRDA:89,7,0,0
BRDA:89,7,1,0
BRDA:90,8,0,0
BRDA:90,8,1,0
BRDA:94,9,0,1
BRDA:94,9,1,0
BRDA:98,10,0,2
BRDA:98,10,1,0
BRDA:103,11,0,1
BRDA:103,11,1,0
BRDA:107,12,0,0
BRDA:107,13,0,2
BRDA:107,13,1,2
BRDA:109,14,0,2
BRDA:109,14,1,0
BRDA:110,15,0,1
BRDA:110,15,1,1
BRDA:111,16,0,2
BRDA:111,16,1,0
BRDA:116,17,0,0
BRDA:116,17,1,0
BRDA:121,18,0,0
BRDA:121,18,1,0
BRDA:122,19,0,0
BRDA:128,20,0,0
BRDA:128,20,1,0
BRDA:129,21,0,0
BRDA:129,21,1,0
BRDA:144,22,0,17
BRDA:144,22,1,0
BRDA:147,23,0,19
BRDA:147,23,1,0
BRDA:147,24,0,19
BRDA:147,24,1,19
BRDA:155,25,0,0
BRDA:158,26,0,0
BRDA:166,27,0,0
BRDA:167,28,0,0
BRDA:170,29,0,4
BRDA:190,30,0,0
BRDA:203,31,0,0
BRDA:207,32,0,2
BRDA:218,33,0,0
BRDA:233,34,0,0
BRDA:266,35,0,0
BRDA:266,35,1,0
BRDA:267,36,0,0
BRDA:267,36,1,0
BRDA:271,37,0,0
BRF:68
BRH:21
end_of_record
TN:
SF:src/modal.ts
FN:5,getModalMaximized
FN:9,isModalOpen
FN:13,applyModalSize
FN:25,setModalMaximized
FN:30,toggleModalSize
FN:34,openModal
FN:42,(anonymous_6)
FN:48,closeModal
FNF:8
FNH:7
FNDA:2,getModalMaximized
FNDA:0,isModalOpen
FNDA:17,applyModalSize
FNDA:7,setModalMaximized
FNDA:2,toggleModalSize
FNDA:6,openModal
FNDA:5,(anonymous_6)
FNDA:8,closeModal
DA:1,10
DA:3,10
DA:5,10
DA:6,2
DA:9,10
DA:10,0
DA:13,10
DA:14,17
DA:15,8
DA:16,8
DA:17,8
DA:19,9
DA:20,9
DA:21,9
DA:25,10
DA:26,7
DA:27,7
DA:30,10
DA:31,2
DA:34,10
DA:35,6
DA:36,6
DA:37,6
DA:38,6
DA:39,6
DA:40,3
DA:42,6
DA:43,5
DA:44,5
DA:48,10
DA:49,8
DA:50,1
DA:51,1
DA:53,7
DA:54,7
DA:55,7
DA:56,7
LF:37
LH:36
BRDA:14,0,0,8
BRDA:14,0,1,9
BRDA:39,1,0,3
BRDA:49,2,0,1
BRF:4
BRH:4
end_of_record
TN:
SF:src/state.ts
FN:27,sanitizeEditorData
FN:35,(anonymous_1)
FN:56,sanitizeNotes
FN:61,(anonymous_3)
FN:84,(anonymous_4)
FN:87,normalizeNotesPayload
FN:91,buildCategoryIndex
FN:92,(anonymous_7)
FN:105,isValidTheme
FN:109,coerceTheme
FN:116,normalizeNotesPerPage
FN:123,computeTotalPages
FN:130,clampPage
FN:137,getStorageArea
FN:147,normalizeState
FN:176,readFromChromeStorage
FN:184,(anonymous_16)
FN:199,(anonymous_17)
FN:218,writeToChromeStorage
FN:227,(anonymous_19)
FN:229,(anonymous_20)
FN:244,getState
FN:248,updateState
FN:296,resetState
FN:327,loadState
FN:386,persistState
FN:412,generateId
FN:416,formatDate
FN:426,getTotalPages
FN:430,setCurrentPage
FN:434,isChromeSyncAvailable
FNF:31
FNH:24
FNDA:13,sanitizeEditorData
FNDA:9,(anonymous_1)
FNDA:18,sanitizeNotes
FNDA:13,(anonymous_3)
FNDA:13,(anonymous_4)
FNDA:1,normalizeNotesPayload
FNDA:49,buildCategoryIndex
FNDA:15,(anonymous_7)
FNDA:60,isValidTheme
FNDA:11,coerceTheme
FNDA:54,normalizeNotesPerPage
FNDA:46,computeTotalPages
FNDA:46,clampPage
FNDA:7,getStorageArea
FNDA:11,normalizeState
FNDA:0,readFromChromeStorage
FNDA:0,(anonymous_16)
FNDA:0,(anonymous_17)
FNDA:7,writeToChromeStorage
FNDA:0,(anonymous_19)
FNDA:0,(anonymous_20)
FNDA:67,getState
FNDA:27,updateState
FNDA:8,resetState
FNDA:5,loadState
FNDA:7,persistState
FNDA:16,generateId
FNDA:3,formatDate
FNDA:0,getTotalPages
FNDA:0,setCurrentPage
FNDA:4,isChromeSyncAvailable
DA:1,5
DA:11,5
DA:14,5
DA:19,5
DA:23,5
DA:25,5
DA:28,13
DA:29,4
DA:31,9
DA:32,9
DA:33,0
DA:35,9
DA:36,9
DA:37,0
DA:39,9
DA:40,9
DA:43,9
DA:44,0
DA:47,9
DA:53,9
DA:57,18
DA:58,8
DA:60,10
DA:62,13
DA:63,13
DA:64,13
DA:69,0
DA:71,13
DA:84,13
DA:87,5
DA:88,1
DA:92,49
DA:93,15
DA:94,15
DA:95,0
DA:97,15
DA:98,9
DA:100,15
DA:101,15
DA:106,60
DA:110,11
DA:111,3
DA:113,8
DA:117,54
DA:118,16
DA:120,38
DA:124,46
DA:125,0
DA:127,46
DA:131,46
DA:132,0
DA:134,46
DA:138,7
DA:139,0
DA:141,7
DA:142,0
DA:144,7
DA:148,11
DA:149,11
DA:150,11
DA:152,11
DA:156,11
DA:179,0
DA:180,0
DA:181,0
DA:184,0
DA:185,0
DA:186,0
DA:200,0
DA:201,0
DA:205,0
DA:206,0
DA:208,0
DA:212,0
DA:213,0
DA:222,7
DA:223,7
DA:224,7
DA:227,0
DA:228,0
DA:229,0
DA:230,0
DA:231,0
DA:232,0
DA:233,0
DA:235,0
DA:238,0
DA:239,0
DA:244,5
DA:245,67
DA:248,5
DA:249,27
DA:254,27
DA:255,5
DA:256,22
DA:257,0
DA:260,27
DA:261,27
DA:262,27
DA:264,27
DA:265,27
DA:266,27
DA:268,27
DA:269,27
DA:271,27
DA:277,27
DA:278,27
DA:279,27
DA:282,27
DA:287,27
DA:292,27
DA:293,27
DA:296,5
DA:297,8
DA:298,8
DA:322,8
DA:324,8
DA:327,5
DA:328,5
DA:329,5
DA:331,5
DA:332,0
DA:333,0
DA:334,0
DA:335,0
DA:339,5
DA:340,0
DA:341,0
DA:342,0
DA:343,0
DA:347,5
DA:348,0
DA:352,0
DA:353,0
DA:354,0
DA:360,0
DA:361,0
DA:364,5
DA:365,5
DA:366,5
DA:367,2
DA:369,3
DA:370,3
DA:371,3
DA:372,3
DA:378,3
DA:379,3
DA:381,0
DA:382,0
DA:386,5
DA:387,7
DA:388,7
DA:390,7
DA:391,0
DA:392,0
DA:393,0
DA:394,0
DA:395,0
DA:398,0
DA:399,0
DA:403,7
DA:404,7
DA:405,7
DA:408,7
DA:409,7
DA:412,5
DA:413,16
DA:416,5
DA:417,3
DA:418,3
DA:426,5
DA:427,0
DA:430,5
DA:431,0
DA:434,5
DA:435,4
LF:176
LH:118
BRDA:14,0,0,5
BRDA:14,0,1,0
BRDA:14,0,2,0
BRDA:19,1,0,5
BRDA:19,1,1,0
BRDA:19,1,2,0
BRDA:23,2,0,0
BRDA:23,2,1,5
BRDA:28,3,0,4
BRDA:28,4,0,13
BRDA:28,4,1,9
BRDA:32,5,0,0
BRDA:36,6,0,0
BRDA:36,7,0,9
BRDA:36,7,1,9
BRDA:40,8,0,9
BRDA:40,8,1,9
BRDA:40,8,2,9
BRDA:43,9,0,0
BRDA:49,10,0,0
BRDA:49,10,1,9
BRDA:50,11,0,0
BRDA:50,11,1,9
BRDA:57,12,0,8
BRDA:62,13,0,0
BRDA:62,14,0,13
BRDA:62,14,1,13
BRDA:64,15,0,0
BRDA:65,16,0,13
BRDA:65,16,1,13
BRDA:65,16,2,13
BRDA:73,17,0,13
BRDA:73,17,1,0
BRDA:74,18,0,13
BRDA:74,18,1,0
BRDA:79,19,0,13
BRDA:79,19,1,0
BRDA:80,20,0,13
BRDA:80,20,1,0
BRDA:94,21,0,0
BRDA:97,22,0,9
BRDA:106,23,0,60
BRDA:106,23,1,30
BRDA:110,24,0,3
BRDA:117,25,0,16
BRDA:117,26,0,54
BRDA:117,26,1,38
BRDA:117,27,0,38
BRDA:117,27,1,0
BRDA:124,28,0,0
BRDA:124,29,0,46
BRDA:124,29,1,46
BRDA:131,30,0,0
BRDA:131,31,0,46
BRDA:131,31,1,46
BRDA:138,32,0,0
BRDA:138,33,0,7
BRDA:138,33,1,0
BRDA:141,34,0,0
BRDA:141,35,0,7
BRDA:141,35,1,7
BRDA:152,36,0,3
BRDA:152,36,1,8
BRDA:152,37,0,11
BRDA:152,37,1,8
BRDA:160,38,0,1
BRDA:160,38,1,10
BRDA:162,39,0,11
BRDA:162,39,1,8
BRDA:165,40,0,0
BRDA:165,40,1,11
BRDA:165,41,0,11
BRDA:165,41,1,0
BRDA:169,42,0,1
BRDA:169,42,1,10
BRDA:169,43,0,11
BRDA:169,43,1,1
BRDA:180,44,0,0
BRDA:200,45,0,0
BRDA:223,46,0,7
BRDA:230,47,0,0
BRDA:254,48,0,5
BRDA:254,48,1,22
BRDA:256,49,0,0
BRDA:260,50,0,27
BRDA:260,50,1,27
BRDA:261,51,0,6
BRDA:261,51,1,21
BRDA:265,52,0,27
BRDA:265,52,1,25
BRDA:265,52,2,0
BRDA:268,53,0,3
BRDA:268,53,1,24
BRDA:270,54,0,2
BRDA:270,54,1,25
BRDA:271,55,0,0
BRDA:271,55,1,27
BRDA:272,56,0,0
BRDA:272,56,1,0
BRDA:277,57,0,0
BRDA:277,57,1,27
BRDA:277,58,0,27
BRDA:277,58,1,0
BRDA:278,59,0,27
BRDA:283,60,0,0
BRDA:283,60,1,27
BRDA:284,61,0,0
BRDA:284,61,1,0
BRDA:285,62,0,27
BRDA:285,62,1,27
BRDA:288,63,0,6
BRDA:288,63,1,21
BRDA:288,64,0,27
BRDA:288,64,1,23
BRDA:290,65,0,21
BRDA:290,65,1,0
BRDA:303,66,0,8
BRDA:303,66,1,8
BRDA:305,67,0,8
BRDA:305,67,1,8
BRDA:308,68,0,8
BRDA:308,68,1,8
BRDA:310,69,0,0
BRDA:310,69,1,8
BRDA:310,70,0,8
BRDA:310,70,1,0
BRDA:314,71,0,0
BRDA:314,71,1,8
BRDA:314,72,0,8
BRDA:314,72,1,0
BRDA:318,73,0,0
BRDA:318,73,1,8
BRDA:318,74,0,8
BRDA:318,74,1,8
BRDA:322,75,0,0
BRDA:322,75,1,8
BRDA:322,76,0,8
BRDA:322,76,1,0
BRDA:331,77,0,0
BRDA:333,78,0,0
BRDA:333,79,0,0
BRDA:333,79,1,0
BRDA:339,80,0,0
BRDA:339,81,0,5
BRDA:339,81,1,5
BRDA:341,82,0,0
BRDA:341,83,0,0
BRDA:341,83,1,0
BRDA:347,84,0,0
BRDA:347,85,0,5
BRDA:347,85,1,0
BRDA:349,86,0,0
BRDA:349,86,1,0
BRDA:349,87,0,0
BRDA:349,87,1,0
BRDA:353,88,0,0
BRDA:353,88,1,0
BRDA:353,88,2,0
BRDA:360,89,0,0
BRDA:360,89,1,0
BRDA:360,90,0,0
BRDA:360,90,1,0
BRDA:366,91,0,2
BRDA:371,92,0,3
BRDA:371,92,1,0
BRDA:378,93,0,0
BRDA:378,93,1,3
BRDA:378,94,0,3
BRDA:378,94,1,0
BRDA:390,95,0,0
BRDA:390,96,0,7
BRDA:390,96,1,0
BRDA:392,97,0,0
BRDA:392,97,1,0
BRDA:394,98,0,0
BRDA:403,99,0,7
BRF:176
BRH:101
end_of_record
TN:
SF:src/types.ts
FNF:0
FNH:0
DA:3,6
DA:42,6
DA:44,6
LF:3
LH:3
BRF:0
BRH:0
end_of_record
TN:
SF:src/view.ts
FN:19,clampPage
FN:24,setActiveNote
FN:29,(anonymous_2)
FN:34,populateForm
FN:50,renderNotesList
FN:54,(anonymous_5)
FN:84,(anonymous_6)
FN:85,(anonymous_7)
FN:91,(anonymous_8)
FN:123,(anonymous_9)
FN:133,(anonymous_10)
FN:160,(anonymous_11)
FN:184,restoreFormToState
FN:187,(anonymous_13)
FNF:14
FNH:10
FNDA:1,clampPage
FNDA:5,setActiveNote
FNDA:2,(anonymous_2)
FNDA:5,populateForm
FNDA:6,renderNotesList
FNDA:0,(anonymous_5)
FNDA:1,(anonymous_6)
FNDA:2,(anonymous_7)
FNDA:2,(anonymous_8)
FNDA:2,(anonymous_9)
FNDA:2,(anonymous_10)
FNDA:0,(anonymous_11)
FNDA:0,restoreFormToState
FNDA:0,(anonymous_13)
DA:1,4
DA:15,4
DA:16,4
DA:20,1
DA:21,1
DA:24,4
DA:25,5
DA:26,5
DA:27,5
DA:29,5
DA:30,2
DA:34,4
DA:35,5
DA:36,1
DA:37,1
DA:38,1
DA:39,1
DA:40,1
DA:42,4
DA:43,4
DA:44,4
DA:45,4
DA:46,4
DA:50,4
DA:51,6
DA:52,6
DA:53,6
DA:54,6
DA:56,6
DA:57,0
DA:60,6
DA:61,6
DA:62,6
DA:63,6
DA:64,6
DA:66,6
DA:67,1
DA:68,1
DA:69,1
DA:70,1
DA:73,6
DA:74,6
DA:75,6
DA:77,6
DA:78,6
DA:82,6
DA:84,1
DA:86,2
DA:87,0
DA:88,0
DA:89,0
DA:92,2
DA:93,0
DA:96,6
DA:98,6
DA:99,5
DA:100,5
DA:103,5
DA:104,5
DA:105,5
DA:108,1
DA:109,1
DA:111,1
DA:112,1
DA:114,1
DA:115,0
DA:118,1
DA:119,1
DA:121,1
DA:123,1
DA:124,2
DA:125,2
DA:126,2
DA:128,2
DA:129,2
DA:130,2
DA:132,2
DA:134,2
DA:135,2
DA:136,2
DA:137,2
DA:141,2
DA:142,2
DA:143,2
DA:145,2
DA:146,2
DA:147,2
DA:149,2
DA:151,2
DA:152,2
DA:153,2
DA:154,2
DA:155,2
DA:158,2
DA:160,2
DA:161,0
DA:162,0
DA:165,2
DA:166,1
DA:169,2
DA:172,1
DA:173,1
DA:174,1
DA:175,1
DA:176,1
DA:177,1
DA:179,0
DA:180,0
DA:184,4
DA:185,0
DA:186,0
DA:187,0
DA:188,0
DA:189,0
DA:190,0
DA:193,0
LF:116
LH:99
BRDA:20,0,0,0
BRDA:20,1,0,1
BRDA:20,1,1,1
BRDA:26,2,0,5
BRDA:26,2,1,4
BRDA:35,3,0,1
BRDA:35,3,1,4
BRDA:50,4,0,0
BRDA:56,5,0,0
BRDA:56,6,0,6
BRDA:56,6,1,0
BRDA:63,7,0,1
BRDA:63,7,1,5
BRDA:73,8,0,6
BRDA:73,8,1,6
BRDA:74,9,0,0
BRDA:74,9,1,6
BRDA:77,10,0,6
BRDA:77,10,1,6
BRDA:78,11,0,0
BRDA:78,11,1,6
BRDA:79,12,0,0
BRDA:79,12,1,0
BRDA:86,13,0,2
BRDA:89,14,0,0
BRDA:89,14,1,0
BRDA:92,15,0,2
BRDA:98,16,0,5
BRDA:100,17,0,0
BRDA:100,17,1,5
BRDA:114,18,0,0
BRDA:130,19,0,2
BRDA:130,19,1,0
BRDA:132,20,0,2
BRDA:132,20,1,0
BRDA:146,21,0,2
BRDA:151,22,0,2
BRDA:155,23,0,2
BRDA:155,23,1,0
BRDA:156,24,0,0
BRDA:156,24,1,2
BRDA:165,25,0,1
BRDA:175,26,0,1
BRDA:175,26,1,0
BRDA:186,27,0,0
BRDA:188,28,0,0
BRF:46
BRH:27
end_of_record
